<?xml version="1.0" encoding="utf-8"?>
<TestRun id="97c94bcd-3768-430c-9846-62fd53688b80" name="sferrari@PC-SFERRARI 2021-01-16 18:06:59" runUser="PC-SFERRARI\sferrari" xmlns="http://microsoft.com/schemas/VisualStudio/TeamTest/2010">
  <Times creation="2021-01-16T18:06:59.9160773+00:00" queuing="2021-01-16T18:06:59.9160773+00:00" start="2021-01-16T18:06:58.3490147+00:00" finish="2021-01-16T18:07:01.5318042+00:00" />
  <TestSettings name="default" id="eacad2fc-7342-4df2-a25b-34fd4ed8d97c">
    <Deployment runDeploymentRoot="sferrari_PC-SFERRARI_2021-01-16_18_06_59" />
  </TestSettings>
  <Results>
    <UnitTestResult executionId="7282e4b5-449c-4afa-9779-5f322a3c039a" testId="07d50dfb-3195-c832-23d2-97ae667f2010" testName="ToString_Passing_Valid_Collection_Returns_String_With_Default_Separator" computerName="PC-SFERRARI" duration="00:00:00.0003565" startTime="2021-01-16T18:07:00.3732113+00:00" endTime="2021-01-16T18:07:00.3737608+00:00" testType="13cdc9d9-ddb5-4fa4-a97d-d965ccfc6d4b" outcome="Passed" testListId="8c84fa94-04c1-424b-9868-57a2d4851a1d" relativeResultsDirectory="7282e4b5-449c-4afa-9779-5f322a3c039a" />
    <UnitTestResult executionId="401d3e62-97ef-4af6-bc63-3cfb6537de9c" testId="ac572b27-5286-68a4-5380-d7de82fbf69a" testName="ToFormat_Passing_ValidValueFormatWithArguments_Returns_ValueWithFormat" computerName="PC-SFERRARI" duration="00:00:00.0006160" startTime="2021-01-16T18:07:01.0137543+00:00" endTime="2021-01-16T18:07:01.0145642+00:00" testType="13cdc9d9-ddb5-4fa4-a97d-d965ccfc6d4b" outcome="Passed" testListId="8c84fa94-04c1-424b-9868-57a2d4851a1d" relativeResultsDirectory="401d3e62-97ef-4af6-bc63-3cfb6537de9c" />
    <UnitTestResult executionId="ead498bd-f52c-4129-bcab-69345dd0c5ec" testId="57d3cdd8-8268-9aa3-6f39-3cc0224b305c" testName="ToExists_Passing_Claims_Returns_True" computerName="PC-SFERRARI" duration="00:00:00.0022885" startTime="2021-01-16T18:07:00.1012160+00:00" endTime="2021-01-16T18:07:00.1036677+00:00" testType="13cdc9d9-ddb5-4fa4-a97d-d965ccfc6d4b" outcome="Passed" testListId="8c84fa94-04c1-424b-9868-57a2d4851a1d" relativeResultsDirectory="ead498bd-f52c-4129-bcab-69345dd0c5ec" />
    <UnitTestResult executionId="7f068899-f692-4350-8a60-60865f4af879" testId="98331ff8-6ed1-e7ba-c8dd-be5bd5b6cb2c" testName="ToEmailMask_Passing_ValidEmail_Returns_EmailWithMask" computerName="PC-SFERRARI" duration="00:00:00.0028962" startTime="2021-01-16T18:07:00.9792376+00:00" endTime="2021-01-16T18:07:00.9824404+00:00" testType="13cdc9d9-ddb5-4fa4-a97d-d965ccfc6d4b" outcome="Passed" testListId="8c84fa94-04c1-424b-9868-57a2d4851a1d" relativeResultsDirectory="7f068899-f692-4350-8a60-60865f4af879" resultType="DataDrivenTest">
      <InnerResults>
        <UnitTestResult executionId="e31fc0a9-0b28-40f2-a034-4c1677632f60" parentExecutionId="7f068899-f692-4350-8a60-60865f4af879" testId="98331ff8-6ed1-e7ba-c8dd-be5bd5b6cb2c" testName="ToEmailMask_Passing_ValidEmail_Returns_EmailWithMask (qaz@gmail.com,q-z@g----.com)" computerName="PC-SFERRARI" duration="00:00:00.0025349" startTime="2021-01-16T18:07:00.9792376+00:00" endTime="2021-01-16T18:07:00.9824404+00:00" testType="13cdc9d9-ddb5-4fa4-a97d-d965ccfc6d4b" outcome="Passed" testListId="8c84fa94-04c1-424b-9868-57a2d4851a1d" relativeResultsDirectory="e31fc0a9-0b28-40f2-a034-4c1677632f60" dataRowInfo="1" resultType="DataDrivenDataRow" />
        <UnitTestResult executionId="d55e9b1f-3fe4-4bd7-9bc5-581af7492cde" parentExecutionId="7f068899-f692-4350-8a60-60865f4af879" testId="98331ff8-6ed1-e7ba-c8dd-be5bd5b6cb2c" testName="ToEmailMask_Passing_ValidEmail_Returns_EmailWithMask (qazwsx@gmail.com,q----x@g----.com)" computerName="PC-SFERRARI" duration="00:00:00.0000318" startTime="2021-01-16T18:07:00.9792376+00:00" endTime="2021-01-16T18:07:00.9824404+00:00" testType="13cdc9d9-ddb5-4fa4-a97d-d965ccfc6d4b" outcome="Passed" testListId="8c84fa94-04c1-424b-9868-57a2d4851a1d" relativeResultsDirectory="d55e9b1f-3fe4-4bd7-9bc5-581af7492cde" dataRowInfo="2" resultType="DataDrivenDataRow" />
        <UnitTestResult executionId="65820cf9-0f11-4f92-9dd7-d4a9ecffca06" parentExecutionId="7f068899-f692-4350-8a60-60865f4af879" testId="98331ff8-6ed1-e7ba-c8dd-be5bd5b6cb2c" testName="ToEmailMask_Passing_ValidEmail_Returns_EmailWithMask (qazwsxedc@gmail.com,q-------c@g----.com)" computerName="PC-SFERRARI" duration="00:00:00.0000178" startTime="2021-01-16T18:07:00.9792376+00:00" endTime="2021-01-16T18:07:00.9824404+00:00" testType="13cdc9d9-ddb5-4fa4-a97d-d965ccfc6d4b" outcome="Passed" testListId="8c84fa94-04c1-424b-9868-57a2d4851a1d" relativeResultsDirectory="65820cf9-0f11-4f92-9dd7-d4a9ecffca06" dataRowInfo="3" resultType="DataDrivenDataRow" />
        <UnitTestResult executionId="c67f1e10-2445-44b5-828b-1d9bf8420ca4" parentExecutionId="7f068899-f692-4350-8a60-60865f4af879" testId="98331ff8-6ed1-e7ba-c8dd-be5bd5b6cb2c" testName="ToEmailMask_Passing_ValidEmail_Returns_EmailWithMask (qaz@gmailgmail.com,q-z@g---------.com)" computerName="PC-SFERRARI" duration="00:00:00.0000167" startTime="2021-01-16T18:07:00.9792376+00:00" endTime="2021-01-16T18:07:00.9824404+00:00" testType="13cdc9d9-ddb5-4fa4-a97d-d965ccfc6d4b" outcome="Passed" testListId="8c84fa94-04c1-424b-9868-57a2d4851a1d" relativeResultsDirectory="c67f1e10-2445-44b5-828b-1d9bf8420ca4" dataRowInfo="4" resultType="DataDrivenDataRow" />
        <UnitTestResult executionId="c1d3e112-376f-4836-b8d6-ba8677e83987" parentExecutionId="7f068899-f692-4350-8a60-60865f4af879" testId="98331ff8-6ed1-e7ba-c8dd-be5bd5b6cb2c" testName="ToEmailMask_Passing_ValidEmail_Returns_EmailWithMask (qazwsx@gmailgmail.com,q----x@g---------.com)" computerName="PC-SFERRARI" duration="00:00:00.0000195" startTime="2021-01-16T18:07:00.9792376+00:00" endTime="2021-01-16T18:07:00.9824404+00:00" testType="13cdc9d9-ddb5-4fa4-a97d-d965ccfc6d4b" outcome="Passed" testListId="8c84fa94-04c1-424b-9868-57a2d4851a1d" relativeResultsDirectory="c1d3e112-376f-4836-b8d6-ba8677e83987" dataRowInfo="5" resultType="DataDrivenDataRow" />
        <UnitTestResult executionId="d7dd1bc2-9ea4-4afd-b044-f38833fa1a5d" parentExecutionId="7f068899-f692-4350-8a60-60865f4af879" testId="98331ff8-6ed1-e7ba-c8dd-be5bd5b6cb2c" testName="ToEmailMask_Passing_ValidEmail_Returns_EmailWithMask (qazwsxedc@gmailgmail.com,q-------c@g---------.com)" computerName="PC-SFERRARI" duration="00:00:00.0000188" startTime="2021-01-16T18:07:00.9792376+00:00" endTime="2021-01-16T18:07:00.9824404+00:00" testType="13cdc9d9-ddb5-4fa4-a97d-d965ccfc6d4b" outcome="Passed" testListId="8c84fa94-04c1-424b-9868-57a2d4851a1d" relativeResultsDirectory="d7dd1bc2-9ea4-4afd-b044-f38833fa1a5d" dataRowInfo="6" resultType="DataDrivenDataRow" />
      </InnerResults>
    </UnitTestResult>
    <UnitTestResult executionId="0663dcc5-903a-426c-a16c-ef0efbb9b183" testId="447ced0a-6221-43ff-44ab-4ee12ee4d012" testName="IsDomain_Passing_ValidArguments_Returns_HasErrorsAndCount" computerName="PC-SFERRARI" duration="00:00:00.0004495" startTime="2021-01-16T18:06:59.9952958+00:00" endTime="2021-01-16T18:06:59.9959763+00:00" testType="13cdc9d9-ddb5-4fa4-a97d-d965ccfc6d4b" outcome="Passed" testListId="8c84fa94-04c1-424b-9868-57a2d4851a1d" relativeResultsDirectory="0663dcc5-903a-426c-a16c-ef0efbb9b183" />
    <UnitTestResult executionId="d0717552-6247-4c0b-8170-4a821dc61ddb" testId="b79ee054-2363-6600-c9a3-db00cdcc0f2c" testName="ResultUnauthorized" computerName="PC-SFERRARI" duration="00:00:00.0003758" startTime="2021-01-16T18:07:00.8418313+00:00" endTime="2021-01-16T18:07:00.8422933+00:00" testType="13cdc9d9-ddb5-4fa4-a97d-d965ccfc6d4b" outcome="Passed" testListId="8c84fa94-04c1-424b-9868-57a2d4851a1d" relativeResultsDirectory="d0717552-6247-4c0b-8170-4a821dc61ddb" />
    <UnitTestResult executionId="36e504b9-a328-4490-94f3-26d50a5dfa10" testId="d51ea295-e896-101a-6578-05ae772bcbfb" testName="ToIsSubdomainThrow_Passing_InvalidValue_Returns_ApplicationExceptionWithMessage" computerName="PC-SFERRARI" duration="00:00:00.0017483" startTime="2021-01-16T18:06:59.9643826+00:00" endTime="2021-01-16T18:06:59.9662358+00:00" testType="13cdc9d9-ddb5-4fa4-a97d-d965ccfc6d4b" outcome="Passed" testListId="8c84fa94-04c1-424b-9868-57a2d4851a1d" relativeResultsDirectory="36e504b9-a328-4490-94f3-26d50a5dfa10" resultType="DataDrivenTest">
      <InnerResults>
        <UnitTestResult executionId="ed789e26-a7b6-45fc-acf8-9dd9fad5b7af" parentExecutionId="36e504b9-a328-4490-94f3-26d50a5dfa10" testId="d51ea295-e896-101a-6578-05ae772bcbfb" testName="ToIsSubdomainThrow_Passing_InvalidValue_Returns_ApplicationExceptionWithMessage (dasdasd@dsasd.._ff)" computerName="PC-SFERRARI" duration="00:00:00.0014796" startTime="2021-01-16T18:06:59.9643826+00:00" endTime="2021-01-16T18:06:59.9662358+00:00" testType="13cdc9d9-ddb5-4fa4-a97d-d965ccfc6d4b" outcome="Passed" testListId="8c84fa94-04c1-424b-9868-57a2d4851a1d" relativeResultsDirectory="ed789e26-a7b6-45fc-acf8-9dd9fad5b7af" dataRowInfo="1" resultType="DataDrivenDataRow" />
        <UnitTestResult executionId="6a06d55a-48ec-4af0-b738-9ac6db358f57" parentExecutionId="36e504b9-a328-4490-94f3-26d50a5dfa10" testId="d51ea295-e896-101a-6578-05ae772bcbfb" testName="ToIsSubdomainThrow_Passing_InvalidValue_Returns_ApplicationExceptionWithMessage (34fsds@@sdd.f)" computerName="PC-SFERRARI" duration="00:00:00.0000568" startTime="2021-01-16T18:06:59.9643826+00:00" endTime="2021-01-16T18:06:59.9662358+00:00" testType="13cdc9d9-ddb5-4fa4-a97d-d965ccfc6d4b" outcome="Passed" testListId="8c84fa94-04c1-424b-9868-57a2d4851a1d" relativeResultsDirectory="6a06d55a-48ec-4af0-b738-9ac6db358f57" dataRowInfo="2" resultType="DataDrivenDataRow" />
        <UnitTestResult executionId="13263561-22a7-4ed3-906e-07e8c4be5464" parentExecutionId="36e504b9-a328-4490-94f3-26d50a5dfa10" testId="d51ea295-e896-101a-6578-05ae772bcbfb" testName="ToIsSubdomainThrow_Passing_InvalidValue_Returns_ApplicationExceptionWithMessage ()" computerName="PC-SFERRARI" duration="00:00:00.0000316" startTime="2021-01-16T18:06:59.9643826+00:00" endTime="2021-01-16T18:06:59.9662358+00:00" testType="13cdc9d9-ddb5-4fa4-a97d-d965ccfc6d4b" outcome="Passed" testListId="8c84fa94-04c1-424b-9868-57a2d4851a1d" relativeResultsDirectory="13263561-22a7-4ed3-906e-07e8c4be5464" dataRowInfo="3" resultType="DataDrivenDataRow" />
        <UnitTestResult executionId="c6244c12-068e-47d9-a51e-33ce64f33546" parentExecutionId="36e504b9-a328-4490-94f3-26d50a5dfa10" testId="d51ea295-e896-101a-6578-05ae772bcbfb" testName="ToIsSubdomainThrow_Passing_InvalidValue_Returns_ApplicationExceptionWithMessage ()" computerName="PC-SFERRARI" duration="00:00:00.0000264" startTime="2021-01-16T18:06:59.9643826+00:00" endTime="2021-01-16T18:06:59.9662358+00:00" testType="13cdc9d9-ddb5-4fa4-a97d-d965ccfc6d4b" outcome="Passed" testListId="8c84fa94-04c1-424b-9868-57a2d4851a1d" relativeResultsDirectory="c6244c12-068e-47d9-a51e-33ce64f33546" dataRowInfo="4" resultType="DataDrivenDataRow" />
        <UnitTestResult executionId="6a215751-e7ff-4c17-8d9e-fc6a8f233355" parentExecutionId="36e504b9-a328-4490-94f3-26d50a5dfa10" testId="d51ea295-e896-101a-6578-05ae772bcbfb" testName="ToIsSubdomainThrow_Passing_InvalidValue_Returns_ApplicationExceptionWithMessage (34?fsds@sdd.yy)" computerName="PC-SFERRARI" duration="00:00:00.0000319" startTime="2021-01-16T18:06:59.9643826+00:00" endTime="2021-01-16T18:06:59.9662358+00:00" testType="13cdc9d9-ddb5-4fa4-a97d-d965ccfc6d4b" outcome="Passed" testListId="8c84fa94-04c1-424b-9868-57a2d4851a1d" relativeResultsDirectory="6a215751-e7ff-4c17-8d9e-fc6a8f233355" dataRowInfo="5" resultType="DataDrivenDataRow" />
      </InnerResults>
    </UnitTestResult>
    <UnitTestResult executionId="73b7e186-790c-40d3-959e-2376c4fce819" testId="def94964-1ba4-f78f-2dac-38055bb04256" testName="ToIsEmailThrow_Passing_InvalidValue_Returns_ApplicationExceptionWithMessage" computerName="PC-SFERRARI" duration="00:00:00.0071825" startTime="2021-01-16T18:06:59.9421976+00:00" endTime="2021-01-16T18:06:59.9501712+00:00" testType="13cdc9d9-ddb5-4fa4-a97d-d965ccfc6d4b" outcome="Passed" testListId="8c84fa94-04c1-424b-9868-57a2d4851a1d" relativeResultsDirectory="73b7e186-790c-40d3-959e-2376c4fce819" resultType="DataDrivenTest">
      <InnerResults>
        <UnitTestResult executionId="79dabcb4-718a-4aa5-a9fc-87be7e19b06d" parentExecutionId="73b7e186-790c-40d3-959e-2376c4fce819" testId="def94964-1ba4-f78f-2dac-38055bb04256" testName="ToIsEmailThrow_Passing_InvalidValue_Returns_ApplicationExceptionWithMessage (dasdasd@dsasd.._ff)" computerName="PC-SFERRARI" duration="00:00:00.0049450" startTime="2021-01-16T18:06:59.9421976+00:00" endTime="2021-01-16T18:06:59.9501712+00:00" testType="13cdc9d9-ddb5-4fa4-a97d-d965ccfc6d4b" outcome="Passed" testListId="8c84fa94-04c1-424b-9868-57a2d4851a1d" relativeResultsDirectory="79dabcb4-718a-4aa5-a9fc-87be7e19b06d" dataRowInfo="1" resultType="DataDrivenDataRow" />
        <UnitTestResult executionId="94a42378-a909-4bcb-a043-f77f4430fc47" parentExecutionId="73b7e186-790c-40d3-959e-2376c4fce819" testId="def94964-1ba4-f78f-2dac-38055bb04256" testName="ToIsEmailThrow_Passing_InvalidValue_Returns_ApplicationExceptionWithMessage (34fsds@@sdd.f)" computerName="PC-SFERRARI" duration="00:00:00.0000769" startTime="2021-01-16T18:06:59.9421976+00:00" endTime="2021-01-16T18:06:59.9501712+00:00" testType="13cdc9d9-ddb5-4fa4-a97d-d965ccfc6d4b" outcome="Passed" testListId="8c84fa94-04c1-424b-9868-57a2d4851a1d" relativeResultsDirectory="94a42378-a909-4bcb-a043-f77f4430fc47" dataRowInfo="2" resultType="DataDrivenDataRow" />
        <UnitTestResult executionId="9be23d6a-4e46-49fc-a7e5-67f934702919" parentExecutionId="73b7e186-790c-40d3-959e-2376c4fce819" testId="def94964-1ba4-f78f-2dac-38055bb04256" testName="ToIsEmailThrow_Passing_InvalidValue_Returns_ApplicationExceptionWithMessage ()" computerName="PC-SFERRARI" duration="00:00:00.0000330" startTime="2021-01-16T18:06:59.9421976+00:00" endTime="2021-01-16T18:06:59.9501712+00:00" testType="13cdc9d9-ddb5-4fa4-a97d-d965ccfc6d4b" outcome="Passed" testListId="8c84fa94-04c1-424b-9868-57a2d4851a1d" relativeResultsDirectory="9be23d6a-4e46-49fc-a7e5-67f934702919" dataRowInfo="3" resultType="DataDrivenDataRow" />
        <UnitTestResult executionId="08ff988e-a71c-4ea6-9d6b-55eacbffbefe" parentExecutionId="73b7e186-790c-40d3-959e-2376c4fce819" testId="def94964-1ba4-f78f-2dac-38055bb04256" testName="ToIsEmailThrow_Passing_InvalidValue_Returns_ApplicationExceptionWithMessage ()" computerName="PC-SFERRARI" duration="00:00:00.0000255" startTime="2021-01-16T18:06:59.9421976+00:00" endTime="2021-01-16T18:06:59.9501712+00:00" testType="13cdc9d9-ddb5-4fa4-a97d-d965ccfc6d4b" outcome="Passed" testListId="8c84fa94-04c1-424b-9868-57a2d4851a1d" relativeResultsDirectory="08ff988e-a71c-4ea6-9d6b-55eacbffbefe" dataRowInfo="4" resultType="DataDrivenDataRow" />
        <UnitTestResult executionId="439f5caf-0266-433d-82e0-daab25b664fe" parentExecutionId="73b7e186-790c-40d3-959e-2376c4fce819" testId="def94964-1ba4-f78f-2dac-38055bb04256" testName="ToIsEmailThrow_Passing_InvalidValue_Returns_ApplicationExceptionWithMessage (34?fsds@sdd.yy)" computerName="PC-SFERRARI" duration="00:00:00.0000325" startTime="2021-01-16T18:06:59.9421976+00:00" endTime="2021-01-16T18:06:59.9501712+00:00" testType="13cdc9d9-ddb5-4fa4-a97d-d965ccfc6d4b" outcome="Passed" testListId="8c84fa94-04c1-424b-9868-57a2d4851a1d" relativeResultsDirectory="439f5caf-0266-433d-82e0-daab25b664fe" dataRowInfo="5" resultType="DataDrivenDataRow" />
      </InnerResults>
    </UnitTestResult>
    <UnitTestResult executionId="d4dad4f9-dc10-4685-ad5f-34bb9c3c40ca" testId="b048c16a-68b4-cdf3-3166-fb9613323b68" testName="ToDetails_Passing_HttpContext_WithOptionalData_Returns_Details_HttpContext" computerName="PC-SFERRARI" duration="00:00:00.0032495" startTime="2021-01-16T18:07:00.5059812+00:00" endTime="2021-01-16T18:07:00.5094187+00:00" testType="13cdc9d9-ddb5-4fa4-a97d-d965ccfc6d4b" outcome="Passed" testListId="8c84fa94-04c1-424b-9868-57a2d4851a1d" relativeResultsDirectory="d4dad4f9-dc10-4685-ad5f-34bb9c3c40ca" />
    <UnitTestResult executionId="587ec74c-7e96-4e6b-b0e8-66b4c931e026" testId="432377b9-b0ad-9a2a-6dc2-e1069e73c449" testName="ToDefaultValue_Passing_bool_Returns_Cero" computerName="PC-SFERRARI" duration="00:00:00.0009747" startTime="2021-01-16T18:07:00.4292473+00:00" endTime="2021-01-16T18:07:00.4303628+00:00" testType="13cdc9d9-ddb5-4fa4-a97d-d965ccfc6d4b" outcome="Passed" testListId="8c84fa94-04c1-424b-9868-57a2d4851a1d" relativeResultsDirectory="587ec74c-7e96-4e6b-b0e8-66b4c931e026" resultType="DataDrivenTest">
      <InnerResults>
        <UnitTestResult executionId="1e8e7986-afe0-4776-9e7f-51b20aeca6b0" parentExecutionId="587ec74c-7e96-4e6b-b0e8-66b4c931e026" testId="432377b9-b0ad-9a2a-6dc2-e1069e73c449" testName="ToDefaultValue_Passing_bool_Returns_Cero (True)" computerName="PC-SFERRARI" duration="00:00:00.0008857" startTime="2021-01-16T18:07:00.4292473+00:00" endTime="2021-01-16T18:07:00.4303628+00:00" testType="13cdc9d9-ddb5-4fa4-a97d-d965ccfc6d4b" outcome="Passed" testListId="8c84fa94-04c1-424b-9868-57a2d4851a1d" relativeResultsDirectory="1e8e7986-afe0-4776-9e7f-51b20aeca6b0" dataRowInfo="1" resultType="DataDrivenDataRow" />
      </InnerResults>
    </UnitTestResult>
    <UnitTestResult executionId="3863b90c-4ff6-41a0-bae3-1a28806ada0a" testId="98d4dd82-eb94-c060-7aeb-9b0a39f334fb" testName="ToIsLastDayOfTheMonth_Passing_LastDayOfMonth_Returns_True" computerName="PC-SFERRARI" duration="00:00:00.0006361" startTime="2021-01-16T18:07:00.3332234+00:00" endTime="2021-01-16T18:07:00.3340837+00:00" testType="13cdc9d9-ddb5-4fa4-a97d-d965ccfc6d4b" outcome="Passed" testListId="8c84fa94-04c1-424b-9868-57a2d4851a1d" relativeResultsDirectory="3863b90c-4ff6-41a0-bae3-1a28806ada0a" />
    <UnitTestResult executionId="5642c9e7-1b64-4c55-b059-cc05aad1a8dd" testId="04cb4b72-edc8-fe06-49e1-217ed503eff8" testName="ToDirectoryFindFilePath_Passing_ValidValue_Returns_FilePath" computerName="PC-SFERRARI" duration="00:00:00.0101034" startTime="2021-01-16T18:07:00.9246816+00:00" endTime="2021-01-16T18:07:00.9353309+00:00" testType="13cdc9d9-ddb5-4fa4-a97d-d965ccfc6d4b" outcome="Passed" testListId="8c84fa94-04c1-424b-9868-57a2d4851a1d" relativeResultsDirectory="5642c9e7-1b64-4c55-b059-cc05aad1a8dd" />
    <UnitTestResult executionId="bc0d2a9a-941f-44ad-8a10-467c3e5ff8f9" testId="0b1e4893-9444-2235-b7fa-3782f9932212" testName="ToService_Passing_Valid_Service_Returns_Service" computerName="PC-SFERRARI" duration="00:00:00.0004594" startTime="2021-01-16T18:07:00.2670534+00:00" endTime="2021-01-16T18:07:00.2675848+00:00" testType="13cdc9d9-ddb5-4fa4-a97d-d965ccfc6d4b" outcome="Passed" testListId="8c84fa94-04c1-424b-9868-57a2d4851a1d" relativeResultsDirectory="bc0d2a9a-941f-44ad-8a10-467c3e5ff8f9" />
    <UnitTestResult executionId="05a46f92-9b4a-4071-8e14-69c177f56346" testId="0ee8121e-b492-a57d-d072-de988a4e30f8" testName="ToMapNew_Passing_TDestination_Returns_New_Destination_Object" computerName="PC-SFERRARI" duration="00:00:00.0056564" startTime="2021-01-16T18:06:59.6553411+00:00" endTime="2021-01-16T18:06:59.6611194+00:00" testType="13cdc9d9-ddb5-4fa4-a97d-d965ccfc6d4b" outcome="Passed" testListId="8c84fa94-04c1-424b-9868-57a2d4851a1d" relativeResultsDirectory="05a46f92-9b4a-4071-8e14-69c177f56346" />
    <UnitTestResult executionId="8752bc93-859a-454a-bcc4-6f4b29067b50" testId="4d9bde6c-668c-a1d3-dc60-edcfc6a4082c" testName="IsLess_Passing_InvalidArguments_Returns_HasErrorsAndCount" computerName="PC-SFERRARI" duration="00:00:00.0018330" startTime="2021-01-16T18:07:00.0088016+00:00" endTime="2021-01-16T18:07:00.0107771+00:00" testType="13cdc9d9-ddb5-4fa4-a97d-d965ccfc6d4b" outcome="Passed" testListId="8c84fa94-04c1-424b-9868-57a2d4851a1d" relativeResultsDirectory="8752bc93-859a-454a-bcc4-6f4b29067b50" />
    <UnitTestResult executionId="7c58a0d2-ef81-4222-8b1d-a194da886807" testId="bf48e581-43e6-7660-c4f4-1b7deb1f0ed9" testName="ToConfiguration_Passing_Valid_DirectoryPath_Invalid_JsonFileName_Not_Optional_Returns_ApplicationException" computerName="PC-SFERRARI" duration="00:00:00.0029070" startTime="2021-01-16T18:07:00.1811976+00:00" endTime="2021-01-16T18:07:00.1842170+00:00" testType="13cdc9d9-ddb5-4fa4-a97d-d965ccfc6d4b" outcome="Passed" testListId="8c84fa94-04c1-424b-9868-57a2d4851a1d" relativeResultsDirectory="7c58a0d2-ef81-4222-8b1d-a194da886807" />
    <UnitTestResult executionId="9780e71a-8ff6-4a16-8306-1a9b0d55aef9" testId="d0b36a04-4127-30ad-3e5f-debee628dde9" testName="ResultDataInternalServerError" computerName="PC-SFERRARI" duration="00:00:00.0007183" startTime="2021-01-16T18:07:00.7845204+00:00" endTime="2021-01-16T18:07:00.7853692+00:00" testType="13cdc9d9-ddb5-4fa4-a97d-d965ccfc6d4b" outcome="Passed" testListId="8c84fa94-04c1-424b-9868-57a2d4851a1d" relativeResultsDirectory="9780e71a-8ff6-4a16-8306-1a9b0d55aef9" />
    <UnitTestResult executionId="cc60dd8d-43e7-4100-bcfe-401fa65212a7" testId="2799ef62-9686-0dc7-84d2-73639b0030f7" testName="ToInt_Passing_InvalidValueString_Returns_Null" computerName="PC-SFERRARI" duration="00:00:00.0004223" startTime="2021-01-16T18:07:01.0359727+00:00" endTime="2021-01-16T18:07:01.0366087+00:00" testType="13cdc9d9-ddb5-4fa4-a97d-d965ccfc6d4b" outcome="Passed" testListId="8c84fa94-04c1-424b-9868-57a2d4851a1d" relativeResultsDirectory="cc60dd8d-43e7-4100-bcfe-401fa65212a7" resultType="DataDrivenTest">
      <InnerResults>
        <UnitTestResult executionId="0f235924-4e50-49c1-82db-aa04b25a6980" parentExecutionId="cc60dd8d-43e7-4100-bcfe-401fa65212a7" testId="2799ef62-9686-0dc7-84d2-73639b0030f7" testName="ToInt_Passing_InvalidValueString_Returns_Null (1.3333)" computerName="PC-SFERRARI" duration="00:00:00.0002836" startTime="2021-01-16T18:07:01.0359727+00:00" endTime="2021-01-16T18:07:01.0366087+00:00" testType="13cdc9d9-ddb5-4fa4-a97d-d965ccfc6d4b" outcome="Passed" testListId="8c84fa94-04c1-424b-9868-57a2d4851a1d" relativeResultsDirectory="0f235924-4e50-49c1-82db-aa04b25a6980" dataRowInfo="1" resultType="DataDrivenDataRow" />
        <UnitTestResult executionId="17f5f769-57f4-4c91-b5f8-fdcb0a81e502" parentExecutionId="cc60dd8d-43e7-4100-bcfe-401fa65212a7" testId="2799ef62-9686-0dc7-84d2-73639b0030f7" testName="ToInt_Passing_InvalidValueString_Returns_Null (1,3333)" computerName="PC-SFERRARI" duration="00:00:00.0000057" startTime="2021-01-16T18:07:01.0359727+00:00" endTime="2021-01-16T18:07:01.0366087+00:00" testType="13cdc9d9-ddb5-4fa4-a97d-d965ccfc6d4b" outcome="Passed" testListId="8c84fa94-04c1-424b-9868-57a2d4851a1d" relativeResultsDirectory="17f5f769-57f4-4c91-b5f8-fdcb0a81e502" dataRowInfo="2" resultType="DataDrivenDataRow" />
        <UnitTestResult executionId="ed7bf0f2-0d10-4b9a-bbcc-ec37c9d4af94" parentExecutionId="cc60dd8d-43e7-4100-bcfe-401fa65212a7" testId="2799ef62-9686-0dc7-84d2-73639b0030f7" testName="ToInt_Passing_InvalidValueString_Returns_Null (1.333,39)" computerName="PC-SFERRARI" duration="00:00:00.0000037" startTime="2021-01-16T18:07:01.0359727+00:00" endTime="2021-01-16T18:07:01.0366087+00:00" testType="13cdc9d9-ddb5-4fa4-a97d-d965ccfc6d4b" outcome="Passed" testListId="8c84fa94-04c1-424b-9868-57a2d4851a1d" relativeResultsDirectory="ed7bf0f2-0d10-4b9a-bbcc-ec37c9d4af94" dataRowInfo="3" resultType="DataDrivenDataRow" />
        <UnitTestResult executionId="fe885419-7058-45f3-b642-4772166aa1c2" parentExecutionId="cc60dd8d-43e7-4100-bcfe-401fa65212a7" testId="2799ef62-9686-0dc7-84d2-73639b0030f7" testName="ToInt_Passing_InvalidValueString_Returns_Null (999999439293294392492349329493294)" computerName="PC-SFERRARI" duration="00:00:00.0000034" startTime="2021-01-16T18:07:01.0359727+00:00" endTime="2021-01-16T18:07:01.0366087+00:00" testType="13cdc9d9-ddb5-4fa4-a97d-d965ccfc6d4b" outcome="Passed" testListId="8c84fa94-04c1-424b-9868-57a2d4851a1d" relativeResultsDirectory="fe885419-7058-45f3-b642-4772166aa1c2" dataRowInfo="4" resultType="DataDrivenDataRow" />
        <UnitTestResult executionId="f03840a3-6321-4abf-ae87-8e797544e530" parentExecutionId="cc60dd8d-43e7-4100-bcfe-401fa65212a7" testId="2799ef62-9686-0dc7-84d2-73639b0030f7" testName="ToInt_Passing_InvalidValueString_Returns_Null (asdasdasdasd234324)" computerName="PC-SFERRARI" duration="00:00:00.0000030" startTime="2021-01-16T18:07:01.0359727+00:00" endTime="2021-01-16T18:07:01.0366087+00:00" testType="13cdc9d9-ddb5-4fa4-a97d-d965ccfc6d4b" outcome="Passed" testListId="8c84fa94-04c1-424b-9868-57a2d4851a1d" relativeResultsDirectory="f03840a3-6321-4abf-ae87-8e797544e530" dataRowInfo="5" resultType="DataDrivenDataRow" />
      </InnerResults>
    </UnitTestResult>
    <UnitTestResult executionId="dac83e7e-dfe7-4239-a218-961457db6cd1" testId="725d136c-3e7a-6e51-fc61-03203ffec0b5" testName="IsSubdomain_Passing_ValidArguments_Returns_HasErrorsAndCount" computerName="PC-SFERRARI" duration="00:00:00.0002715" startTime="2021-01-16T18:07:00.0277186+00:00" endTime="2021-01-16T18:07:00.0281103+00:00" testType="13cdc9d9-ddb5-4fa4-a97d-d965ccfc6d4b" outcome="Passed" testListId="8c84fa94-04c1-424b-9868-57a2d4851a1d" relativeResultsDirectory="dac83e7e-dfe7-4239-a218-961457db6cd1" />
    <UnitTestResult executionId="96e8f092-793e-4cd7-90a1-4f5e0d3d1758" testId="1c5fe271-1e90-52f5-1f31-436b17e57702" testName="IsGreater_Passing_InvalidArguments_Returns_HasErrorsAndCount" computerName="PC-SFERRARI" duration="00:00:00.0048763" startTime="2021-01-16T18:06:59.9995415+00:00" endTime="2021-01-16T18:07:00.0045365+00:00" testType="13cdc9d9-ddb5-4fa4-a97d-d965ccfc6d4b" outcome="Passed" testListId="8c84fa94-04c1-424b-9868-57a2d4851a1d" relativeResultsDirectory="96e8f092-793e-4cd7-90a1-4f5e0d3d1758" />
    <UnitTestResult executionId="69d8cf4c-9a1d-4e43-b272-6557c37b484b" testId="bb347f18-44ab-0d77-d5bd-a671e4c37650" testName="ToRemove_Passing_ValidValue_Returns_ValueWithoutRemovedChars" computerName="PC-SFERRARI" duration="00:00:00.0010001" startTime="2021-01-16T18:07:01.0654739+00:00" endTime="2021-01-16T18:07:01.0667255+00:00" testType="13cdc9d9-ddb5-4fa4-a97d-d965ccfc6d4b" outcome="Passed" testListId="8c84fa94-04c1-424b-9868-57a2d4851a1d" relativeResultsDirectory="69d8cf4c-9a1d-4e43-b272-6557c37b484b" resultType="DataDrivenTest">
      <InnerResults>
        <UnitTestResult executionId="c302942e-9bdc-4ad3-8586-f5013d0fca9c" parentExecutionId="69d8cf4c-9a1d-4e43-b272-6557c37b484b" testId="bb347f18-44ab-0d77-d5bd-a671e4c37650" testName="ToRemove_Passing_ValidValue_Returns_ValueWithoutRemovedChars ( *, ,*)" computerName="PC-SFERRARI" duration="00:00:00.0006104" startTime="2021-01-16T18:07:01.0654739+00:00" endTime="2021-01-16T18:07:01.0667255+00:00" testType="13cdc9d9-ddb5-4fa4-a97d-d965ccfc6d4b" outcome="Passed" testListId="8c84fa94-04c1-424b-9868-57a2d4851a1d" relativeResultsDirectory="c302942e-9bdc-4ad3-8586-f5013d0fca9c" dataRowInfo="1" resultType="DataDrivenDataRow" />
        <UnitTestResult executionId="9d50ceea-4015-4516-9ab6-3289f3d1b2db" parentExecutionId="69d8cf4c-9a1d-4e43-b272-6557c37b484b" testId="bb347f18-44ab-0d77-d5bd-a671e4c37650" testName="ToRemove_Passing_ValidValue_Returns_ValueWithoutRemovedChars (* , ,*)" computerName="PC-SFERRARI" duration="00:00:00.0000210" startTime="2021-01-16T18:07:01.0654739+00:00" endTime="2021-01-16T18:07:01.0667255+00:00" testType="13cdc9d9-ddb5-4fa4-a97d-d965ccfc6d4b" outcome="Passed" testListId="8c84fa94-04c1-424b-9868-57a2d4851a1d" relativeResultsDirectory="9d50ceea-4015-4516-9ab6-3289f3d1b2db" dataRowInfo="2" resultType="DataDrivenDataRow" />
        <UnitTestResult executionId="07b55152-7f4a-4fa1-be83-636be10f0d75" parentExecutionId="69d8cf4c-9a1d-4e43-b272-6557c37b484b" testId="bb347f18-44ab-0d77-d5bd-a671e4c37650" testName="ToRemove_Passing_ValidValue_Returns_ValueWithoutRemovedChars ( * , ,*)" computerName="PC-SFERRARI" duration="00:00:00.0000090" startTime="2021-01-16T18:07:01.0654739+00:00" endTime="2021-01-16T18:07:01.0667255+00:00" testType="13cdc9d9-ddb5-4fa4-a97d-d965ccfc6d4b" outcome="Passed" testListId="8c84fa94-04c1-424b-9868-57a2d4851a1d" relativeResultsDirectory="07b55152-7f4a-4fa1-be83-636be10f0d75" dataRowInfo="3" resultType="DataDrivenDataRow" />
        <UnitTestResult executionId="1bb37f2a-360c-4149-9954-5f1092636d9a" parentExecutionId="69d8cf4c-9a1d-4e43-b272-6557c37b484b" testId="bb347f18-44ab-0d77-d5bd-a671e4c37650" testName="ToRemove_Passing_ValidValue_Returns_ValueWithoutRemovedChars (hello hello, ,hellohello)" computerName="PC-SFERRARI" duration="00:00:00.0000093" startTime="2021-01-16T18:07:01.0654739+00:00" endTime="2021-01-16T18:07:01.0667255+00:00" testType="13cdc9d9-ddb5-4fa4-a97d-d965ccfc6d4b" outcome="Passed" testListId="8c84fa94-04c1-424b-9868-57a2d4851a1d" relativeResultsDirectory="1bb37f2a-360c-4149-9954-5f1092636d9a" dataRowInfo="4" resultType="DataDrivenDataRow" />
        <UnitTestResult executionId="efacdd0a-a959-4e5f-8fd1-924a4517d725" parentExecutionId="69d8cf4c-9a1d-4e43-b272-6557c37b484b" testId="bb347f18-44ab-0d77-d5bd-a671e4c37650" testName="ToRemove_Passing_ValidValue_Returns_ValueWithoutRemovedChars (hello hello , ,hellohello)" computerName="PC-SFERRARI" duration="00:00:00.0000081" startTime="2021-01-16T18:07:01.0654739+00:00" endTime="2021-01-16T18:07:01.0667255+00:00" testType="13cdc9d9-ddb5-4fa4-a97d-d965ccfc6d4b" outcome="Passed" testListId="8c84fa94-04c1-424b-9868-57a2d4851a1d" relativeResultsDirectory="efacdd0a-a959-4e5f-8fd1-924a4517d725" dataRowInfo="5" resultType="DataDrivenDataRow" />
        <UnitTestResult executionId="72d6df44-fc4b-4a9e-a389-24df1223f660" parentExecutionId="69d8cf4c-9a1d-4e43-b272-6557c37b484b" testId="bb347f18-44ab-0d77-d5bd-a671e4c37650" testName="ToRemove_Passing_ValidValue_Returns_ValueWithoutRemovedChars ( hello hello , ,hellohello)" computerName="PC-SFERRARI" duration="00:00:00.0000082" startTime="2021-01-16T18:07:01.0654739+00:00" endTime="2021-01-16T18:07:01.0667255+00:00" testType="13cdc9d9-ddb5-4fa4-a97d-d965ccfc6d4b" outcome="Passed" testListId="8c84fa94-04c1-424b-9868-57a2d4851a1d" relativeResultsDirectory="72d6df44-fc4b-4a9e-a389-24df1223f660" dataRowInfo="6" resultType="DataDrivenDataRow" />
        <UnitTestResult executionId="60886373-d784-423d-8c6e-751b03d46a96" parentExecutionId="69d8cf4c-9a1d-4e43-b272-6557c37b484b" testId="bb347f18-44ab-0d77-d5bd-a671e4c37650" testName="ToRemove_Passing_ValidValue_Returns_ValueWithoutRemovedChars (aeiou,a,eiou)" computerName="PC-SFERRARI" duration="00:00:00.0000073" startTime="2021-01-16T18:07:01.0654739+00:00" endTime="2021-01-16T18:07:01.0667255+00:00" testType="13cdc9d9-ddb5-4fa4-a97d-d965ccfc6d4b" outcome="Passed" testListId="8c84fa94-04c1-424b-9868-57a2d4851a1d" relativeResultsDirectory="60886373-d784-423d-8c6e-751b03d46a96" dataRowInfo="7" resultType="DataDrivenDataRow" />
        <UnitTestResult executionId="662f77de-71fd-4649-b718-3bdef5c772aa" parentExecutionId="69d8cf4c-9a1d-4e43-b272-6557c37b484b" testId="bb347f18-44ab-0d77-d5bd-a671e4c37650" testName="ToRemove_Passing_ValidValue_Returns_ValueWithoutRemovedChars (aeiou,ae,iou)" computerName="PC-SFERRARI" duration="00:00:00.0000073" startTime="2021-01-16T18:07:01.0654739+00:00" endTime="2021-01-16T18:07:01.0667255+00:00" testType="13cdc9d9-ddb5-4fa4-a97d-d965ccfc6d4b" outcome="Passed" testListId="8c84fa94-04c1-424b-9868-57a2d4851a1d" relativeResultsDirectory="662f77de-71fd-4649-b718-3bdef5c772aa" dataRowInfo="8" resultType="DataDrivenDataRow" />
        <UnitTestResult executionId="24433a32-5a26-4d23-a382-83349c0410be" parentExecutionId="69d8cf4c-9a1d-4e43-b272-6557c37b484b" testId="bb347f18-44ab-0d77-d5bd-a671e4c37650" testName="ToRemove_Passing_ValidValue_Returns_ValueWithoutRemovedChars (aeiou,aei,ou)" computerName="PC-SFERRARI" duration="00:00:00.0000233" startTime="2021-01-16T18:07:01.0654739+00:00" endTime="2021-01-16T18:07:01.0667255+00:00" testType="13cdc9d9-ddb5-4fa4-a97d-d965ccfc6d4b" outcome="Passed" testListId="8c84fa94-04c1-424b-9868-57a2d4851a1d" relativeResultsDirectory="24433a32-5a26-4d23-a382-83349c0410be" dataRowInfo="9" resultType="DataDrivenDataRow" />
        <UnitTestResult executionId="65013c9e-22e9-4fbd-a94c-f0454e6f752b" parentExecutionId="69d8cf4c-9a1d-4e43-b272-6557c37b484b" testId="bb347f18-44ab-0d77-d5bd-a671e4c37650" testName="ToRemove_Passing_ValidValue_Returns_ValueWithoutRemovedChars (aeiou,aeio,u)" computerName="PC-SFERRARI" duration="00:00:00.0000076" startTime="2021-01-16T18:07:01.0654739+00:00" endTime="2021-01-16T18:07:01.0667255+00:00" testType="13cdc9d9-ddb5-4fa4-a97d-d965ccfc6d4b" outcome="Passed" testListId="8c84fa94-04c1-424b-9868-57a2d4851a1d" relativeResultsDirectory="65013c9e-22e9-4fbd-a94c-f0454e6f752b" dataRowInfo="10" resultType="DataDrivenDataRow" />
        <UnitTestResult executionId="1b08b7d2-7775-4777-974a-4c8296f99da5" parentExecutionId="69d8cf4c-9a1d-4e43-b272-6557c37b484b" testId="bb347f18-44ab-0d77-d5bd-a671e4c37650" testName="ToRemove_Passing_ValidValue_Returns_ValueWithoutRemovedChars (aeiou,aeiou,)" computerName="PC-SFERRARI" duration="00:00:00.0000069" startTime="2021-01-16T18:07:01.0654739+00:00" endTime="2021-01-16T18:07:01.0667255+00:00" testType="13cdc9d9-ddb5-4fa4-a97d-d965ccfc6d4b" outcome="Passed" testListId="8c84fa94-04c1-424b-9868-57a2d4851a1d" relativeResultsDirectory="1b08b7d2-7775-4777-974a-4c8296f99da5" dataRowInfo="11" resultType="DataDrivenDataRow" />
        <UnitTestResult executionId="bab55918-d899-4d78-9528-10cb1fdf3087" parentExecutionId="69d8cf4c-9a1d-4e43-b272-6557c37b484b" testId="bb347f18-44ab-0d77-d5bd-a671e4c37650" testName="ToRemove_Passing_ValidValue_Returns_ValueWithoutRemovedChars (aeiou,e,aiou)" computerName="PC-SFERRARI" duration="00:00:00.0000077" startTime="2021-01-16T18:07:01.0654739+00:00" endTime="2021-01-16T18:07:01.0667255+00:00" testType="13cdc9d9-ddb5-4fa4-a97d-d965ccfc6d4b" outcome="Passed" testListId="8c84fa94-04c1-424b-9868-57a2d4851a1d" relativeResultsDirectory="bab55918-d899-4d78-9528-10cb1fdf3087" dataRowInfo="12" resultType="DataDrivenDataRow" />
        <UnitTestResult executionId="835c08e8-fc2b-4795-b47a-e1924859dbee" parentExecutionId="69d8cf4c-9a1d-4e43-b272-6557c37b484b" testId="bb347f18-44ab-0d77-d5bd-a671e4c37650" testName="ToRemove_Passing_ValidValue_Returns_ValueWithoutRemovedChars (aeiou,ei,aou)" computerName="PC-SFERRARI" duration="00:00:00.0000073" startTime="2021-01-16T18:07:01.0654739+00:00" endTime="2021-01-16T18:07:01.0667255+00:00" testType="13cdc9d9-ddb5-4fa4-a97d-d965ccfc6d4b" outcome="Passed" testListId="8c84fa94-04c1-424b-9868-57a2d4851a1d" relativeResultsDirectory="835c08e8-fc2b-4795-b47a-e1924859dbee" dataRowInfo="13" resultType="DataDrivenDataRow" />
      </InnerResults>
    </UnitTestResult>
    <UnitTestResult executionId="f5bff066-1e53-4f2d-9ea7-ecf0915aca62" testId="1761ee10-7c34-b565-b889-1885bffe91c3" testName="ToSetTime_Passing_Time_Int_Returns_DateTime" computerName="PC-SFERRARI" duration="00:00:00.0004600" startTime="2021-01-16T18:07:00.3553787+00:00" endTime="2021-01-16T18:07:00.3559450+00:00" testType="13cdc9d9-ddb5-4fa4-a97d-d965ccfc6d4b" outcome="Passed" testListId="8c84fa94-04c1-424b-9868-57a2d4851a1d" relativeResultsDirectory="f5bff066-1e53-4f2d-9ea7-ecf0915aca62" />
    <UnitTestResult executionId="ba76fa7a-3b50-4bd5-88fc-a8dda121fca6" testId="313cfb2c-8c3b-337b-12f8-296f8611376d" testName="ToConfigureOrDefault_Passing_ActionCustomValues_Returns_CustomValues" computerName="PC-SFERRARI" duration="00:00:00.0121262" startTime="2021-01-16T18:06:59.1823651+00:00" endTime="2021-01-16T18:06:59.2931800+00:00" testType="13cdc9d9-ddb5-4fa4-a97d-d965ccfc6d4b" outcome="Passed" testListId="8c84fa94-04c1-424b-9868-57a2d4851a1d" relativeResultsDirectory="ba76fa7a-3b50-4bd5-88fc-a8dda121fca6" />
    <UnitTestResult executionId="0cf57ed3-95cb-43e8-b540-0ce101c08831" testId="64bc1554-814c-3c40-a6b0-679b40b89c36" testName="ToExists_Passing_Valid_Service_Returns_True" computerName="PC-SFERRARI" duration="00:00:00.0003952" startTime="2021-01-16T18:06:59.9103888+00:00" endTime="2021-01-16T18:06:59.9108551+00:00" testType="13cdc9d9-ddb5-4fa4-a97d-d965ccfc6d4b" outcome="Passed" testListId="8c84fa94-04c1-424b-9868-57a2d4851a1d" relativeResultsDirectory="0cf57ed3-95cb-43e8-b540-0ce101c08831" />
    <UnitTestResult executionId="1a582c43-fa5d-47b3-b677-841fcf337acb" testId="859b5acf-9d8b-7620-f96f-ba83c1545a71" testName="ResultOkData_WithData_WithMessage_WithDetails" computerName="PC-SFERRARI" duration="00:00:00.0067676" startTime="2021-01-16T18:07:00.8342285+00:00" endTime="2021-01-16T18:07:00.8411516+00:00" testType="13cdc9d9-ddb5-4fa4-a97d-d965ccfc6d4b" outcome="Passed" testListId="8c84fa94-04c1-424b-9868-57a2d4851a1d" relativeResultsDirectory="1a582c43-fa5d-47b3-b677-841fcf337acb" />
    <UnitTestResult executionId="02acbd4a-865d-43ce-8a72-3ec2a2c85864" testId="eb3fbb45-8257-f4b8-0975-042f859a72bf" testName="ToDictionaryPropertyInfo_Passing_Object_Not_IncludeNullOrEmptyProperty_Returns_Properties_NameAndValue_Dictionary" computerName="PC-SFERRARI" duration="00:00:00.0007880" startTime="2021-01-16T18:07:00.4546359+00:00" endTime="2021-01-16T18:07:00.4555807+00:00" testType="13cdc9d9-ddb5-4fa4-a97d-d965ccfc6d4b" outcome="Passed" testListId="8c84fa94-04c1-424b-9868-57a2d4851a1d" relativeResultsDirectory="02acbd4a-865d-43ce-8a72-3ec2a2c85864" />
    <UnitTestResult executionId="466571d9-03c0-46e4-8e25-0befb6e595c5" testId="d5506b30-7041-6d90-bd03-bcd5b2479c40" testName="ToHashAlgorithmName_Passing_InvalidValueLowerCaseStringWithDefaultValue_Returns_DefaultValue" computerName="PC-SFERRARI" duration="00:00:00.0011070" startTime="2021-01-16T18:07:01.0145903+00:00" endTime="2021-01-16T18:07:01.0157837+00:00" testType="13cdc9d9-ddb5-4fa4-a97d-d965ccfc6d4b" outcome="Passed" testListId="8c84fa94-04c1-424b-9868-57a2d4851a1d" relativeResultsDirectory="466571d9-03c0-46e4-8e25-0befb6e595c5" resultType="DataDrivenTest">
      <InnerResults>
        <UnitTestResult executionId="90d1eedf-6546-4e48-8665-54006ca17c16" parentExecutionId="466571d9-03c0-46e4-8e25-0befb6e595c5" testId="d5506b30-7041-6d90-bd03-bcd5b2479c40" testName="ToHashAlgorithmName_Passing_InvalidValueLowerCaseStringWithDefaultValue_Returns_DefaultValue (md5)" computerName="PC-SFERRARI" duration="00:00:00.0010650" startTime="2021-01-16T18:07:01.0145903+00:00" endTime="2021-01-16T18:07:01.0157837+00:00" testType="13cdc9d9-ddb5-4fa4-a97d-d965ccfc6d4b" outcome="Passed" testListId="8c84fa94-04c1-424b-9868-57a2d4851a1d" relativeResultsDirectory="90d1eedf-6546-4e48-8665-54006ca17c16" dataRowInfo="1" resultType="DataDrivenDataRow" />
      </InnerResults>
    </UnitTestResult>
    <UnitTestResult executionId="478067a2-2434-4eb7-b613-a0d993253ffe" testId="6088101f-62c5-69c8-6751-05523b132d06" testName="CreateAndVerifySHA512_Passing_Valid_Arguments_Returns_True" computerName="PC-SFERRARI" duration="00:00:00.0012496" startTime="2021-01-16T18:07:00.4697652+00:00" endTime="2021-01-16T18:07:00.4712156+00:00" testType="13cdc9d9-ddb5-4fa4-a97d-d965ccfc6d4b" outcome="Passed" testListId="8c84fa94-04c1-424b-9868-57a2d4851a1d" relativeResultsDirectory="478067a2-2434-4eb7-b613-a0d993253ffe" resultType="DataDrivenTest">
      <InnerResults>
        <UnitTestResult executionId="c7d153b6-3434-45d9-aaf4-0ddceb64a4ef" parentExecutionId="478067a2-2434-4eb7-b613-a0d993253ffe" testId="6088101f-62c5-69c8-6751-05523b132d06" testName="CreateAndVerifySHA512_Passing_Valid_Arguments_Returns_True (Password)" computerName="PC-SFERRARI" duration="00:00:00.0010158" startTime="2021-01-16T18:07:00.4697652+00:00" endTime="2021-01-16T18:07:00.4712156+00:00" testType="13cdc9d9-ddb5-4fa4-a97d-d965ccfc6d4b" outcome="Passed" testListId="8c84fa94-04c1-424b-9868-57a2d4851a1d" relativeResultsDirectory="c7d153b6-3434-45d9-aaf4-0ddceb64a4ef" dataRowInfo="1" resultType="DataDrivenDataRow" />
        <UnitTestResult executionId="dabfb924-813a-4eb9-8447-5f9b5ba22a4b" parentExecutionId="478067a2-2434-4eb7-b613-a0d993253ffe" testId="6088101f-62c5-69c8-6751-05523b132d06" testName="CreateAndVerifySHA512_Passing_Valid_Arguments_Returns_True (HashTests)" computerName="PC-SFERRARI" duration="00:00:00.0000600" startTime="2021-01-16T18:07:00.4697652+00:00" endTime="2021-01-16T18:07:00.4712156+00:00" testType="13cdc9d9-ddb5-4fa4-a97d-d965ccfc6d4b" outcome="Passed" testListId="8c84fa94-04c1-424b-9868-57a2d4851a1d" relativeResultsDirectory="dabfb924-813a-4eb9-8447-5f9b5ba22a4b" dataRowInfo="2" resultType="DataDrivenDataRow" />
        <UnitTestResult executionId="2a0103a8-8ef9-4d49-b7ee-ed1255157f41" parentExecutionId="478067a2-2434-4eb7-b613-a0d993253ffe" testId="6088101f-62c5-69c8-6751-05523b132d06" testName="CreateAndVerifySHA512_Passing_Valid_Arguments_Returns_True (sdlfkjldsfksdfñl·%$·&amp;$/U&amp;/)(&amp;()?=)¿?^P*^PÑL,.,.lñ´ñ+98098'098098)" computerName="PC-SFERRARI" duration="00:00:00.0000371" startTime="2021-01-16T18:07:00.4697652+00:00" endTime="2021-01-16T18:07:00.4712156+00:00" testType="13cdc9d9-ddb5-4fa4-a97d-d965ccfc6d4b" outcome="Passed" testListId="8c84fa94-04c1-424b-9868-57a2d4851a1d" relativeResultsDirectory="2a0103a8-8ef9-4d49-b7ee-ed1255157f41" dataRowInfo="3" resultType="DataDrivenDataRow" />
      </InnerResults>
    </UnitTestResult>
    <UnitTestResult executionId="702308ae-d0eb-4f06-aaa6-86d575373ebc" testId="481343f9-3ff3-548f-0c6c-41599cf65802" testName="CreateRandom_WithDefaultAllowableCharacters_Passing_ValidArguments_Returns_String_Random_Value" computerName="PC-SFERRARI" duration="00:00:00.0003560" startTime="2021-01-16T18:07:00.4775460+00:00" endTime="2021-01-16T18:07:00.4780838+00:00" testType="13cdc9d9-ddb5-4fa4-a97d-d965ccfc6d4b" outcome="Passed" testListId="8c84fa94-04c1-424b-9868-57a2d4851a1d" relativeResultsDirectory="702308ae-d0eb-4f06-aaa6-86d575373ebc" resultType="DataDrivenTest">
      <InnerResults>
        <UnitTestResult executionId="2605b130-000b-4581-b021-17af5d1a7571" parentExecutionId="702308ae-d0eb-4f06-aaa6-86d575373ebc" testId="481343f9-3ff3-548f-0c6c-41599cf65802" testName="CreateRandom_WithDefaultAllowableCharacters_Passing_ValidArguments_Returns_String_Random_Value (5)" computerName="PC-SFERRARI" duration="00:00:00.0002454" startTime="2021-01-16T18:07:00.4775460+00:00" endTime="2021-01-16T18:07:00.4780838+00:00" testType="13cdc9d9-ddb5-4fa4-a97d-d965ccfc6d4b" outcome="Passed" testListId="8c84fa94-04c1-424b-9868-57a2d4851a1d" relativeResultsDirectory="2605b130-000b-4581-b021-17af5d1a7571" dataRowInfo="1" resultType="DataDrivenDataRow" />
        <UnitTestResult executionId="ae34005e-446f-45a9-ae21-bdb22890e4f2" parentExecutionId="702308ae-d0eb-4f06-aaa6-86d575373ebc" testId="481343f9-3ff3-548f-0c6c-41599cf65802" testName="CreateRandom_WithDefaultAllowableCharacters_Passing_ValidArguments_Returns_String_Random_Value (10)" computerName="PC-SFERRARI" duration="00:00:00.0000096" startTime="2021-01-16T18:07:00.4775460+00:00" endTime="2021-01-16T18:07:00.4780838+00:00" testType="13cdc9d9-ddb5-4fa4-a97d-d965ccfc6d4b" outcome="Passed" testListId="8c84fa94-04c1-424b-9868-57a2d4851a1d" relativeResultsDirectory="ae34005e-446f-45a9-ae21-bdb22890e4f2" dataRowInfo="2" resultType="DataDrivenDataRow" />
        <UnitTestResult executionId="282e9ce4-120b-432e-8093-e21a709c09a8" parentExecutionId="702308ae-d0eb-4f06-aaa6-86d575373ebc" testId="481343f9-3ff3-548f-0c6c-41599cf65802" testName="CreateRandom_WithDefaultAllowableCharacters_Passing_ValidArguments_Returns_String_Random_Value (20)" computerName="PC-SFERRARI" duration="00:00:00.0000065" startTime="2021-01-16T18:07:00.4775460+00:00" endTime="2021-01-16T18:07:00.4780838+00:00" testType="13cdc9d9-ddb5-4fa4-a97d-d965ccfc6d4b" outcome="Passed" testListId="8c84fa94-04c1-424b-9868-57a2d4851a1d" relativeResultsDirectory="282e9ce4-120b-432e-8093-e21a709c09a8" dataRowInfo="3" resultType="DataDrivenDataRow" />
      </InnerResults>
    </UnitTestResult>
    <UnitTestResult executionId="24b29550-21f5-4a36-998f-a65d69bb5b08" testId="17a38df3-33e0-71ac-f8cb-dcdd3ade7269" testName="ToDefaultValue_Passing_char_Returns_Cero" computerName="PC-SFERRARI" duration="00:00:00.0004239" startTime="2021-01-16T18:07:00.4311486+00:00" endTime="2021-01-16T18:07:00.4316858+00:00" testType="13cdc9d9-ddb5-4fa4-a97d-d965ccfc6d4b" outcome="Passed" testListId="8c84fa94-04c1-424b-9868-57a2d4851a1d" relativeResultsDirectory="24b29550-21f5-4a36-998f-a65d69bb5b08" resultType="DataDrivenTest">
      <InnerResults>
        <UnitTestResult executionId="599de17f-1007-46d1-931f-98f3cd93457b" parentExecutionId="24b29550-21f5-4a36-998f-a65d69bb5b08" testId="17a38df3-33e0-71ac-f8cb-dcdd3ade7269" testName="ToDefaultValue_Passing_char_Returns_Cero (*)" computerName="PC-SFERRARI" duration="00:00:00.0003637" startTime="2021-01-16T18:07:00.4311486+00:00" endTime="2021-01-16T18:07:00.4316858+00:00" testType="13cdc9d9-ddb5-4fa4-a97d-d965ccfc6d4b" outcome="Passed" testListId="8c84fa94-04c1-424b-9868-57a2d4851a1d" relativeResultsDirectory="599de17f-1007-46d1-931f-98f3cd93457b" dataRowInfo="1" resultType="DataDrivenDataRow" />
      </InnerResults>
    </UnitTestResult>
    <UnitTestResult executionId="4f454d39-778e-4da0-84a0-7c8ff244a264" testId="ae09f98c-257a-b9e5-5b0b-16344b7adf1c" testName="ToInt_Passing_ValidValueString_Returns_Int" computerName="PC-SFERRARI" duration="00:00:00.0002460" startTime="2021-01-16T18:07:01.0366668+00:00" endTime="2021-01-16T18:07:01.0370081+00:00" testType="13cdc9d9-ddb5-4fa4-a97d-d965ccfc6d4b" outcome="Passed" testListId="8c84fa94-04c1-424b-9868-57a2d4851a1d" relativeResultsDirectory="4f454d39-778e-4da0-84a0-7c8ff244a264" resultType="DataDrivenTest">
      <InnerResults>
        <UnitTestResult executionId="afaf5c9e-7e75-461f-9fb6-66dff30dae89" parentExecutionId="4f454d39-778e-4da0-84a0-7c8ff244a264" testId="ae09f98c-257a-b9e5-5b0b-16344b7adf1c" testName="ToInt_Passing_ValidValueString_Returns_Int (1234567890)" computerName="PC-SFERRARI" duration="00:00:00.0002042" startTime="2021-01-16T18:07:01.0366668+00:00" endTime="2021-01-16T18:07:01.0370081+00:00" testType="13cdc9d9-ddb5-4fa4-a97d-d965ccfc6d4b" outcome="Passed" testListId="8c84fa94-04c1-424b-9868-57a2d4851a1d" relativeResultsDirectory="afaf5c9e-7e75-461f-9fb6-66dff30dae89" dataRowInfo="1" resultType="DataDrivenDataRow" />
      </InnerResults>
    </UnitTestResult>
    <UnitTestResult executionId="b5a8c3ce-376c-4d19-9705-65454a9979b0" testId="e9b23f0c-0cde-4603-1739-ee642fd33c36" testName="ToSubdomain_Passing_HttpRequest_Host_Returns_Subdomain" computerName="PC-SFERRARI" duration="00:00:00.0128260" startTime="2021-01-16T18:07:00.5674747+00:00" endTime="2021-01-16T18:07:00.5805014+00:00" testType="13cdc9d9-ddb5-4fa4-a97d-d965ccfc6d4b" outcome="Passed" testListId="8c84fa94-04c1-424b-9868-57a2d4851a1d" relativeResultsDirectory="b5a8c3ce-376c-4d19-9705-65454a9979b0" />
    <UnitTestResult executionId="6d1a4a71-b8cb-4449-822a-c5ea2518865b" testId="71a1897b-b713-c047-1c23-5efdff095b20" testName="ToMapUpdate_Passing_Destination_Object_Returns_Updated_Destination_Object" computerName="PC-SFERRARI" duration="00:00:00.0028214" startTime="2021-01-16T18:06:59.6617334+00:00" endTime="2021-01-16T18:06:59.6646765+00:00" testType="13cdc9d9-ddb5-4fa4-a97d-d965ccfc6d4b" outcome="Passed" testListId="8c84fa94-04c1-424b-9868-57a2d4851a1d" relativeResultsDirectory="6d1a4a71-b8cb-4449-822a-c5ea2518865b" />
    <UnitTestResult executionId="ac4480a3-35c9-4915-9884-43c89fffd299" testId="19a313ce-6632-bd6f-bb7e-c2dc7bcf20eb" testName="ToDefaultValue_Passing_sbyte_Returns_Cero" computerName="PC-SFERRARI" duration="00:00:00.0004206" startTime="2021-01-16T18:07:00.4396850+00:00" endTime="2021-01-16T18:07:00.4402248+00:00" testType="13cdc9d9-ddb5-4fa4-a97d-d965ccfc6d4b" outcome="Passed" testListId="8c84fa94-04c1-424b-9868-57a2d4851a1d" relativeResultsDirectory="ac4480a3-35c9-4915-9884-43c89fffd299" resultType="DataDrivenTest">
      <InnerResults>
        <UnitTestResult executionId="07d513c3-3dde-47e5-ba87-3676030b6157" parentExecutionId="ac4480a3-35c9-4915-9884-43c89fffd299" testId="19a313ce-6632-bd6f-bb7e-c2dc7bcf20eb" testName="ToDefaultValue_Passing_sbyte_Returns_Cero (127)" computerName="PC-SFERRARI" duration="00:00:00.0003547" startTime="2021-01-16T18:07:00.4396850+00:00" endTime="2021-01-16T18:07:00.4402248+00:00" testType="13cdc9d9-ddb5-4fa4-a97d-d965ccfc6d4b" outcome="Passed" testListId="8c84fa94-04c1-424b-9868-57a2d4851a1d" relativeResultsDirectory="07d513c3-3dde-47e5-ba87-3676030b6157" dataRowInfo="1" resultType="DataDrivenDataRow" />
      </InnerResults>
    </UnitTestResult>
    <UnitTestResult executionId="edd6e26c-779e-42f8-86d3-8578be3c4ee8" testId="7daaba64-d3ad-9109-43bf-bdb516b673b8" testName="ToDirectoryFileInfo_Passing_ValidValue_Returns_FileInfo" computerName="PC-SFERRARI" duration="00:00:00.0231254" startTime="2021-01-16T18:07:00.8862302+00:00" endTime="2021-01-16T18:07:00.9097677+00:00" testType="13cdc9d9-ddb5-4fa4-a97d-d965ccfc6d4b" outcome="Passed" testListId="8c84fa94-04c1-424b-9868-57a2d4851a1d" relativeResultsDirectory="edd6e26c-779e-42f8-86d3-8578be3c4ee8" />
    <UnitTestResult executionId="c0c2242c-7a48-417e-a086-837776c502ff" testId="0cb5eb43-9273-0bdf-bd18-53b184535503" testName="ToMessage_Passing_ExceptionWithMessage_Returns_Message" computerName="PC-SFERRARI" duration="00:00:00.0002517" startTime="2021-01-16T18:07:00.4192704+00:00" endTime="2021-01-16T18:07:00.4196521+00:00" testType="13cdc9d9-ddb5-4fa4-a97d-d965ccfc6d4b" outcome="Passed" testListId="8c84fa94-04c1-424b-9868-57a2d4851a1d" relativeResultsDirectory="c0c2242c-7a48-417e-a086-837776c502ff" />
    <UnitTestResult executionId="21dd66b5-082e-4c99-85e6-55702062c826" testId="a03675ec-665e-f4d5-4630-89e50dac0bfb" testName="ToTryContentType_Passing_HttpRequestWithContentType_Value_Returns_ContentType_String_Value" computerName="PC-SFERRARI" duration="00:00:00.0012095" startTime="2021-01-16T18:07:00.5805619+00:00" endTime="2021-01-16T18:07:00.5819839+00:00" testType="13cdc9d9-ddb5-4fa4-a97d-d965ccfc6d4b" outcome="Passed" testListId="8c84fa94-04c1-424b-9868-57a2d4851a1d" relativeResultsDirectory="21dd66b5-082e-4c99-85e6-55702062c826" />
    <UnitTestResult executionId="56905d74-ddc3-4ac2-8a56-5cc371c083e1" testId="e1a72c94-958d-7abb-4a96-4b60b12f8157" testName="ToFullMessage_Passing_ExceptionWithMessageWithInnerException_Returns_Full_Message" computerName="PC-SFERRARI" duration="00:00:00.0085821" startTime="2021-01-16T18:07:00.4095998+00:00" endTime="2021-01-16T18:07:00.4185545+00:00" testType="13cdc9d9-ddb5-4fa4-a97d-d965ccfc6d4b" outcome="Passed" testListId="8c84fa94-04c1-424b-9868-57a2d4851a1d" relativeResultsDirectory="56905d74-ddc3-4ac2-8a56-5cc371c083e1" />
    <UnitTestResult executionId="d1c87301-be97-4b1b-a3be-b2975eacf20e" testId="cd004a9f-a0f6-2fdf-aeae-1890f4ab8e71" testName="ToHashAlgorithmName_Passing_ValidValueString_Returns_HashAlgorithmName" computerName="PC-SFERRARI" duration="00:00:00.0003272" startTime="2021-01-16T18:07:01.0270253+00:00" endTime="2021-01-16T18:07:01.0275007+00:00" testType="13cdc9d9-ddb5-4fa4-a97d-d965ccfc6d4b" outcome="Passed" testListId="8c84fa94-04c1-424b-9868-57a2d4851a1d" relativeResultsDirectory="d1c87301-be97-4b1b-a3be-b2975eacf20e" resultType="DataDrivenTest">
      <InnerResults>
        <UnitTestResult executionId="18bcea2a-39cf-4608-a3f2-863b214daa84" parentExecutionId="d1c87301-be97-4b1b-a3be-b2975eacf20e" testId="cd004a9f-a0f6-2fdf-aeae-1890f4ab8e71" testName="ToHashAlgorithmName_Passing_ValidValueString_Returns_HashAlgorithmName (MD5)" computerName="PC-SFERRARI" duration="00:00:00.0002703" startTime="2021-01-16T18:07:01.0270253+00:00" endTime="2021-01-16T18:07:01.0275007+00:00" testType="13cdc9d9-ddb5-4fa4-a97d-d965ccfc6d4b" outcome="Passed" testListId="8c84fa94-04c1-424b-9868-57a2d4851a1d" relativeResultsDirectory="18bcea2a-39cf-4608-a3f2-863b214daa84" dataRowInfo="1" resultType="DataDrivenDataRow" />
      </InnerResults>
    </UnitTestResult>
    <UnitTestResult executionId="70298045-622b-4918-894c-3cf14334cc83" testId="f2debf4a-2a42-7b0b-1005-8f74a6fc63cb" testName="IsSubdomain_Passing_InvalidArguments_Returns_HasErrorsAndCount" computerName="PC-SFERRARI" duration="00:00:00.0002739" startTime="2021-01-16T18:07:00.0272833+00:00" endTime="2021-01-16T18:07:00.0276860+00:00" testType="13cdc9d9-ddb5-4fa4-a97d-d965ccfc6d4b" outcome="Passed" testListId="8c84fa94-04c1-424b-9868-57a2d4851a1d" relativeResultsDirectory="70298045-622b-4918-894c-3cf14334cc83" />
    <UnitTestResult executionId="63d1ff7f-8ab6-4248-819f-542db90ef4be" testId="4ff63349-9eef-ad1f-85cf-a84cda1ff120" testName="ToDetails_Passing_HttpContext_Returns_Details_HttpContext" computerName="PC-SFERRARI" duration="00:00:00.0179046" startTime="2021-01-16T18:07:00.4876219+00:00" endTime="2021-01-16T18:07:00.5059244+00:00" testType="13cdc9d9-ddb5-4fa4-a97d-d965ccfc6d4b" outcome="Passed" testListId="8c84fa94-04c1-424b-9868-57a2d4851a1d" relativeResultsDirectory="63d1ff7f-8ab6-4248-819f-542db90ef4be" />
    <UnitTestResult executionId="7f1d3f07-67c8-43a6-9e96-56cb7d6305ff" testId="e329bdc2-7660-b4b2-0687-a194b6e35f1d" testName="ResultDataBadRequest_WithErrors_Dictionary" computerName="PC-SFERRARI" duration="00:00:00.0008699" startTime="2021-01-16T18:07:00.7800673+00:00" endTime="2021-01-16T18:07:00.7810290+00:00" testType="13cdc9d9-ddb5-4fa4-a97d-d965ccfc6d4b" outcome="Passed" testListId="8c84fa94-04c1-424b-9868-57a2d4851a1d" relativeResultsDirectory="7f1d3f07-67c8-43a6-9e96-56cb7d6305ff" />
    <UnitTestResult executionId="332c262d-a3b6-43d4-85e0-9c5da9a736a4" testId="65b9c427-b5ec-99b4-199a-0093cd460501" testName="ToUserName_Passing_Null_ClaimsPrincipal_Returns_ApplicationException" computerName="PC-SFERRARI" duration="00:00:00.0005512" startTime="2021-01-16T18:07:00.1551828+00:00" endTime="2021-01-16T18:07:00.1558224+00:00" testType="13cdc9d9-ddb5-4fa4-a97d-d965ccfc6d4b" outcome="Passed" testListId="8c84fa94-04c1-424b-9868-57a2d4851a1d" relativeResultsDirectory="332c262d-a3b6-43d4-85e0-9c5da9a736a4" />
    <UnitTestResult executionId="f550cdc8-c950-4700-adf7-4340bea5eacb" testId="1dab5b85-21d2-af6f-92e5-af8126f0e2fb" testName="ToIsNameThrow_Passing_InvalidValue_Returns_ApplicationExceptionWithMessage" computerName="PC-SFERRARI" duration="00:00:00.0040580" startTime="2021-01-16T18:06:59.9567327+00:00" endTime="2021-01-16T18:06:59.9609006+00:00" testType="13cdc9d9-ddb5-4fa4-a97d-d965ccfc6d4b" outcome="Passed" testListId="8c84fa94-04c1-424b-9868-57a2d4851a1d" relativeResultsDirectory="f550cdc8-c950-4700-adf7-4340bea5eacb" />
    <UnitTestResult executionId="60df7f8e-a83b-421d-ba0f-b85e1a610534" testId="0e702ef4-7e85-bcb3-3879-32ee56a27932" testName="IsName_Passing_ValidArguments_Returns_HasErrorsAndCount" computerName="PC-SFERRARI" duration="00:00:00.0002696" startTime="2021-01-16T18:07:00.0126483+00:00" endTime="2021-01-16T18:07:00.0130166+00:00" testType="13cdc9d9-ddb5-4fa4-a97d-d965ccfc6d4b" outcome="Passed" testListId="8c84fa94-04c1-424b-9868-57a2d4851a1d" relativeResultsDirectory="60df7f8e-a83b-421d-ba0f-b85e1a610534" />
    <UnitTestResult executionId="05907e41-8278-47b8-b84b-f5462afeb6a7" testId="1237bc5f-42ea-8c7f-8602-051620acda95" testName="ToEmailMaskUserName_Passing_ValidEmail_Returns_EmailWithMask" computerName="PC-SFERRARI" duration="00:00:00.0005314" startTime="2021-01-16T18:07:00.9785330+00:00" endTime="2021-01-16T18:07:00.9791969+00:00" testType="13cdc9d9-ddb5-4fa4-a97d-d965ccfc6d4b" outcome="Passed" testListId="8c84fa94-04c1-424b-9868-57a2d4851a1d" relativeResultsDirectory="05907e41-8278-47b8-b84b-f5462afeb6a7" resultType="DataDrivenTest">
      <InnerResults>
        <UnitTestResult executionId="7170db04-6b21-4adc-a387-fbf78175537b" parentExecutionId="05907e41-8278-47b8-b84b-f5462afeb6a7" testId="1237bc5f-42ea-8c7f-8602-051620acda95" testName="ToEmailMaskUserName_Passing_ValidEmail_Returns_EmailWithMask (qaz@gmail.com,q*z@gmail.com)" computerName="PC-SFERRARI" duration="00:00:00.0003276" startTime="2021-01-16T18:07:00.9785330+00:00" endTime="2021-01-16T18:07:00.9791969+00:00" testType="13cdc9d9-ddb5-4fa4-a97d-d965ccfc6d4b" outcome="Passed" testListId="8c84fa94-04c1-424b-9868-57a2d4851a1d" relativeResultsDirectory="7170db04-6b21-4adc-a387-fbf78175537b" dataRowInfo="1" resultType="DataDrivenDataRow" />
        <UnitTestResult executionId="9f43cea5-683f-42e0-a476-fb4d695b9bfe" parentExecutionId="05907e41-8278-47b8-b84b-f5462afeb6a7" testId="1237bc5f-42ea-8c7f-8602-051620acda95" testName="ToEmailMaskUserName_Passing_ValidEmail_Returns_EmailWithMask (qazwsx@gmail.com,q****x@gmail.com)" computerName="PC-SFERRARI" duration="00:00:00.0000353" startTime="2021-01-16T18:07:00.9785330+00:00" endTime="2021-01-16T18:07:00.9791969+00:00" testType="13cdc9d9-ddb5-4fa4-a97d-d965ccfc6d4b" outcome="Passed" testListId="8c84fa94-04c1-424b-9868-57a2d4851a1d" relativeResultsDirectory="9f43cea5-683f-42e0-a476-fb4d695b9bfe" dataRowInfo="2" resultType="DataDrivenDataRow" />
        <UnitTestResult executionId="e542c8f9-3a9a-494b-b753-b7e1023ad1af" parentExecutionId="05907e41-8278-47b8-b84b-f5462afeb6a7" testId="1237bc5f-42ea-8c7f-8602-051620acda95" testName="ToEmailMaskUserName_Passing_ValidEmail_Returns_EmailWithMask (qazwsxedc@gmail.com,q*******c@gmail.com)" computerName="PC-SFERRARI" duration="00:00:00.0000132" startTime="2021-01-16T18:07:00.9785330+00:00" endTime="2021-01-16T18:07:00.9791969+00:00" testType="13cdc9d9-ddb5-4fa4-a97d-d965ccfc6d4b" outcome="Passed" testListId="8c84fa94-04c1-424b-9868-57a2d4851a1d" relativeResultsDirectory="e542c8f9-3a9a-494b-b753-b7e1023ad1af" dataRowInfo="3" resultType="DataDrivenDataRow" />
        <UnitTestResult executionId="2b3e78af-51c4-49cd-92a6-8f5ca9de8ba2" parentExecutionId="05907e41-8278-47b8-b84b-f5462afeb6a7" testId="1237bc5f-42ea-8c7f-8602-051620acda95" testName="ToEmailMaskUserName_Passing_ValidEmail_Returns_EmailWithMask (qaz@gmailgmail.com,q*z@gmailgmail.com)" computerName="PC-SFERRARI" duration="00:00:00.0000189" startTime="2021-01-16T18:07:00.9785330+00:00" endTime="2021-01-16T18:07:00.9791969+00:00" testType="13cdc9d9-ddb5-4fa4-a97d-d965ccfc6d4b" outcome="Passed" testListId="8c84fa94-04c1-424b-9868-57a2d4851a1d" relativeResultsDirectory="2b3e78af-51c4-49cd-92a6-8f5ca9de8ba2" dataRowInfo="4" resultType="DataDrivenDataRow" />
        <UnitTestResult executionId="ddca47ac-a28d-4e92-aec5-9ef665cf5de3" parentExecutionId="05907e41-8278-47b8-b84b-f5462afeb6a7" testId="1237bc5f-42ea-8c7f-8602-051620acda95" testName="ToEmailMaskUserName_Passing_ValidEmail_Returns_EmailWithMask (qazwsx@gmailgmail.com,q****x@gmailgmail.com)" computerName="PC-SFERRARI" duration="00:00:00.0000187" startTime="2021-01-16T18:07:00.9785330+00:00" endTime="2021-01-16T18:07:00.9791969+00:00" testType="13cdc9d9-ddb5-4fa4-a97d-d965ccfc6d4b" outcome="Passed" testListId="8c84fa94-04c1-424b-9868-57a2d4851a1d" relativeResultsDirectory="ddca47ac-a28d-4e92-aec5-9ef665cf5de3" dataRowInfo="5" resultType="DataDrivenDataRow" />
        <UnitTestResult executionId="42e74bb2-9ae7-4454-bf3f-fc49fd3db09a" parentExecutionId="05907e41-8278-47b8-b84b-f5462afeb6a7" testId="1237bc5f-42ea-8c7f-8602-051620acda95" testName="ToEmailMaskUserName_Passing_ValidEmail_Returns_EmailWithMask (qazwsxedc@gmailgmail.com,q*******c@gmailgmail.com)" computerName="PC-SFERRARI" duration="00:00:00.0000188" startTime="2021-01-16T18:07:00.9785330+00:00" endTime="2021-01-16T18:07:00.9791969+00:00" testType="13cdc9d9-ddb5-4fa4-a97d-d965ccfc6d4b" outcome="Passed" testListId="8c84fa94-04c1-424b-9868-57a2d4851a1d" relativeResultsDirectory="42e74bb2-9ae7-4454-bf3f-fc49fd3db09a" dataRowInfo="6" resultType="DataDrivenDataRow" />
      </InnerResults>
    </UnitTestResult>
    <UnitTestResult executionId="47c0801f-ebdc-43ea-ae05-5e810f0e9ca9" testId="19f76070-822e-31f8-2a9f-a96f774333a7" testName="ToInt_Passing_InvalidValueString_Returns_DefaultValue" computerName="PC-SFERRARI" duration="00:00:00.0006968" startTime="2021-01-16T18:07:01.0275422+00:00" endTime="2021-01-16T18:07:01.0283714+00:00" testType="13cdc9d9-ddb5-4fa4-a97d-d965ccfc6d4b" outcome="Passed" testListId="8c84fa94-04c1-424b-9868-57a2d4851a1d" relativeResultsDirectory="47c0801f-ebdc-43ea-ae05-5e810f0e9ca9" resultType="DataDrivenTest">
      <InnerResults>
        <UnitTestResult executionId="0e3457a1-8c04-4bea-a7cf-521bff6d0886" parentExecutionId="47c0801f-ebdc-43ea-ae05-5e810f0e9ca9" testId="19f76070-822e-31f8-2a9f-a96f774333a7" testName="ToInt_Passing_InvalidValueString_Returns_DefaultValue (1.3333)" computerName="PC-SFERRARI" duration="00:00:00.0005220" startTime="2021-01-16T18:07:01.0275422+00:00" endTime="2021-01-16T18:07:01.0283714+00:00" testType="13cdc9d9-ddb5-4fa4-a97d-d965ccfc6d4b" outcome="Passed" testListId="8c84fa94-04c1-424b-9868-57a2d4851a1d" relativeResultsDirectory="0e3457a1-8c04-4bea-a7cf-521bff6d0886" dataRowInfo="1" resultType="DataDrivenDataRow" />
        <UnitTestResult executionId="6c441954-e1b4-41b0-b5d6-0a4ead68e844" parentExecutionId="47c0801f-ebdc-43ea-ae05-5e810f0e9ca9" testId="19f76070-822e-31f8-2a9f-a96f774333a7" testName="ToInt_Passing_InvalidValueString_Returns_DefaultValue (1,3333)" computerName="PC-SFERRARI" duration="00:00:00.0000135" startTime="2021-01-16T18:07:01.0275422+00:00" endTime="2021-01-16T18:07:01.0283714+00:00" testType="13cdc9d9-ddb5-4fa4-a97d-d965ccfc6d4b" outcome="Passed" testListId="8c84fa94-04c1-424b-9868-57a2d4851a1d" relativeResultsDirectory="6c441954-e1b4-41b0-b5d6-0a4ead68e844" dataRowInfo="2" resultType="DataDrivenDataRow" />
        <UnitTestResult executionId="526f0311-8f04-490f-8c82-cb8d302a6126" parentExecutionId="47c0801f-ebdc-43ea-ae05-5e810f0e9ca9" testId="19f76070-822e-31f8-2a9f-a96f774333a7" testName="ToInt_Passing_InvalidValueString_Returns_DefaultValue (1.333,39)" computerName="PC-SFERRARI" duration="00:00:00.0000071" startTime="2021-01-16T18:07:01.0275422+00:00" endTime="2021-01-16T18:07:01.0283714+00:00" testType="13cdc9d9-ddb5-4fa4-a97d-d965ccfc6d4b" outcome="Passed" testListId="8c84fa94-04c1-424b-9868-57a2d4851a1d" relativeResultsDirectory="526f0311-8f04-490f-8c82-cb8d302a6126" dataRowInfo="3" resultType="DataDrivenDataRow" />
        <UnitTestResult executionId="b85234b1-d041-4244-8bbf-0a041c7f6196" parentExecutionId="47c0801f-ebdc-43ea-ae05-5e810f0e9ca9" testId="19f76070-822e-31f8-2a9f-a96f774333a7" testName="ToInt_Passing_InvalidValueString_Returns_DefaultValue (999999439293294392492349329493294)" computerName="PC-SFERRARI" duration="00:00:00.0000045" startTime="2021-01-16T18:07:01.0275422+00:00" endTime="2021-01-16T18:07:01.0283714+00:00" testType="13cdc9d9-ddb5-4fa4-a97d-d965ccfc6d4b" outcome="Passed" testListId="8c84fa94-04c1-424b-9868-57a2d4851a1d" relativeResultsDirectory="b85234b1-d041-4244-8bbf-0a041c7f6196" dataRowInfo="4" resultType="DataDrivenDataRow" />
        <UnitTestResult executionId="7c8f6039-3d97-4773-b89f-d5da22439c7d" parentExecutionId="47c0801f-ebdc-43ea-ae05-5e810f0e9ca9" testId="19f76070-822e-31f8-2a9f-a96f774333a7" testName="ToInt_Passing_InvalidValueString_Returns_DefaultValue (asdasdasdasd234324)" computerName="PC-SFERRARI" duration="00:00:00.0000043" startTime="2021-01-16T18:07:01.0275422+00:00" endTime="2021-01-16T18:07:01.0283714+00:00" testType="13cdc9d9-ddb5-4fa4-a97d-d965ccfc6d4b" outcome="Passed" testListId="8c84fa94-04c1-424b-9868-57a2d4851a1d" relativeResultsDirectory="7c8f6039-3d97-4773-b89f-d5da22439c7d" dataRowInfo="5" resultType="DataDrivenDataRow" />
      </InnerResults>
    </UnitTestResult>
    <UnitTestResult executionId="50235a1b-3705-45fc-8f96-b3bad81ad796" testId="1f173fff-9060-8c18-f825-225901225244" testName="ToStartOfWeek_Passing_DateTime_Returns_Start_Of_Week_DateTime" computerName="PC-SFERRARI" duration="00:00:00.0003572" startTime="2021-01-16T18:07:00.3566908+00:00" endTime="2021-01-16T18:07:00.3571627+00:00" testType="13cdc9d9-ddb5-4fa4-a97d-d965ccfc6d4b" outcome="Passed" testListId="8c84fa94-04c1-424b-9868-57a2d4851a1d" relativeResultsDirectory="50235a1b-3705-45fc-8f96-b3bad81ad796" />
    <UnitTestResult executionId="d2c3e58a-9890-4610-9fa2-9fda7f56dfed" testId="1f6423c7-4317-6f5b-c112-f4c9c7e822af" testName="ToEmailMaskUserNameAndDomainAndExtension_Passing_ValidEmail_Returns_EmailWithMask" computerName="PC-SFERRARI" duration="00:00:00.0011332" startTime="2021-01-16T18:07:00.9657770+00:00" endTime="2021-01-16T18:07:00.9671279+00:00" testType="13cdc9d9-ddb5-4fa4-a97d-d965ccfc6d4b" outcome="Passed" testListId="8c84fa94-04c1-424b-9868-57a2d4851a1d" relativeResultsDirectory="d2c3e58a-9890-4610-9fa2-9fda7f56dfed" resultType="DataDrivenTest">
      <InnerResults>
        <UnitTestResult executionId="24532760-6b57-4337-af4b-3913014ff7b0" parentExecutionId="d2c3e58a-9890-4610-9fa2-9fda7f56dfed" testId="1f6423c7-4317-6f5b-c112-f4c9c7e822af" testName="ToEmailMaskUserNameAndDomainAndExtension_Passing_ValidEmail_Returns_EmailWithMask (qaz@gmail.com,q*z@g***l.c*m)" computerName="PC-SFERRARI" duration="00:00:00.0009006" startTime="2021-01-16T18:07:00.9657770+00:00" endTime="2021-01-16T18:07:00.9671279+00:00" testType="13cdc9d9-ddb5-4fa4-a97d-d965ccfc6d4b" outcome="Passed" testListId="8c84fa94-04c1-424b-9868-57a2d4851a1d" relativeResultsDirectory="24532760-6b57-4337-af4b-3913014ff7b0" dataRowInfo="1" resultType="DataDrivenDataRow" />
        <UnitTestResult executionId="6e1c9578-83c8-449e-b523-025c530851a9" parentExecutionId="d2c3e58a-9890-4610-9fa2-9fda7f56dfed" testId="1f6423c7-4317-6f5b-c112-f4c9c7e822af" testName="ToEmailMaskUserNameAndDomainAndExtension_Passing_ValidEmail_Returns_EmailWithMask (qazwsx@gmail.com,q****x@g***l.c*m)" computerName="PC-SFERRARI" duration="00:00:00.0000206" startTime="2021-01-16T18:07:00.9657770+00:00" endTime="2021-01-16T18:07:00.9671279+00:00" testType="13cdc9d9-ddb5-4fa4-a97d-d965ccfc6d4b" outcome="Passed" testListId="8c84fa94-04c1-424b-9868-57a2d4851a1d" relativeResultsDirectory="6e1c9578-83c8-449e-b523-025c530851a9" dataRowInfo="2" resultType="DataDrivenDataRow" />
        <UnitTestResult executionId="a0ebbe9e-f3bb-4c0a-a226-1170476f0887" parentExecutionId="d2c3e58a-9890-4610-9fa2-9fda7f56dfed" testId="1f6423c7-4317-6f5b-c112-f4c9c7e822af" testName="ToEmailMaskUserNameAndDomainAndExtension_Passing_ValidEmail_Returns_EmailWithMask (qazwsxedc@gmail.com,q*******c@g***l.c*m)" computerName="PC-SFERRARI" duration="00:00:00.0000140" startTime="2021-01-16T18:07:00.9657770+00:00" endTime="2021-01-16T18:07:00.9671279+00:00" testType="13cdc9d9-ddb5-4fa4-a97d-d965ccfc6d4b" outcome="Passed" testListId="8c84fa94-04c1-424b-9868-57a2d4851a1d" relativeResultsDirectory="a0ebbe9e-f3bb-4c0a-a226-1170476f0887" dataRowInfo="3" resultType="DataDrivenDataRow" />
        <UnitTestResult executionId="af64c15d-481f-404a-a25b-a996dea804b0" parentExecutionId="d2c3e58a-9890-4610-9fa2-9fda7f56dfed" testId="1f6423c7-4317-6f5b-c112-f4c9c7e822af" testName="ToEmailMaskUserNameAndDomainAndExtension_Passing_ValidEmail_Returns_EmailWithMask (qaz@gmailgmail.com,q*z@g********l.c*m)" computerName="PC-SFERRARI" duration="00:00:00.0000204" startTime="2021-01-16T18:07:00.9657770+00:00" endTime="2021-01-16T18:07:00.9671279+00:00" testType="13cdc9d9-ddb5-4fa4-a97d-d965ccfc6d4b" outcome="Passed" testListId="8c84fa94-04c1-424b-9868-57a2d4851a1d" relativeResultsDirectory="af64c15d-481f-404a-a25b-a996dea804b0" dataRowInfo="4" resultType="DataDrivenDataRow" />
        <UnitTestResult executionId="ab151fde-bd44-4f9d-b144-8b70638bbfe7" parentExecutionId="d2c3e58a-9890-4610-9fa2-9fda7f56dfed" testId="1f6423c7-4317-6f5b-c112-f4c9c7e822af" testName="ToEmailMaskUserNameAndDomainAndExtension_Passing_ValidEmail_Returns_EmailWithMask (qazwsx@gmailgmail.com,q****x@g********l.c*m)" computerName="PC-SFERRARI" duration="00:00:00.0000152" startTime="2021-01-16T18:07:00.9657770+00:00" endTime="2021-01-16T18:07:00.9671279+00:00" testType="13cdc9d9-ddb5-4fa4-a97d-d965ccfc6d4b" outcome="Passed" testListId="8c84fa94-04c1-424b-9868-57a2d4851a1d" relativeResultsDirectory="ab151fde-bd44-4f9d-b144-8b70638bbfe7" dataRowInfo="5" resultType="DataDrivenDataRow" />
        <UnitTestResult executionId="54d1b052-66fd-47dc-a673-552b91cb22c7" parentExecutionId="d2c3e58a-9890-4610-9fa2-9fda7f56dfed" testId="1f6423c7-4317-6f5b-c112-f4c9c7e822af" testName="ToEmailMaskUserNameAndDomainAndExtension_Passing_ValidEmail_Returns_EmailWithMask (qazwsxedc@gmailgmail.com,q*******c@g********l.c*m)" computerName="PC-SFERRARI" duration="00:00:00.0000171" startTime="2021-01-16T18:07:00.9657770+00:00" endTime="2021-01-16T18:07:00.9671279+00:00" testType="13cdc9d9-ddb5-4fa4-a97d-d965ccfc6d4b" outcome="Passed" testListId="8c84fa94-04c1-424b-9868-57a2d4851a1d" relativeResultsDirectory="54d1b052-66fd-47dc-a673-552b91cb22c7" dataRowInfo="6" resultType="DataDrivenDataRow" />
      </InnerResults>
    </UnitTestResult>
    <UnitTestResult executionId="edf9c842-9615-4fbb-bb5d-8ade8f207e29" testId="3721d3c1-7c03-ad84-143f-64bfeb5b314e" testName="ToAssembly_Passing_ValidValueAssemblyString_Returns_Assembly" computerName="PC-SFERRARI" duration="00:00:00.0007455" startTime="2021-01-16T18:07:00.8500795+00:00" endTime="2021-01-16T18:07:00.8518472+00:00" testType="13cdc9d9-ddb5-4fa4-a97d-d965ccfc6d4b" outcome="Passed" testListId="8c84fa94-04c1-424b-9868-57a2d4851a1d" relativeResultsDirectory="edf9c842-9615-4fbb-bb5d-8ade8f207e29" />
    <UnitTestResult executionId="16c56581-030d-4e6d-826f-312a9db9b32a" testId="e53d2439-2080-43bd-e38b-a60253b60af1" testName="ToPaged_Passing_Age_Descending_Order_Returns_Filter_List" computerName="PC-SFERRARI" duration="00:00:00.0014924" startTime="2021-01-16T18:07:00.7484078+00:00" endTime="2021-01-16T18:07:00.7500520+00:00" testType="13cdc9d9-ddb5-4fa4-a97d-d965ccfc6d4b" outcome="Passed" testListId="8c84fa94-04c1-424b-9868-57a2d4851a1d" relativeResultsDirectory="16c56581-030d-4e6d-826f-312a9db9b32a" />
    <UnitTestResult executionId="37214004-0c36-406b-b2a3-1bf0a67e0299" testId="3f0bf65d-a3af-41bf-ac79-126a0efc4fd4" testName="ToService_Passing_Service_Not_Found_Returns_Null" computerName="PC-SFERRARI" duration="00:00:00.0002543" startTime="2021-01-16T18:06:59.9114194+00:00" endTime="2021-01-16T18:06:59.9117493+00:00" testType="13cdc9d9-ddb5-4fa4-a97d-d965ccfc6d4b" outcome="Passed" testListId="8c84fa94-04c1-424b-9868-57a2d4851a1d" relativeResultsDirectory="37214004-0c36-406b-b2a3-1bf0a67e0299" />
    <UnitTestResult executionId="04175cee-89b2-4ac1-83c8-7ab0dbfb3a34" testId="a95f665c-aa8d-208d-902c-60a464250c99" testName="ToDefaultValue_Passing_ValidBoolean_Returns_DefaultValue" computerName="PC-SFERRARI" duration="00:00:00.0003092" startTime="2021-01-16T18:07:01.3201378+00:00" endTime="2021-01-16T18:07:01.3207911+00:00" testType="13cdc9d9-ddb5-4fa4-a97d-d965ccfc6d4b" outcome="Passed" testListId="8c84fa94-04c1-424b-9868-57a2d4851a1d" relativeResultsDirectory="04175cee-89b2-4ac1-83c8-7ab0dbfb3a34" />
    <UnitTestResult executionId="1c0411ee-4110-4da6-8434-2d0ff22c1807" testId="7a313c49-8adc-98e3-cdda-86b900f0ade6" testName="ToCompress_Passing_Value_Bytes_Returns_Value_Bytes" computerName="PC-SFERRARI" duration="00:00:00.0005679" startTime="2021-01-16T18:06:59.9389686+00:00" endTime="2021-01-16T18:06:59.9397425+00:00" testType="13cdc9d9-ddb5-4fa4-a97d-d965ccfc6d4b" outcome="Passed" testListId="8c84fa94-04c1-424b-9868-57a2d4851a1d" relativeResultsDirectory="1c0411ee-4110-4da6-8434-2d0ff22c1807" />
    <UnitTestResult executionId="5f1c9b79-52f5-4275-bc7a-8ad4ad0b3a8c" testId="1e15a82e-c1da-d4c9-090a-c7fc200f7f58" testName="AddOrUpdate_Passing_Valid_Collection_Returns_Collection" computerName="PC-SFERRARI" duration="00:00:00.0020678" startTime="2021-01-16T18:07:00.3580920+00:00" endTime="2021-01-16T18:07:00.3604475+00:00" testType="13cdc9d9-ddb5-4fa4-a97d-d965ccfc6d4b" outcome="Passed" testListId="8c84fa94-04c1-424b-9868-57a2d4851a1d" relativeResultsDirectory="5f1c9b79-52f5-4275-bc7a-8ad4ad0b3a8c" />
    <UnitTestResult executionId="829cac50-64b1-48af-bbc4-3b9335b683ff" testId="967da852-80aa-48c8-4fdf-7229c80964ce" testName="ToZipExtract_Passing_ValidArchive_Returns_Files" computerName="PC-SFERRARI" duration="00:00:00.1440357" startTime="2021-01-16T18:07:01.1728630+00:00" endTime="2021-01-16T18:07:01.3171040+00:00" testType="13cdc9d9-ddb5-4fa4-a97d-d965ccfc6d4b" outcome="Passed" testListId="8c84fa94-04c1-424b-9868-57a2d4851a1d" relativeResultsDirectory="829cac50-64b1-48af-bbc4-3b9335b683ff" />
    <UnitTestResult executionId="716c04dd-2024-47da-a241-6aa72e557b5e" testId="31126d50-f667-908c-85f3-09f9d9272df9" testName="ToEnvironment_Passing_Production_Enviroment_Returns_Production_Name" computerName="PC-SFERRARI" duration="00:00:00.0005506" startTime="2021-01-16T18:06:59.8992510+00:00" endTime="2021-01-16T18:06:59.8998966+00:00" testType="13cdc9d9-ddb5-4fa4-a97d-d965ccfc6d4b" outcome="Passed" testListId="8c84fa94-04c1-424b-9868-57a2d4851a1d" relativeResultsDirectory="716c04dd-2024-47da-a241-6aa72e557b5e" />
    <UnitTestResult executionId="a1ed56a8-24bd-4578-ba87-bae91be0675d" testId="635e001f-2a50-f191-84e2-e81cd2000fdf" testName="ToAuthenticationType_Passing_Claims_Returns_AuthenticationType_Name" computerName="PC-SFERRARI" duration="00:00:00.0555089" startTime="2021-01-16T18:07:00.0384797+00:00" endTime="2021-01-16T18:07:00.0943947+00:00" testType="13cdc9d9-ddb5-4fa4-a97d-d965ccfc6d4b" outcome="Passed" testListId="8c84fa94-04c1-424b-9868-57a2d4851a1d" relativeResultsDirectory="a1ed56a8-24bd-4578-ba87-bae91be0675d" />
    <UnitTestResult executionId="8ffda7ce-31f4-41d6-ada0-f18854782b89" testId="c330741e-ad40-618c-36cc-508c135d2b95" testName="ToService_Passing_NotFound_Service_Returns_Null" computerName="PC-SFERRARI" duration="00:00:00.0001324" startTime="2021-01-16T18:07:00.2667927+00:00" endTime="2021-01-16T18:07:00.2670341+00:00" testType="13cdc9d9-ddb5-4fa4-a97d-d965ccfc6d4b" outcome="Passed" testListId="8c84fa94-04c1-424b-9868-57a2d4851a1d" relativeResultsDirectory="8ffda7ce-31f4-41d6-ada0-f18854782b89" />
    <UnitTestResult executionId="a49899c1-fcc8-4a38-908b-e16ab0d251de" testId="b8bb90de-6285-0f1c-e0f2-f3ba1f987370" testName="IsUppercase_Passing_InvalidArguments_Returns_HasErrorsAndCount" computerName="PC-SFERRARI" duration="00:00:00.0008250" startTime="2021-01-16T18:07:00.0370461+00:00" endTime="2021-01-16T18:07:00.0380389+00:00" testType="13cdc9d9-ddb5-4fa4-a97d-d965ccfc6d4b" outcome="Passed" testListId="8c84fa94-04c1-424b-9868-57a2d4851a1d" relativeResultsDirectory="a49899c1-fcc8-4a38-908b-e16ab0d251de" />
    <UnitTestResult executionId="18b2a8d0-e9ed-4c59-9344-6146bdff3597" testId="845c887e-a785-555d-db89-1c2975a33bbb" testName="ToServiceMatchingInterface_Passing_Valid_Assembly_Returns_Service" computerName="PC-SFERRARI" duration="00:00:00.0210473" startTime="2021-01-16T18:07:00.2455397+00:00" endTime="2021-01-16T18:07:00.2667465+00:00" testType="13cdc9d9-ddb5-4fa4-a97d-d965ccfc6d4b" outcome="Passed" testListId="8c84fa94-04c1-424b-9868-57a2d4851a1d" relativeResultsDirectory="18b2a8d0-e9ed-4c59-9344-6146bdff3597" />
    <UnitTestResult executionId="0e43e196-5df3-42bd-9797-a25b1a4fb01b" testId="15fe55e5-cdce-6280-ea15-ef777735767c" testName="ToEnvironment_ServiceCollection_Passing_Production_Enviroment_Returns_Production_Name" computerName="PC-SFERRARI" duration="00:00:00.0003771" startTime="2021-01-16T18:07:00.2359095+00:00" endTime="2021-01-16T18:07:00.2363598+00:00" testType="13cdc9d9-ddb5-4fa4-a97d-d965ccfc6d4b" outcome="Passed" testListId="8c84fa94-04c1-424b-9868-57a2d4851a1d" relativeResultsDirectory="0e43e196-5df3-42bd-9797-a25b1a4fb01b" />
    <UnitTestResult executionId="169921d9-8ff0-41f0-b1ba-d28a42362986" testId="53cbdd8e-a1ef-5d22-8745-938609ed19c2" testName="ToConfigureOrDefault_Passing_DefaultValues_And_ActionCustomValues_Returns_DefaultValues_And_CustomValues" computerName="PC-SFERRARI" duration="00:00:00.0006711" startTime="2021-01-16T18:06:59.3058410+00:00" endTime="2021-01-16T18:06:59.3068072+00:00" testType="13cdc9d9-ddb5-4fa4-a97d-d965ccfc6d4b" outcome="Passed" testListId="8c84fa94-04c1-424b-9868-57a2d4851a1d" relativeResultsDirectory="169921d9-8ff0-41f0-b1ba-d28a42362986" />
    <UnitTestResult executionId="1fcda17c-9032-4129-9f9c-bb1586298531" testId="0df69eaf-b001-71ae-6cf8-f9c5860f7c4c" testName="ToIsFileThrow_Passing_InvalidValue_Returns_ApplicationExceptionWithMessage" computerName="PC-SFERRARI" duration="00:00:00.0012133" startTime="2021-01-16T18:06:59.9553816+00:00" endTime="2021-01-16T18:06:59.9567053+00:00" testType="13cdc9d9-ddb5-4fa4-a97d-d965ccfc6d4b" outcome="Passed" testListId="8c84fa94-04c1-424b-9868-57a2d4851a1d" relativeResultsDirectory="1fcda17c-9032-4129-9f9c-bb1586298531" />
    <UnitTestResult executionId="d6fea5e9-44be-49f6-ab72-b81ff165378c" testId="1064d8aa-5d0e-6bf5-83ee-952a4d1fd93b" testName="ToEnum_Passing_InvalidValueInt_Returns_EnumCustomValue" computerName="PC-SFERRARI" duration="00:00:00.0013158" startTime="2021-01-16T18:07:00.9925902+00:00" endTime="2021-01-16T18:07:00.9941064+00:00" testType="13cdc9d9-ddb5-4fa4-a97d-d965ccfc6d4b" outcome="Passed" testListId="8c84fa94-04c1-424b-9868-57a2d4851a1d" relativeResultsDirectory="d6fea5e9-44be-49f6-ab72-b81ff165378c" />
    <UnitTestResult executionId="47bbafac-2fa3-4559-af66-7b9d5d3cbdd2" testId="2e87c537-4979-f58b-6e83-f3d4ee161ff1" testName="ToGetAll_Passing_Claims_Returns_Claim_Value_Object_List" computerName="PC-SFERRARI" duration="00:00:00.0221239" startTime="2021-01-16T18:07:00.1160154+00:00" endTime="2021-01-16T18:07:00.1382612+00:00" testType="13cdc9d9-ddb5-4fa4-a97d-d965ccfc6d4b" outcome="Passed" testListId="8c84fa94-04c1-424b-9868-57a2d4851a1d" relativeResultsDirectory="47bbafac-2fa3-4559-af66-7b9d5d3cbdd2" />
    <UnitTestResult executionId="acd772c4-2d3b-477a-9b62-2c7039bbe2b3" testId="d7c20db6-f712-8539-ac01-01e8f4033fac" testName="IsFile_Passing_InvalidArguments_Returns_HasErrorsAndCount" computerName="PC-SFERRARI" duration="00:00:00.0003024" startTime="2021-01-16T18:06:59.9991054+00:00" endTime="2021-01-16T18:06:59.9995163+00:00" testType="13cdc9d9-ddb5-4fa4-a97d-d965ccfc6d4b" outcome="Passed" testListId="8c84fa94-04c1-424b-9868-57a2d4851a1d" relativeResultsDirectory="acd772c4-2d3b-477a-9b62-2c7039bbe2b3" />
    <UnitTestResult executionId="11843688-75c7-4b91-a534-a23967c061fe" testId="04084e8e-c859-4ef5-e2a7-4fb2803cb2a3" testName="ToReplace_Passing_ValidValue_Returns_ReplacedValue" computerName="PC-SFERRARI" duration="00:00:00.0041962" startTime="2021-01-16T18:07:01.0826573+00:00" endTime="2021-01-16T18:07:01.0870809+00:00" testType="13cdc9d9-ddb5-4fa4-a97d-d965ccfc6d4b" outcome="Passed" testListId="8c84fa94-04c1-424b-9868-57a2d4851a1d" relativeResultsDirectory="11843688-75c7-4b91-a534-a23967c061fe" resultType="DataDrivenTest">
      <InnerResults>
        <UnitTestResult executionId="2ea034a9-57d9-4006-b3d9-e67e6d75f060" parentExecutionId="11843688-75c7-4b91-a534-a23967c061fe" testId="04084e8e-c859-4ef5-e2a7-4fb2803cb2a3" testName="ToReplace_Passing_ValidValue_Returns_ReplacedValue (aeiou,*,0,1,*eiou)" computerName="PC-SFERRARI" duration="00:00:00.0039266" startTime="2021-01-16T18:07:01.0826573+00:00" endTime="2021-01-16T18:07:01.0870809+00:00" testType="13cdc9d9-ddb5-4fa4-a97d-d965ccfc6d4b" outcome="Passed" testListId="8c84fa94-04c1-424b-9868-57a2d4851a1d" relativeResultsDirectory="2ea034a9-57d9-4006-b3d9-e67e6d75f060" dataRowInfo="1" resultType="DataDrivenDataRow" />
        <UnitTestResult executionId="4077ac61-e6cf-4907-b850-1d24141a185d" parentExecutionId="11843688-75c7-4b91-a534-a23967c061fe" testId="04084e8e-c859-4ef5-e2a7-4fb2803cb2a3" testName="ToReplace_Passing_ValidValue_Returns_ReplacedValue (aeiou,*,0,2,**iou)" computerName="PC-SFERRARI" duration="00:00:00.0000186" startTime="2021-01-16T18:07:01.0826573+00:00" endTime="2021-01-16T18:07:01.0870809+00:00" testType="13cdc9d9-ddb5-4fa4-a97d-d965ccfc6d4b" outcome="Passed" testListId="8c84fa94-04c1-424b-9868-57a2d4851a1d" relativeResultsDirectory="4077ac61-e6cf-4907-b850-1d24141a185d" dataRowInfo="2" resultType="DataDrivenDataRow" />
[...]
    <TestEntry testId="08f63e9f-68bb-2ff4-88d9-c74b03747527" executionId="a296c7dc-00aa-428e-9ae7-46dd998743f6" testListId="8c84fa94-04c1-424b-9868-57a2d4851a1d" />
    <TestEntry testId="e8138724-52f6-6999-ada4-cbc441f2cd15" executionId="3410d543-23c8-4d7e-af62-048c90c2f6c2" testListId="8c84fa94-04c1-424b-9868-57a2d4851a1d" />
    <TestEntry testId="209cbba1-d5fa-4810-2cb6-ee92ce2e109d" executionId="1bcea2e2-1459-4d03-849a-baa89b04d723" testListId="8c84fa94-04c1-424b-9868-57a2d4851a1d" />
    <TestEntry testId="4234610b-215b-41f7-e61d-4a82851bdfa3" executionId="6290f873-64a9-440f-81f4-7b017f558439" testListId="8c84fa94-04c1-424b-9868-57a2d4851a1d" />
    <TestEntry testId="c00cb1b0-a36c-2ae8-4230-b32afb3c83f9" executionId="2feef677-2914-4d05-94e4-b5d4b0b7f5a2" testListId="8c84fa94-04c1-424b-9868-57a2d4851a1d" />
    <TestEntry testId="fbb73316-6f70-059a-1197-08f09a1221d6" executionId="4335716d-ba17-4bee-807d-48d6b080ab3a" testListId="8c84fa94-04c1-424b-9868-57a2d4851a1d" />
    <TestEntry testId="a1095294-226e-a0f0-0154-11290289c9db" executionId="538a4065-fda1-4c3c-9db5-b33de23fd040" testListId="8c84fa94-04c1-424b-9868-57a2d4851a1d" />
    <TestEntry testId="26cc48e2-5e82-bc12-cf41-e3a984599b8d" executionId="7d19ee5a-7d19-4858-93c1-13582f6a51c7" testListId="8c84fa94-04c1-424b-9868-57a2d4851a1d" />
    <TestEntry testId="18040ed3-941e-dd1e-cb8c-4d34d103f370" executionId="dac36355-a797-4995-8858-ead88755e869" testListId="8c84fa94-04c1-424b-9868-57a2d4851a1d" />
    <TestEntry testId="a0ed43cd-0648-ddf9-c80e-52c6889ee049" executionId="f5554f4a-275b-400b-9483-3d3ecb4182b3" testListId="8c84fa94-04c1-424b-9868-57a2d4851a1d" />
    <TestEntry testId="ede15cdf-3d1b-3e1a-18dc-485a2d50fe42" executionId="cd8d3a5c-5075-49a4-80f5-8e850810ff27" testListId="8c84fa94-04c1-424b-9868-57a2d4851a1d" />
    <TestEntry testId="10024a68-25d4-872c-3e48-a6d6b2671494" executionId="c2bd5ce3-a8b2-496d-975c-6de80d504cf3" testListId="8c84fa94-04c1-424b-9868-57a2d4851a1d" />
    <TestEntry testId="9b5f9705-0df5-3b21-5e23-e11b68721fd4" executionId="ab407c0b-d597-46aa-898c-f87dabd57ee5" testListId="8c84fa94-04c1-424b-9868-57a2d4851a1d" />
    <TestEntry testId="ab527057-69f2-0a9a-89fd-18928a3920fd" executionId="f04f82be-ee41-49b4-b7c7-437d633ff866" testListId="8c84fa94-04c1-424b-9868-57a2d4851a1d" />
    <TestEntry testId="3c82816f-4e62-7440-d30d-abbd53b1dcea" executionId="7a5b64b4-3ca8-48ae-93ee-251d31a842a6" testListId="8c84fa94-04c1-424b-9868-57a2d4851a1d" />
    <TestEntry testId="297c060d-406b-f933-91fe-dfd3459b8ace" executionId="15b27aca-4c46-483d-ae96-8139623cac34" testListId="8c84fa94-04c1-424b-9868-57a2d4851a1d" />
    <TestEntry testId="c30c24fa-9dc6-1db9-fc63-cb77f851732c" executionId="4bae817d-553c-41b8-9e0d-318618a2fe04" testListId="8c84fa94-04c1-424b-9868-57a2d4851a1d" />
    <TestEntry testId="43c10c64-8836-30db-afbe-d1657a7dd9d8" executionId="a14c0733-06e5-4730-ab50-04c0d97ee147" testListId="8c84fa94-04c1-424b-9868-57a2d4851a1d" />
    <TestEntry testId="3bd7277d-4ad0-51ee-d24c-53176ec3cc7f" executionId="edf0d286-69e8-4131-bedd-ac9893317cf8" testListId="8c84fa94-04c1-424b-9868-57a2d4851a1d" />
    <TestEntry testId="a702dc43-b5af-c889-d32e-e69ee2d100af" executionId="729bc9c2-6948-4141-b831-ae148d557bf4" testListId="8c84fa94-04c1-424b-9868-57a2d4851a1d" />
    <TestEntry testId="8c1d1a56-be42-3df5-a82e-36b97c2860b8" executionId="c2091db6-c5cc-4b98-85c1-0ee0d407f967" testListId="8c84fa94-04c1-424b-9868-57a2d4851a1d" />
    <TestEntry testId="31ff6168-d18d-0013-7c18-0ff775714202" executionId="27cf519e-1a33-4db7-9406-d984c8679c6e" testListId="8c84fa94-04c1-424b-9868-57a2d4851a1d" />
    <TestEntry testId="96f263a8-e1d9-0070-21ba-583144d2d030" executionId="b39e5842-bf0b-4c52-bcdd-0b170a43f3ed" testListId="8c84fa94-04c1-424b-9868-57a2d4851a1d" />
    <TestEntry testId="c19b83a3-45fc-e848-cbcc-7f68b66eb4e3" executionId="aa584b5c-8e5a-4e7d-9ea6-6f8b712dc38a" testListId="8c84fa94-04c1-424b-9868-57a2d4851a1d" />
    <TestEntry testId="1c5de28c-f1b3-c94d-8e43-201eab8c2ff8" executionId="a7cb4c4c-62b5-4f9e-8a9d-27aa5e9a39d2" testListId="8c84fa94-04c1-424b-9868-57a2d4851a1d" />
    <TestEntry testId="4184a91b-5297-4872-2a98-1ef97e124515" executionId="ed74335f-5184-4084-8fd0-faf4cd1eed75" testListId="8c84fa94-04c1-424b-9868-57a2d4851a1d" />
    <TestEntry testId="e93b141b-fdfd-0f98-21e5-3eb211b6e88b" executionId="bb368b60-dc5d-4387-aefd-380e2b6f96e5" testListId="8c84fa94-04c1-424b-9868-57a2d4851a1d" />
    <TestEntry testId="5ac755a3-81c6-56a5-464d-fd3393128598" executionId="1a98afe2-8f58-420e-93d1-fa634bea3180" testListId="8c84fa94-04c1-424b-9868-57a2d4851a1d" />
    <TestEntry testId="d6d04f4a-9142-b816-d673-c4abf49a39ad" executionId="1da8b77e-7317-4178-8b6f-1413006015a5" testListId="8c84fa94-04c1-424b-9868-57a2d4851a1d" />
    <TestEntry testId="c0846755-8a53-0ac4-76e5-2d7d37bcd54a" executionId="5dc43cda-3522-4b0d-ad4a-8d483e63ff85" testListId="8c84fa94-04c1-424b-9868-57a2d4851a1d" />
    <TestEntry testId="7c679bcb-7a59-8751-0063-1ef6e07cb160" executionId="db9f62d1-221c-499a-ace2-91f549ea10ea" testListId="8c84fa94-04c1-424b-9868-57a2d4851a1d" />
    <TestEntry testId="c180eeb5-df7f-187e-c74d-0f6d31acdec5" executionId="4404d5c9-39f2-40f6-a755-6e25f84e1e5a" testListId="8c84fa94-04c1-424b-9868-57a2d4851a1d" />
    <TestEntry testId="a6625fb0-1b80-148b-87dc-9cf616e5e84d" executionId="185ff975-f69d-438a-b2f7-231228de4a5d" testListId="8c84fa94-04c1-424b-9868-57a2d4851a1d" />
    <TestEntry testId="b399a6be-77e5-c0ba-9b75-93d2ac763084" executionId="2dcf7157-97b7-48af-a75e-79469f33c4cc" testListId="8c84fa94-04c1-424b-9868-57a2d4851a1d" />
    <TestEntry testId="30809299-0e3e-4ac7-4a2a-6f8c296d2226" executionId="f143a302-3858-475b-86c7-072b81a76d9e" testListId="8c84fa94-04c1-424b-9868-57a2d4851a1d" />
    <TestEntry testId="459f13f4-e266-2f20-5c30-d2c64797095d" executionId="9c5ac71d-93d5-4436-8c5f-7a9f4b4ce641" testListId="8c84fa94-04c1-424b-9868-57a2d4851a1d" />
    <TestEntry testId="056700a7-2506-75ed-a80a-ddf2ddb5d2a8" executionId="12d8075e-8d63-436d-adcd-ad4301bce0e5" testListId="8c84fa94-04c1-424b-9868-57a2d4851a1d" />
    <TestEntry testId="42ded375-26ee-044e-44a7-9eab5e4cd342" executionId="98ad5335-6231-496e-853d-aed067cea806" testListId="8c84fa94-04c1-424b-9868-57a2d4851a1d" />
    <TestEntry testId="f8b74494-d277-7173-e694-2a4d463a4607" executionId="021e2b94-cf9b-432c-afe0-a4ccf2c49611" testListId="8c84fa94-04c1-424b-9868-57a2d4851a1d" />
    <TestEntry testId="6c59b811-73c0-2540-9661-8c8f2a459ff2" executionId="4499488e-8362-4689-b85b-95adbcf946fe" testListId="8c84fa94-04c1-424b-9868-57a2d4851a1d" />
    <TestEntry testId="1340b308-d9eb-a26e-e042-04d6c1d9a958" executionId="e9140998-91dd-4e22-bc78-603361b05f7b" testListId="8c84fa94-04c1-424b-9868-57a2d4851a1d" />
    <TestEntry testId="c09577a6-adca-ef94-40b5-45575ad65e4f" executionId="6c2c7def-eb06-44aa-94d0-351ac1a96047" testListId="8c84fa94-04c1-424b-9868-57a2d4851a1d" />
    <TestEntry testId="69b6ed05-fdf2-6989-0583-109b4777a6ac" executionId="043bcc61-552f-49c1-85cc-cd493259ba4b" testListId="8c84fa94-04c1-424b-9868-57a2d4851a1d" />
    <TestEntry testId="27cc1a96-8264-8762-05bc-aa63ccb155d7" executionId="86eb3a5f-571a-4fd9-8657-5b326fa36e28" testListId="8c84fa94-04c1-424b-9868-57a2d4851a1d" />
    <TestEntry testId="a272f84c-2bd5-daa4-4afe-22346b802f86" executionId="5bc8be3c-61e5-482c-8a43-da43c6990252" testListId="8c84fa94-04c1-424b-9868-57a2d4851a1d" />
    <TestEntry testId="5517211d-203c-115f-7dc1-6f48da8ab75b" executionId="13722d75-c298-40c3-9831-9c4423d6d16f" testListId="8c84fa94-04c1-424b-9868-57a2d4851a1d" />
    <TestEntry testId="5bee9d0e-89de-7b6d-4317-0a11342b1d29" executionId="9c3b4f06-090f-42bd-91e7-31bcba4a2986" testListId="8c84fa94-04c1-424b-9868-57a2d4851a1d" />
    <TestEntry testId="ab274dac-b194-4e0f-6fab-a20667b535a8" executionId="ecdb8a71-0ae2-4118-9f1d-e4c706352e9e" testListId="8c84fa94-04c1-424b-9868-57a2d4851a1d" />
    <TestEntry testId="8a5cc6e0-e73e-2131-64bd-e73fc6c2a32e" executionId="c0eccbdd-0d33-4ae1-bc53-691bc30a1777" testListId="8c84fa94-04c1-424b-9868-57a2d4851a1d" />
    <TestEntry testId="66f7bc12-fe2b-fd81-3cbf-5bc4840aa6f8" executionId="a28d94ca-cacf-43bd-89f2-a5f79d43b3a5" testListId="8c84fa94-04c1-424b-9868-57a2d4851a1d" />
    <TestEntry testId="77fe17c3-3cf8-a189-4d95-b2e0d3ca9579" executionId="ce02400b-c623-4fac-bf79-183bd231d8db" testListId="8c84fa94-04c1-424b-9868-57a2d4851a1d" />
    <TestEntry testId="47f3e733-f069-b79f-9f6d-7c11fc368663" executionId="6466a37b-c84c-4d41-a6c8-6c4bc4b38ce4" testListId="8c84fa94-04c1-424b-9868-57a2d4851a1d" />
    <TestEntry testId="760ae14b-6c0d-0288-811d-408b67937415" executionId="a4b76299-2d96-4377-b7b2-644be503f9b1" testListId="8c84fa94-04c1-424b-9868-57a2d4851a1d" />
    <TestEntry testId="5385d994-9594-6052-11cb-73f8d2344981" executionId="27511717-b0ec-49ba-9c80-ae09e036da51" testListId="8c84fa94-04c1-424b-9868-57a2d4851a1d" />
    <TestEntry testId="f2d267b8-d5a7-6c91-de6d-813182908c7f" executionId="40cfdf6f-3447-4e39-8653-fbc86a4225f4" testListId="8c84fa94-04c1-424b-9868-57a2d4851a1d" />
    <TestEntry testId="0d35441f-72fe-a777-509f-6a19632f972a" executionId="b43ecb57-3e7f-40b6-bc93-8dce8fffce63" testListId="8c84fa94-04c1-424b-9868-57a2d4851a1d" />
    <TestEntry testId="b871cd27-681f-8d07-6c2a-809341ba2909" executionId="fb2fdc8c-e7de-4f80-bca8-72192fc31b20" testListId="8c84fa94-04c1-424b-9868-57a2d4851a1d" />
    <TestEntry testId="e9d3a3d6-32e0-613e-b55e-48afdf1ab686" executionId="77ca0726-dd8e-46ad-a9fc-7712ddf97508" testListId="8c84fa94-04c1-424b-9868-57a2d4851a1d" />
    <TestEntry testId="8a110a46-40a4-c9bb-083e-1c3fcb5b45b7" executionId="0c3ee7ec-3ae5-48e0-ac9f-9423fe358107" testListId="8c84fa94-04c1-424b-9868-57a2d4851a1d" />
    <TestEntry testId="e0f7dcd9-f363-be9c-de11-457f6a575bee" executionId="c81a9685-ff9b-440b-b45a-edc372c6207b" testListId="8c84fa94-04c1-424b-9868-57a2d4851a1d" />
    <TestEntry testId="9064672f-1220-7bc0-f2b0-c66c74cccc5e" executionId="97787309-66d9-45c2-bfea-fcabc0cc62d8" testListId="8c84fa94-04c1-424b-9868-57a2d4851a1d" />
    <TestEntry testId="8dccdb77-e6a8-58c6-9bd0-108f87c5ff65" executionId="218b88d6-97f5-4f29-8421-24699bbadbce" testListId="8c84fa94-04c1-424b-9868-57a2d4851a1d" />
    <TestEntry testId="7f0aeefe-ba4a-5404-c6f8-82be67718cc4" executionId="4fdafa48-4f30-41fd-85a8-279d3c68312d" testListId="8c84fa94-04c1-424b-9868-57a2d4851a1d" />
    <TestEntry testId="856fd0c8-b6f8-9265-ccfd-2a9e615488e2" executionId="262ef608-9632-46b9-a11c-a5cf324130c4" testListId="8c84fa94-04c1-424b-9868-57a2d4851a1d" />
    <TestEntry testId="bc15aa99-72de-0e5a-b6e8-2d654659d591" executionId="034a5cc3-8665-45aa-8d4a-2d8ab3c4b0f2" testListId="8c84fa94-04c1-424b-9868-57a2d4851a1d" />
    <TestEntry testId="ee30e1f9-ce80-c70a-1b56-b7e02750ae26" executionId="599525a5-18b9-4617-9a5f-daac4356e1b9" testListId="8c84fa94-04c1-424b-9868-57a2d4851a1d" />
    <TestEntry testId="06b145c3-38af-bef9-3a11-59191b7a7e3e" executionId="990923e0-299e-4edd-8d0a-081313b022ff" testListId="8c84fa94-04c1-424b-9868-57a2d4851a1d" />
    <TestEntry testId="678a7b5d-e2f9-09be-f35f-0e3e4d5ad033" executionId="5cd5b9cb-a6c2-4f45-b4e7-0ef0f3d0cbf4" testListId="8c84fa94-04c1-424b-9868-57a2d4851a1d" />
    <TestEntry testId="f752d50b-77fa-327a-4493-168161bd27b2" executionId="9d7204e2-d7c9-424f-8735-ca416b65116a" testListId="8c84fa94-04c1-424b-9868-57a2d4851a1d" />
    <TestEntry testId="db5f34ff-df7c-44e5-6721-c319db8d6da0" executionId="1c1ce144-d2c1-4daa-8a75-3def5f7efc17" testListId="8c84fa94-04c1-424b-9868-57a2d4851a1d" />
    <TestEntry testId="ffa669f9-8e25-a33b-f8f7-c3ba4a576a2b" executionId="681b4023-38ce-4acd-940b-7f6aafb22cc0" testListId="8c84fa94-04c1-424b-9868-57a2d4851a1d" />
    <TestEntry testId="e2880a6e-7a01-b4ba-86fb-4d33be072972" executionId="d1776141-fc3e-4741-91ff-88ce08b44c74" testListId="8c84fa94-04c1-424b-9868-57a2d4851a1d" />
    <TestEntry testId="c14c626b-0f15-ac55-344d-8aa2c3f91cdf" executionId="3dd80b4a-52ec-42d3-9974-8e7e0f07bc66" testListId="8c84fa94-04c1-424b-9868-57a2d4851a1d" />
    <TestEntry testId="430dec51-b9df-7e06-fff9-78e6d362c2d8" executionId="2bdbee55-b4b5-4666-ad99-64a919744223" testListId="8c84fa94-04c1-424b-9868-57a2d4851a1d" />
    <TestEntry testId="579b7361-19a9-f329-acb3-de102dcfc793" executionId="3da27500-445f-426f-8165-2387aebcc562" testListId="8c84fa94-04c1-424b-9868-57a2d4851a1d" />
    <TestEntry testId="a4956cd8-34a7-6fca-5b71-6eb98cedd9b0" executionId="c03958fe-99b4-4f0a-9045-d9bb28cafc68" testListId="8c84fa94-04c1-424b-9868-57a2d4851a1d" />
    <TestEntry testId="0c633595-70e8-b011-5a46-c9c7e1687cb9" executionId="1155c1a4-7db9-41ab-8a29-dc06357dcc01" testListId="8c84fa94-04c1-424b-9868-57a2d4851a1d" />
    <TestEntry testId="9eeef095-29ed-4872-a36c-ca4832350421" executionId="2ca30e24-e6c0-4b89-80e0-4297b38bea41" testListId="8c84fa94-04c1-424b-9868-57a2d4851a1d" />
    <TestEntry testId="aaa46586-7b83-9a88-e835-ae92592f98a3" executionId="02193c82-59d7-41ce-936c-41e7bf1aaa59" testListId="8c84fa94-04c1-424b-9868-57a2d4851a1d" />
    <TestEntry testId="43949294-e4b7-cf4d-0d69-84ccc9e58406" executionId="e842bf8b-4930-42fc-bfdb-09d2d3e723a2" testListId="8c84fa94-04c1-424b-9868-57a2d4851a1d" />
    <TestEntry testId="29112d2a-2e73-305d-ec50-12fc95c28627" executionId="8461bcd3-771e-48e5-9743-3dc62385fb9b" testListId="8c84fa94-04c1-424b-9868-57a2d4851a1d" />
    <TestEntry testId="e37f41d3-77a8-1acd-c258-fbb5b724b134" executionId="c9b883ba-bc3b-44bf-9496-f159162704b5" testListId="8c84fa94-04c1-424b-9868-57a2d4851a1d" />
    <TestEntry testId="6fc389b2-a5f3-ded0-63b6-7e1b4cca8442" executionId="5edb523a-bfe6-4adb-af1b-3fd1b9f300a1" testListId="8c84fa94-04c1-424b-9868-57a2d4851a1d" />
    <TestEntry testId="8f970201-c66a-ecfa-fa45-503451c8c439" executionId="625a1d10-4c39-480a-b435-8488acf8874e" testListId="8c84fa94-04c1-424b-9868-57a2d4851a1d" />
    <TestEntry testId="21ae5425-e2d1-002f-334f-105a6a674a01" executionId="af01fafe-471e-49ef-8d62-f734c0a66979" testListId="8c84fa94-04c1-424b-9868-57a2d4851a1d" />
    <TestEntry testId="772d3145-280a-fb9f-03c2-247d0f593a66" executionId="6b6a6c19-7b2e-4451-bd91-0ba6163c3796" testListId="8c84fa94-04c1-424b-9868-57a2d4851a1d" />
    <TestEntry testId="9af963da-8209-d683-34a5-be793bc59993" executionId="89332640-2484-46b1-ae37-9315f791d069" testListId="8c84fa94-04c1-424b-9868-57a2d4851a1d" />
    <TestEntry testId="0b00f09d-f7e4-fb1e-68ad-8102cf6143e0" executionId="d6d497c2-f8aa-42fa-b98f-a49049988a65" testListId="8c84fa94-04c1-424b-9868-57a2d4851a1d" />
    <TestEntry testId="87c5dbd3-fd2a-1e49-42e5-8dc78affc8d6" executionId="0edabf24-a5b6-4c77-a2c9-875c8f88d3f3" testListId="8c84fa94-04c1-424b-9868-57a2d4851a1d" />
    <TestEntry testId="4a3afd90-c6ab-e82e-40d8-b40450680318" executionId="d3d43f01-b148-4f06-b235-a19478cffdc4" testListId="8c84fa94-04c1-424b-9868-57a2d4851a1d" />
    <TestEntry testId="334e3485-05b4-4549-cacd-aef8fff10757" executionId="d7b790e0-4408-4fbe-bdfb-62f0857e30d8" testListId="8c84fa94-04c1-424b-9868-57a2d4851a1d" />
    <TestEntry testId="fe683836-27ec-729e-5fe1-a9c2674a6d87" executionId="e64830e1-d05a-4be8-adfa-a33e2a27c8aa" testListId="8c84fa94-04c1-424b-9868-57a2d4851a1d" />
    <TestEntry testId="c63cd623-e636-5730-a1fa-b18ae782acc7" executionId="d039d67c-c84e-4b4d-b833-fa97d83f6a7f" testListId="8c84fa94-04c1-424b-9868-57a2d4851a1d" />
    <TestEntry testId="580ff04a-e5c0-9f2f-90c3-4f2aeafd15c5" executionId="04da8327-afc8-4e91-991e-580542e20fec" testListId="8c84fa94-04c1-424b-9868-57a2d4851a1d" />
    <TestEntry testId="225c09bd-86d5-d9ce-d2b8-18431ca384e3" executionId="78c98ba6-200a-4baa-ad2c-be3abf4979ae" testListId="8c84fa94-04c1-424b-9868-57a2d4851a1d" />
    <TestEntry testId="9e36eef1-cde7-a509-c95d-2249b6b02dbb" executionId="978446d5-1dd9-49e4-90b6-5fd4c757d488" testListId="8c84fa94-04c1-424b-9868-57a2d4851a1d" />
    <TestEntry testId="922c5a5d-5d46-b5de-bcbd-4fac0addd422" executionId="f1745e57-6a5b-4712-a15a-1d9b9bb80095" testListId="8c84fa94-04c1-424b-9868-57a2d4851a1d" />
    <TestEntry testId="55f105d6-fc07-21db-e70a-db30ccdb0844" executionId="7762c119-379a-4f22-a115-50c331cfdbcb" testListId="8c84fa94-04c1-424b-9868-57a2d4851a1d" />
    <TestEntry testId="4315ebd1-3e2a-edf0-9de6-c78f08760fe3" executionId="9edbcbec-e30e-46b1-956e-51cc53600777" testListId="8c84fa94-04c1-424b-9868-57a2d4851a1d" />
    <TestEntry testId="6bd61990-78b5-76ea-0df5-0c13c388bdc0" executionId="26899f4a-2156-4b13-be8c-417aba509ef0" testListId="8c84fa94-04c1-424b-9868-57a2d4851a1d" />
    <TestEntry testId="fb770b4f-f87b-13ad-88ac-a338dbbb0d57" executionId="99d0232f-b315-4104-a31e-d974135cc3d7" testListId="8c84fa94-04c1-424b-9868-57a2d4851a1d" />
    <TestEntry testId="33545399-79af-5e7f-5179-57fe5645f4be" executionId="5894c7a9-1e39-4429-8723-3b8bae0d3c49" testListId="8c84fa94-04c1-424b-9868-57a2d4851a1d" />
    <TestEntry testId="74c0befe-cdb2-1fdf-be71-2a39199bb5c9" executionId="cecac6d2-9fb0-47f0-9089-791c1f3087b7" testListId="8c84fa94-04c1-424b-9868-57a2d4851a1d" />
    <TestEntry testId="4e1a5879-f3c8-4fdb-51d0-c4cf0a35e0bf" executionId="a8d9d4d8-1b31-4673-ad10-7b6f75667872" testListId="8c84fa94-04c1-424b-9868-57a2d4851a1d" />
    <TestEntry testId="f17b6f1f-06a9-5318-815f-4c3950fdd0cb" executionId="2ca19b91-57a4-437d-97ef-95167ef980a7" testListId="8c84fa94-04c1-424b-9868-57a2d4851a1d" />
    <TestEntry testId="e608205e-4953-e9a3-1956-895ed42ab083" executionId="be26b114-7d13-41c8-824b-73bcc13bbb64" testListId="8c84fa94-04c1-424b-9868-57a2d4851a1d" />
    <TestEntry testId="2aceb911-de9d-b2eb-c8db-f6b3f880216f" executionId="069d82c4-7b0c-493b-9a72-46833716b359" testListId="8c84fa94-04c1-424b-9868-57a2d4851a1d" />
    <TestEntry testId="3e6d6aa9-9b6d-dd96-b54c-49f88780a2b4" executionId="f5ebd1c7-f149-49d5-90e1-7a8bf528f8be" testListId="8c84fa94-04c1-424b-9868-57a2d4851a1d" />
    <TestEntry testId="1577c538-d1be-5b59-2b09-8e59b0be5fcd" executionId="bb2aab70-f0e1-4fa0-b60c-07bf1e334d93" testListId="8c84fa94-04c1-424b-9868-57a2d4851a1d" />
    <TestEntry testId="7384e2f6-7a7f-d462-78fa-5bf7f49c326a" executionId="d99ae429-6f7e-40bc-89b7-8ccc91b12aef" testListId="8c84fa94-04c1-424b-9868-57a2d4851a1d" />
    <TestEntry testId="bd43e66e-fbae-26eb-a9a1-c58a6bf5d7af" executionId="fcf9d995-c1d7-49b2-87d0-4a9c65f61972" testListId="8c84fa94-04c1-424b-9868-57a2d4851a1d" />
    <TestEntry testId="f0f37a42-1a3a-10a5-5f17-e01b9915abd3" executionId="0d094544-41ba-4f6f-8f5e-7cdfddd5c73e" testListId="8c84fa94-04c1-424b-9868-57a2d4851a1d" />
    <TestEntry testId="f828057e-351a-48b7-0028-e57f15c7217e" executionId="f5ba8fc2-1c7f-433a-b086-1cb1120af600" testListId="8c84fa94-04c1-424b-9868-57a2d4851a1d" />
    <TestEntry testId="c2d3c8df-32e7-92dc-91f8-057e8c4da6b9" executionId="429ac804-c7fb-4a47-8d2f-53967d7db7db" testListId="8c84fa94-04c1-424b-9868-57a2d4851a1d" />
    <TestEntry testId="006d3c07-11d3-9f4b-c045-6799df52bbfb" executionId="2bf42496-c25e-4786-8280-36c98c8c85d1" testListId="8c84fa94-04c1-424b-9868-57a2d4851a1d" />
    <TestEntry testId="4ead3f79-a54e-1b96-838c-d0c2f491cb0d" executionId="bd13ce79-d49a-4556-8c46-3d3a24a55962" testListId="8c84fa94-04c1-424b-9868-57a2d4851a1d" />
    <TestEntry testId="8fbac209-421a-f9fa-c5fe-97403aedb24e" executionId="b0c652da-5952-44ac-ae73-a0ff5a2b9345" testListId="8c84fa94-04c1-424b-9868-57a2d4851a1d" />
  </TestEntries>
  <TestLists>
    <TestList name="Resultados sin formato de lista" id="8c84fa94-04c1-424b-9868-57a2d4851a1d" />
    <TestList name="Todos los resultados cargados" id="19431567-8539-422a-85d7-44ee4e166bda" />
  </TestLists>
  <ResultSummary outcome="Completed">
    <Counters total="452" executed="452" passed="452" failed="0" error="0" timeout="0" aborted="0" inconclusive="0" passedButRunAborted="0" notRunnable="0" notExecuted="0" disconnected="0" warning="0" completed="0" inProgress="0" pending="0" />
  </ResultSummary>
</TestRun>