<?xml version="1.0" encoding="utf-8"?>
<TestRun id="f96c8694-32c0-4cd5-a2d8-b0184a7032a6" name="sferrari@PC-SFERRARI 2020-09-01 17:12:37" runUser="PC-SFERRARI\sferrari" xmlns="http://microsoft.com/schemas/VisualStudio/TeamTest/2010">
  <Times creation="2020-09-01T17:12:37.3480991+01:00" queuing="2020-09-01T17:12:37.3480991+01:00" start="2020-09-01T17:12:34.9724499+01:00" finish="2020-09-01T17:12:41.1040575+01:00" />
  <TestSettings name="default" id="6421dcd1-089f-4358-a416-821541a54314">
    <Deployment runDeploymentRoot="sferrari_PC-SFERRARI_2020-09-01_17_12_37" />
  </TestSettings>
  <Results>
    <UnitTestResult executionId="e36225b8-4691-4fe5-92c9-0faf411ee138" testId="08a6c381-273c-f305-1814-942595d17f78" testName="ToWhere_Passing_Null_Predicate_Returns_Same_List" computerName="PC-SFERRARI" duration="00:00:00.0042622" startTime="2020-09-01T17:12:38.9046749+01:00" endTime="2020-09-01T17:12:38.9301471+01:00" testType="13cdc9d9-ddb5-4fa4-a97d-d965ccfc6d4b" outcome="Passed" testListId="8c84fa94-04c1-424b-9868-57a2d4851a1d" relativeResultsDirectory="e36225b8-4691-4fe5-92c9-0faf411ee138" />
    <UnitTestResult executionId="b0167bb9-ff11-4bef-a69c-183f59c83462" testId="66ebc17d-8456-d538-0da4-279017d64788" testName="ToCompress_Passing_Object_Bytes_Returns_Object" computerName="PC-SFERRARI" duration="00:00:00.0160495" startTime="2020-09-01T17:12:37.4016833+01:00" endTime="2020-09-01T17:12:37.4180923+01:00" testType="13cdc9d9-ddb5-4fa4-a97d-d965ccfc6d4b" outcome="Passed" testListId="8c84fa94-04c1-424b-9868-57a2d4851a1d" relativeResultsDirectory="b0167bb9-ff11-4bef-a69c-183f59c83462" />
    <UnitTestResult executionId="5b4995cb-4dec-4667-a0cf-56cb1ab069a7" testId="8f912328-63c8-86b1-c2a6-be41b857b56c" testName="ToDirectoryFileInfo_Passing_ValidValue_Returns_FileInfo" computerName="PC-SFERRARI" duration="00:00:00.0000982" startTime="2020-09-01T17:12:39.0127191+01:00" endTime="2020-09-01T17:12:39.0129595+01:00" testType="13cdc9d9-ddb5-4fa4-a97d-d965ccfc6d4b" outcome="Passed" testListId="8c84fa94-04c1-424b-9868-57a2d4851a1d" relativeResultsDirectory="5b4995cb-4dec-4667-a0cf-56cb1ab069a7" />
    <UnitTestResult executionId="d3376700-ace9-488e-9a82-a2ec3fac7cfb" testId="84f3eea3-fb46-7ff1-04fe-1ba3ec10008f" testName="ToTryGetHeader_Passing_HttpRequest_Header_Value_Returns_Value" computerName="PC-SFERRARI" duration="00:00:00.0004584" startTime="2020-09-01T17:12:38.4858436+01:00" endTime="2020-09-01T17:12:38.4863916+01:00" testType="13cdc9d9-ddb5-4fa4-a97d-d965ccfc6d4b" outcome="Passed" testListId="8c84fa94-04c1-424b-9868-57a2d4851a1d" relativeResultsDirectory="d3376700-ace9-488e-9a82-a2ec3fac7cfb" />
    <UnitTestResult executionId="07ff8b8c-542b-4d93-b334-2e7eab9958a5" testId="28887edf-8245-57fe-da6b-7d74097f5629" testName="IsGreater_Passing_InvalidArguments_Returns_HasErrorsAndCount" computerName="PC-SFERRARI" duration="00:00:00.0045895" startTime="2020-09-01T17:12:39.5455393+01:00" endTime="2020-09-01T17:12:39.5502179+01:00" testType="13cdc9d9-ddb5-4fa4-a97d-d965ccfc6d4b" outcome="Passed" testListId="8c84fa94-04c1-424b-9868-57a2d4851a1d" relativeResultsDirectory="07ff8b8c-542b-4d93-b334-2e7eab9958a5" />
    <UnitTestResult executionId="928a9156-5ffb-4d84-be9e-5c86980f94fd" testId="57de2494-db49-05dd-e58f-ea06218b9ada" testName="ToDirectoryTemporary_Passing_ValidValue_Returns_DirectoryExists" computerName="PC-SFERRARI" duration="00:00:00.0018722" startTime="2020-09-01T17:12:39.0296639+01:00" endTime="2020-09-01T17:12:39.0317053+01:00" testType="13cdc9d9-ddb5-4fa4-a97d-d965ccfc6d4b" outcome="Passed" testListId="8c84fa94-04c1-424b-9868-57a2d4851a1d" relativeResultsDirectory="928a9156-5ffb-4d84-be9e-5c86980f94fd" />
    <UnitTestResult executionId="c675a2ba-8cd0-439e-a0e7-87e6dd3312f5" testId="674ad018-4ad5-9dc4-9721-2eed1501b13b" testName="ToIsLastDayOfTheMonth_Passing_LastDayOfMonth_Returns_True" computerName="PC-SFERRARI" duration="00:00:00.0002517" startTime="2020-09-01T17:12:38.1791354+01:00" endTime="2020-09-01T17:12:38.1794693+01:00" testType="13cdc9d9-ddb5-4fa4-a97d-d965ccfc6d4b" outcome="Passed" testListId="8c84fa94-04c1-424b-9868-57a2d4851a1d" relativeResultsDirectory="c675a2ba-8cd0-439e-a0e7-87e6dd3312f5" />
    <UnitTestResult executionId="6096b10d-9d84-4455-9d03-66ee36ecb2ed" testId="8a9a7530-f1ce-f4e5-fbc9-4f531ddefce2" testName="ToEnum_Passing_ValidValueInt_Returns_EnumValue" computerName="PC-SFERRARI" duration="00:00:00.0001093" startTime="2020-09-01T17:12:39.0998820+01:00" endTime="2020-09-01T17:12:39.1000799+01:00" testType="13cdc9d9-ddb5-4fa4-a97d-d965ccfc6d4b" outcome="Passed" testListId="8c84fa94-04c1-424b-9868-57a2d4851a1d" relativeResultsDirectory="6096b10d-9d84-4455-9d03-66ee36ecb2ed" />
    <UnitTestResult executionId="f985a8eb-a7b1-4283-8de9-17dfab977ac4" testId="4e99a60b-6bf7-950f-4a1b-2b8f6b265f33" testName="ToEnvironment_ServiceCollection_Passing_Custom_Enviroment_Returns_Custom_Name" computerName="PC-SFERRARI" duration="00:00:00.0005861" startTime="2020-09-01T17:12:37.9460967+01:00" endTime="2020-09-01T17:12:37.9468030+01:00" testType="13cdc9d9-ddb5-4fa4-a97d-d965ccfc6d4b" outcome="Passed" testListId="8c84fa94-04c1-424b-9868-57a2d4851a1d" relativeResultsDirectory="f985a8eb-a7b1-4283-8de9-17dfab977ac4" />
    <UnitTestResult executionId="5e15a7f1-fb4f-4b48-accd-1b115ae8a537" testId="24c5c4fe-5465-6bf1-7790-c32dc7dc4137" testName="ToServiceMatchingInterface_Passing_Valid_Assembly_Returns_Service" computerName="PC-SFERRARI" duration="00:00:00.0359517" startTime="2020-09-01T17:12:38.0114644+01:00" endTime="2020-09-01T17:12:38.0475561+01:00" testType="13cdc9d9-ddb5-4fa4-a97d-d965ccfc6d4b" outcome="Passed" testListId="8c84fa94-04c1-424b-9868-57a2d4851a1d" relativeResultsDirectory="5e15a7f1-fb4f-4b48-accd-1b115ae8a537" />
    <UnitTestResult executionId="648983f1-91d0-47cc-878e-2d8d0ac76f63" testId="6bfeeec7-5dd8-85f8-3ebb-a1cfd8eb27b2" testName="ToDeserialize_Passing_String_Returns_Object" computerName="PC-SFERRARI" duration="00:00:00.0029996" startTime="2020-09-01T17:12:38.8694949+01:00" endTime="2020-09-01T17:12:38.8726684+01:00" testType="13cdc9d9-ddb5-4fa4-a97d-d965ccfc6d4b" outcome="Passed" testListId="8c84fa94-04c1-424b-9868-57a2d4851a1d" relativeResultsDirectory="648983f1-91d0-47cc-878e-2d8d0ac76f63" />
    <UnitTestResult executionId="a90f1fce-ae1a-4660-90b4-0f1d1a80b345" testId="31c3a852-cb3d-1abf-a213-17759f717493" testName="CreateSHA256_Passing_Invalid_Arguments_Returns_ApplicationException" computerName="PC-SFERRARI" duration="00:00:00.0005434" startTime="2020-09-01T17:12:40.7664697+01:00" endTime="2020-09-01T17:12:40.7670946+01:00" testType="13cdc9d9-ddb5-4fa4-a97d-d965ccfc6d4b" outcome="Passed" testListId="8c84fa94-04c1-424b-9868-57a2d4851a1d" relativeResultsDirectory="a90f1fce-ae1a-4660-90b4-0f1d1a80b345" resultType="DataDrivenTest">
      <InnerResults>
        <UnitTestResult executionId="91423cd2-04d4-434d-af43-91c6a05ffa26" parentExecutionId="a90f1fce-ae1a-4660-90b4-0f1d1a80b345" testId="31c3a852-cb3d-1abf-a213-17759f717493" testName="CreateSHA256_Passing_Invalid_Arguments_Returns_ApplicationException ()" computerName="PC-SFERRARI" duration="00:00:00.0003677" startTime="2020-09-01T17:12:40.7664697+01:00" endTime="2020-09-01T17:12:40.7670946+01:00" testType="13cdc9d9-ddb5-4fa4-a97d-d965ccfc6d4b" outcome="Passed" testListId="8c84fa94-04c1-424b-9868-57a2d4851a1d" relativeResultsDirectory="91423cd2-04d4-434d-af43-91c6a05ffa26" dataRowInfo="1" resultType="DataDrivenDataRow" />
        <UnitTestResult executionId="fc8a11d0-a4e6-426f-8e7e-65bfde2d88e3" parentExecutionId="a90f1fce-ae1a-4660-90b4-0f1d1a80b345" testId="31c3a852-cb3d-1abf-a213-17759f717493" testName="CreateSHA256_Passing_Invalid_Arguments_Returns_ApplicationException ()" computerName="PC-SFERRARI" duration="00:00:00.0000536" startTime="2020-09-01T17:12:40.7664697+01:00" endTime="2020-09-01T17:12:40.7670946+01:00" testType="13cdc9d9-ddb5-4fa4-a97d-d965ccfc6d4b" outcome="Passed" testListId="8c84fa94-04c1-424b-9868-57a2d4851a1d" relativeResultsDirectory="fc8a11d0-a4e6-426f-8e7e-65bfde2d88e3" dataRowInfo="2" resultType="DataDrivenDataRow" />
        <UnitTestResult executionId="26228dc2-57c5-49f4-8b7f-79e31753edca" parentExecutionId="a90f1fce-ae1a-4660-90b4-0f1d1a80b345" testId="31c3a852-cb3d-1abf-a213-17759f717493" testName="CreateSHA256_Passing_Invalid_Arguments_Returns_ApplicationException ( )" computerName="PC-SFERRARI" duration="00:00:00.0000420" startTime="2020-09-01T17:12:40.7664697+01:00" endTime="2020-09-01T17:12:40.7670946+01:00" testType="13cdc9d9-ddb5-4fa4-a97d-d965ccfc6d4b" outcome="Passed" testListId="8c84fa94-04c1-424b-9868-57a2d4851a1d" relativeResultsDirectory="26228dc2-57c5-49f4-8b7f-79e31753edca" dataRowInfo="3" resultType="DataDrivenDataRow" />
      </InnerResults>
    </UnitTestResult>
    <UnitTestResult executionId="39627008-1c6c-4f33-9778-4b154b5fac01" testId="db5cfafc-3c17-6a32-7e66-c495d547a55d" testName="ToValues_Passing_ValidEnumType_Returns_ValuesListString" computerName="PC-SFERRARI" duration="00:00:00.0009508" startTime="2020-09-01T17:12:39.6349409+01:00" endTime="2020-09-01T17:12:39.6360706+01:00" testType="13cdc9d9-ddb5-4fa4-a97d-d965ccfc6d4b" outcome="Passed" testListId="8c84fa94-04c1-424b-9868-57a2d4851a1d" relativeResultsDirectory="39627008-1c6c-4f33-9778-4b154b5fac01" />
    <UnitTestResult executionId="d8e573c2-2314-4a24-8e6c-550897334156" testId="f3004a45-bdd5-438e-fc7e-28c33c062c28" testName="ToHeader_Passing_HttpRequest_Header_Many_Values_Returns_Values" computerName="PC-SFERRARI" duration="00:00:00.0508386" startTime="2020-09-01T17:12:38.4134452+01:00" endTime="2020-09-01T17:12:38.4646287+01:00" testType="13cdc9d9-ddb5-4fa4-a97d-d965ccfc6d4b" outcome="Passed" testListId="8c84fa94-04c1-424b-9868-57a2d4851a1d" relativeResultsDirectory="d8e573c2-2314-4a24-8e6c-550897334156" />
    <UnitTestResult executionId="2296d7ab-6019-400d-9ebd-557b0666ae42" testId="187fc817-cc87-4584-0d6d-f1e6d34e2d4d" testName="ToSettings_Passing_Values_From_AppSettingsFile_Returns_Settings" computerName="PC-SFERRARI" duration="00:00:00.1065618" startTime="2020-09-01T17:12:38.0666182+01:00" endTime="2020-09-01T17:12:38.1733613+01:00" testType="13cdc9d9-ddb5-4fa4-a97d-d965ccfc6d4b" outcome="Passed" testListId="8c84fa94-04c1-424b-9868-57a2d4851a1d" relativeResultsDirectory="2296d7ab-6019-400d-9ebd-557b0666ae42" />
    <UnitTestResult executionId="54032aeb-8c09-4d5e-b9bb-c484b07120af" testId="e54a0ad2-a76b-1a44-1842-5ae494ff83de" testName="ToDetails_Passing_HttpContext_Returns_Details_HttpContext" computerName="PC-SFERRARI" duration="00:00:00.0158134" startTime="2020-09-01T17:12:38.3737425+01:00" endTime="2020-09-01T17:12:38.3897685+01:00" testType="13cdc9d9-ddb5-4fa4-a97d-d965ccfc6d4b" outcome="Passed" testListId="8c84fa94-04c1-424b-9868-57a2d4851a1d" relativeResultsDirectory="54032aeb-8c09-4d5e-b9bb-c484b07120af" />
    <UnitTestResult executionId="be3e510c-8d62-4421-8dfd-2d2f14237b1b" testId="8cf4f88c-3bb5-22e4-8890-4c5abd50c175" testName="ToInt_Passing_Enumeration_Name_Returns_Value" computerName="PC-SFERRARI" duration="00:00:00.0001773" startTime="2020-09-01T17:12:38.2628375+01:00" endTime="2020-09-01T17:12:38.2630932+01:00" testType="13cdc9d9-ddb5-4fa4-a97d-d965ccfc6d4b" outcome="Passed" testListId="8c84fa94-04c1-424b-9868-57a2d4851a1d" relativeResultsDirectory="be3e510c-8d62-4421-8dfd-2d2f14237b1b" />
    <UnitTestResult executionId="964991cf-e9a2-43e0-9cc3-947759d46911" testId="d5a24398-84ec-388f-59a6-8e6575d181fe" testName="IsLess_Passing_InvalidArguments_Returns_HasErrorsAndCount" computerName="PC-SFERRARI" duration="00:00:00.0022290" startTime="2020-09-01T17:12:39.5509261+01:00" endTime="2020-09-01T17:12:39.5532519+01:00" testType="13cdc9d9-ddb5-4fa4-a97d-d965ccfc6d4b" outcome="Passed" testListId="8c84fa94-04c1-424b-9868-57a2d4851a1d" relativeResultsDirectory="964991cf-e9a2-43e0-9cc3-947759d46911" />
    <UnitTestResult executionId="fc3a2f73-586a-48ea-b5d6-565d9a091067" testId="b3479f6d-f8c7-df3b-c065-73d385a9d648" testName="ToEnvironment_ServiceProvider_Passing_Development_Enviroment_Returns_Development_Name" computerName="PC-SFERRARI" duration="00:00:00.0004925" startTime="2020-09-01T17:12:37.9837035+01:00" endTime="2020-09-01T17:12:37.9842746+01:00" testType="13cdc9d9-ddb5-4fa4-a97d-d965ccfc6d4b" outcome="Passed" testListId="8c84fa94-04c1-424b-9868-57a2d4851a1d" relativeResultsDirectory="fc3a2f73-586a-48ea-b5d6-565d9a091067" />
    <UnitTestResult executionId="925b9e31-1853-4501-899d-2169c3f25292" testId="9e57f5ee-c284-a089-d441-add5094f384d" testName="IsNullOrEmpty_Passing_InvalidArguments_Returns_HasErrorsAndCount" computerName="PC-SFERRARI" duration="00:00:00.0019002" startTime="2020-09-01T17:12:39.5800217+01:00" endTime="2020-09-01T17:12:39.5821195+01:00" testType="13cdc9d9-ddb5-4fa4-a97d-d965ccfc6d4b" outcome="Passed" testListId="8c84fa94-04c1-424b-9868-57a2d4851a1d" relativeResultsDirectory="925b9e31-1853-4501-899d-2169c3f25292" />
    <UnitTestResult executionId="c1125586-a120-4b4d-b738-2a48a5a7c328" testId="560a86ee-dc59-f780-1c4a-62ca7b8dff22" testName="ToPaged_Passing_Name_Ascending_Order_Returns_Filter_List" computerName="PC-SFERRARI" duration="00:00:00.0012173" startTime="2020-09-01T17:12:38.9027789+01:00" endTime="2020-09-01T17:12:38.9040918+01:00" testType="13cdc9d9-ddb5-4fa4-a97d-d965ccfc6d4b" outcome="Passed" testListId="8c84fa94-04c1-424b-9868-57a2d4851a1d" relativeResultsDirectory="c1125586-a120-4b4d-b738-2a48a5a7c328" />
    <UnitTestResult executionId="d29d6f76-d8c0-4a75-9d06-0e1074d8789e" testId="0669ad66-ebac-1b60-d9f8-85ac26831181" testName="ToThrow_Passing_InvalidValue_Returns_ApplicationExceptionWithMessage" computerName="PC-SFERRARI" duration="00:00:00.0005366" startTime="2020-09-01T17:12:37.4962160+01:00" endTime="2020-09-01T17:12:37.4969204+01:00" testType="13cdc9d9-ddb5-4fa4-a97d-d965ccfc6d4b" outcome="Passed" testListId="8c84fa94-04c1-424b-9868-57a2d4851a1d" relativeResultsDirectory="d29d6f76-d8c0-4a75-9d06-0e1074d8789e" />
    <UnitTestResult executionId="85787637-4b1c-4c22-b60d-b7dbc75a4cd6" testId="a4294eba-06aa-d940-fe09-19719010df3a" testName="IsDomain_Passing_InvalidArguments_Returns_HasErrorsAndCount" computerName="PC-SFERRARI" duration="00:00:00.0005107" startTime="2020-09-01T17:12:39.5216962+01:00" endTime="2020-09-01T17:12:39.5223186+01:00" testType="13cdc9d9-ddb5-4fa4-a97d-d965ccfc6d4b" outcome="Passed" testListId="8c84fa94-04c1-424b-9868-57a2d4851a1d" relativeResultsDirectory="85787637-4b1c-4c22-b60d-b7dbc75a4cd6" />
    <UnitTestResult executionId="2477bec9-f85e-4a40-9e1e-07d4ed91e059" testId="7132a40e-3324-94b7-0d74-3203ad5bb5fa" testName="ToService_Passing_NotFound_Service_Returns_Null" computerName="PC-SFERRARI" duration="00:00:00.0001293" startTime="2020-09-01T17:12:38.0476053+01:00" endTime="2020-09-01T17:12:38.0478614+01:00" testType="13cdc9d9-ddb5-4fa4-a97d-d965ccfc6d4b" outcome="Passed" testListId="8c84fa94-04c1-424b-9868-57a2d4851a1d" relativeResultsDirectory="2477bec9-f85e-4a40-9e1e-07d4ed91e059" />
    <UnitTestResult executionId="2675801f-c901-4fa8-a6c9-aca42be3659e" testId="3e7a011d-8b5d-0fe1-8499-60df22ec1622" testName="ToDefaultValue_Passing_int_Returns_Cero" computerName="PC-SFERRARI" duration="00:00:00.0003558" startTime="2020-09-01T17:12:38.3153412+01:00" endTime="2020-09-01T17:12:38.3158780+01:00" testType="13cdc9d9-ddb5-4fa4-a97d-d965ccfc6d4b" outcome="Passed" testListId="8c84fa94-04c1-424b-9868-57a2d4851a1d" relativeResultsDirectory="2675801f-c901-4fa8-a6c9-aca42be3659e" resultType="DataDrivenTest">
      <InnerResults>
        <UnitTestResult executionId="cb4776b4-9947-4adf-9df5-140aa7f95cd8" parentExecutionId="2675801f-c901-4fa8-a6c9-aca42be3659e" testId="3e7a011d-8b5d-0fe1-8499-60df22ec1622" testName="ToDefaultValue_Passing_int_Returns_Cero (2147483647)" computerName="PC-SFERRARI" duration="00:00:00.0002988" startTime="2020-09-01T17:12:38.3153412+01:00" endTime="2020-09-01T17:12:38.3158780+01:00" testType="13cdc9d9-ddb5-4fa4-a97d-d965ccfc6d4b" outcome="Passed" testListId="8c84fa94-04c1-424b-9868-57a2d4851a1d" relativeResultsDirectory="cb4776b4-9947-4adf-9df5-140aa7f95cd8" dataRowInfo="1" resultType="DataDrivenDataRow" />
      </InnerResults>
    </UnitTestResult>
    <UnitTestResult executionId="f7ede6ce-7b29-469b-bd63-ac25d0c24e46" testId="c53caa15-12b2-2ac6-393e-0057bbd332f5" testName="ToIsDirectoryThrow_Passing_InvalidValue_Returns_ApplicationExceptionWithMessage" computerName="PC-SFERRARI" duration="00:00:00.0011983" startTime="2020-09-01T17:12:37.4198002+01:00" endTime="2020-09-01T17:12:37.4210894+01:00" testType="13cdc9d9-ddb5-4fa4-a97d-d965ccfc6d4b" outcome="Passed" testListId="8c84fa94-04c1-424b-9868-57a2d4851a1d" relativeResultsDirectory="f7ede6ce-7b29-469b-bd63-ac25d0c24e46" />
    <UnitTestResult executionId="8a8bd6fb-e8d7-4aa3-be09-58370d775dff" testId="69d54260-6ecb-a42b-4255-cc0383422b7d" testName="ToString_Passing_Valid_Collection_With_Custom_Separator_Returns_String_With_Custom_Separator" computerName="PC-SFERRARI" duration="00:00:00.0001658" startTime="2020-09-01T17:12:38.2143971+01:00" endTime="2020-09-01T17:12:38.2146532+01:00" testType="13cdc9d9-ddb5-4fa4-a97d-d965ccfc6d4b" outcome="Passed" testListId="8c84fa94-04c1-424b-9868-57a2d4851a1d" relativeResultsDirectory="8a8bd6fb-e8d7-4aa3-be09-58370d775dff" />
    <UnitTestResult executionId="895df473-3a2b-4b9d-9322-23ac8e16f154" testId="e6daf527-d4db-583b-7465-40f27603311a" testName="ToMapNew_Passing_TSource_And_TDestination_Returns_New_TDestination_Object" computerName="PC-SFERRARI" duration="00:00:00.0004718" startTime="2020-09-01T17:12:36.9363682+01:00" endTime="2020-09-01T17:12:36.9369544+01:00" testType="13cdc9d9-ddb5-4fa4-a97d-d965ccfc6d4b" outcome="Passed" testListId="8c84fa94-04c1-424b-9868-57a2d4851a1d" relativeResultsDirectory="895df473-3a2b-4b9d-9322-23ac8e16f154" />
    <UnitTestResult executionId="20aa0656-db75-4370-b61b-985606f6691a" testId="5d5c5e71-8d48-77a4-7f58-2d04decb50b2" testName="ToSetTime_Passing_Time_String_Returns_DateTime" computerName="PC-SFERRARI" duration="00:00:00.0039475" startTime="2020-09-01T17:12:38.2070939+01:00" endTime="2020-09-01T17:12:38.2111535+01:00" testType="13cdc9d9-ddb5-4fa4-a97d-d965ccfc6d4b" outcome="Passed" testListId="8c84fa94-04c1-424b-9868-57a2d4851a1d" relativeResultsDirectory="20aa0656-db75-4370-b61b-985606f6691a" />
    <UnitTestResult executionId="e02a2588-9d05-4951-bece-90c3f5807a1d" testId="20272610-5df8-0a8d-c8c1-0c00a7b4257b" testName="ToMapNew_Passing_TDestination_Returns_New_Destination_Object" computerName="PC-SFERRARI" duration="00:00:00.0064102" startTime="2020-09-01T17:12:36.9297826+01:00" endTime="2020-09-01T17:12:36.9363302+01:00" testType="13cdc9d9-ddb5-4fa4-a97d-d965ccfc6d4b" outcome="Passed" testListId="8c84fa94-04c1-424b-9868-57a2d4851a1d" relativeResultsDirectory="e02a2588-9d05-4951-bece-90c3f5807a1d" />
    <UnitTestResult executionId="1a200983-d8ed-493a-b5e6-08f493daea02" testId="0b8bc730-bd5d-eb21-7083-0664af88b31c" testName="ToMessage_Passing_ExceptionWithMessage_Returns_Message" computerName="PC-SFERRARI" duration="00:00:00.0001440" startTime="2020-09-01T17:12:38.2671934+01:00" endTime="2020-09-01T17:12:38.2674224+01:00" testType="13cdc9d9-ddb5-4fa4-a97d-d965ccfc6d4b" outcome="Passed" testListId="8c84fa94-04c1-424b-9868-57a2d4851a1d" relativeResultsDirectory="1a200983-d8ed-493a-b5e6-08f493daea02" />
    <UnitTestResult executionId="96b1d735-433c-44c5-8bc9-9ac8ebd686f8" testId="d91cf465-89c7-bfd7-e84c-cbbdc9106c3b" testName="CreateSHA512_Passing_Invalid_Arguments_Returns_ApplicationException" computerName="PC-SFERRARI" duration="00:00:00.0004621" startTime="2020-09-01T17:12:40.7671281+01:00" endTime="2020-09-01T17:12:40.7676672+01:00" testType="13cdc9d9-ddb5-4fa4-a97d-d965ccfc6d4b" outcome="Passed" testListId="8c84fa94-04c1-424b-9868-57a2d4851a1d" relativeResultsDirectory="96b1d735-433c-44c5-8bc9-9ac8ebd686f8" resultType="DataDrivenTest">
      <InnerResults>
        <UnitTestResult executionId="85b85ed1-10ed-43c0-82c0-ed89de371e9a" parentExecutionId="96b1d735-433c-44c5-8bc9-9ac8ebd686f8" testId="d91cf465-89c7-bfd7-e84c-cbbdc9106c3b" testName="CreateSHA512_Passing_Invalid_Arguments_Returns_ApplicationException ()" computerName="PC-SFERRARI" duration="00:00:00.0003140" startTime="2020-09-01T17:12:40.7671281+01:00" endTime="2020-09-01T17:12:40.7676672+01:00" testType="13cdc9d9-ddb5-4fa4-a97d-d965ccfc6d4b" outcome="Passed" testListId="8c84fa94-04c1-424b-9868-57a2d4851a1d" relativeResultsDirectory="85b85ed1-10ed-43c0-82c0-ed89de371e9a" dataRowInfo="1" resultType="DataDrivenDataRow" />
        <UnitTestResult executionId="696a23f0-4f73-4d78-9766-8254e6f2d764" parentExecutionId="96b1d735-433c-44c5-8bc9-9ac8ebd686f8" testId="d91cf465-89c7-bfd7-e84c-cbbdc9106c3b" testName="CreateSHA512_Passing_Invalid_Arguments_Returns_ApplicationException ()" computerName="PC-SFERRARI" duration="00:00:00.0000460" startTime="2020-09-01T17:12:40.7671281+01:00" endTime="2020-09-01T17:12:40.7676672+01:00" testType="13cdc9d9-ddb5-4fa4-a97d-d965ccfc6d4b" outcome="Passed" testListId="8c84fa94-04c1-424b-9868-57a2d4851a1d" relativeResultsDirectory="696a23f0-4f73-4d78-9766-8254e6f2d764" dataRowInfo="2" resultType="DataDrivenDataRow" />
        <UnitTestResult executionId="36291ca5-dd5c-4bf0-93a7-81da515d17be" parentExecutionId="96b1d735-433c-44c5-8bc9-9ac8ebd686f8" testId="d91cf465-89c7-bfd7-e84c-cbbdc9106c3b" testName="CreateSHA512_Passing_Invalid_Arguments_Returns_ApplicationException ( )" computerName="PC-SFERRARI" duration="00:00:00.0000414" startTime="2020-09-01T17:12:40.7671281+01:00" endTime="2020-09-01T17:12:40.7676672+01:00" testType="13cdc9d9-ddb5-4fa4-a97d-d965ccfc6d4b" outcome="Passed" testListId="8c84fa94-04c1-424b-9868-57a2d4851a1d" relativeResultsDirectory="36291ca5-dd5c-4bf0-93a7-81da515d17be" dataRowInfo="3" resultType="DataDrivenDataRow" />
      </InnerResults>
    </UnitTestResult>
    <UnitTestResult executionId="dda7a3dc-8f5b-4bf1-b7b5-a05a829dcdd3" testId="ca0bfdb7-6ab6-3d13-afbd-0c5c364304b4" testName="ToDefaultValue_Passing_bool_Returns_Cero" computerName="PC-SFERRARI" duration="00:00:00.0005342" startTime="2020-09-01T17:12:38.2684251+01:00" endTime="2020-09-01T17:12:38.2690350+01:00" testType="13cdc9d9-ddb5-4fa4-a97d-d965ccfc6d4b" outcome="Passed" testListId="8c84fa94-04c1-424b-9868-57a2d4851a1d" relativeResultsDirectory="dda7a3dc-8f5b-4bf1-b7b5-a05a829dcdd3" resultType="DataDrivenTest">
      <InnerResults>
        <UnitTestResult executionId="de60069b-33dd-4075-8c1a-e45bf3287ad3" parentExecutionId="dda7a3dc-8f5b-4bf1-b7b5-a05a829dcdd3" testId="ca0bfdb7-6ab6-3d13-afbd-0c5c364304b4" testName="ToDefaultValue_Passing_bool_Returns_Cero (True)" computerName="PC-SFERRARI" duration="00:00:00.0004783" startTime="2020-09-01T17:12:38.2684251+01:00" endTime="2020-09-01T17:12:38.2690350+01:00" testType="13cdc9d9-ddb5-4fa4-a97d-d965ccfc6d4b" outcome="Passed" testListId="8c84fa94-04c1-424b-9868-57a2d4851a1d" relativeResultsDirectory="de60069b-33dd-4075-8c1a-e45bf3287ad3" dataRowInfo="1" resultType="DataDrivenDataRow" />
      </InnerResults>
    </UnitTestResult>
    <UnitTestResult executionId="be15085d-522b-4b77-87e7-827e3505cf18" testId="021d8bec-70f5-dd9f-32d5-eac1f19b0740" testName="ToIsLastDayOfTheMonth_Passing_NotLastDayOfMonth_Returns_False" computerName="PC-SFERRARI" duration="00:00:00.0001223" startTime="2020-09-01T17:12:38.1794923+01:00" endTime="2020-09-01T17:12:38.1796928+01:00" testType="13cdc9d9-ddb5-4fa4-a97d-d965ccfc6d4b" outcome="Passed" testListId="8c84fa94-04c1-424b-9868-57a2d4851a1d" relativeResultsDirectory="be15085d-522b-4b77-87e7-827e3505cf18" />
    <UnitTestResult executionId="4e113794-e406-4195-8368-9a660230e04e" testId="fe74e1e9-9f9e-cd43-6d69-ee1b1e61f15f" testName="ToEmailMaskUserName_Passing_ValidEmail_Returns_EmailWithMask" computerName="PC-SFERRARI" duration="00:00:00.0002713" startTime="2020-09-01T17:12:39.0705990+01:00" endTime="2020-09-01T17:12:39.0709530+01:00" testType="13cdc9d9-ddb5-4fa4-a97d-d965ccfc6d4b" outcome="Passed" testListId="8c84fa94-04c1-424b-9868-57a2d4851a1d" relativeResultsDirectory="4e113794-e406-4195-8368-9a660230e04e" resultType="DataDrivenTest">
      <InnerResults>
        <UnitTestResult executionId="4dfc4ef4-9be8-40cb-ba01-90ce0694bc23" parentExecutionId="4e113794-e406-4195-8368-9a660230e04e" testId="fe74e1e9-9f9e-cd43-6d69-ee1b1e61f15f" testName="ToEmailMaskUserName_Passing_ValidEmail_Returns_EmailWithMask (miemail@gmail.com,m*****l@gmail.com)" computerName="PC-SFERRARI" duration="00:00:00.0002362" startTime="2020-09-01T17:12:39.0705990+01:00" endTime="2020-09-01T17:12:39.0709530+01:00" testType="13cdc9d9-ddb5-4fa4-a97d-d965ccfc6d4b" outcome="Passed" testListId="8c84fa94-04c1-424b-9868-57a2d4851a1d" relativeResultsDirectory="4dfc4ef4-9be8-40cb-ba01-90ce0694bc23" dataRowInfo="1" resultType="DataDrivenDataRow" />
      </InnerResults>
    </UnitTestResult>
    <UnitTestResult executionId="79ebbe8e-1b37-41c8-ba52-7a6b419eadf5" testId="c5b98f4d-a079-91b0-cf81-5ecc58989382" testName="ToHashAlgorithmName_Passing_InvalidValueStringWithDefaultValue_Returns_DefaultValue" computerName="PC-SFERRARI" duration="00:00:00.0001886" startTime="2020-09-01T17:12:39.1824189+01:00" endTime="2020-09-01T17:12:39.1826896+01:00" testType="13cdc9d9-ddb5-4fa4-a97d-d965ccfc6d4b" outcome="Passed" testListId="8c84fa94-04c1-424b-9868-57a2d4851a1d" relativeResultsDirectory="79ebbe8e-1b37-41c8-ba52-7a6b419eadf5" resultType="DataDrivenTest">
      <InnerResults>
        <UnitTestResult executionId="4b101018-08d0-4be9-b5bc-0d2620d61ffc" parentExecutionId="79ebbe8e-1b37-41c8-ba52-7a6b419eadf5" testId="c5b98f4d-a079-91b0-cf81-5ecc58989382" testName="ToHashAlgorithmName_Passing_InvalidValueStringWithDefaultValue_Returns_DefaultValue (hhhhhh)" computerName="PC-SFERRARI" duration="00:00:00.0001554" startTime="2020-09-01T17:12:39.1824189+01:00" endTime="2020-09-01T17:12:39.1826896+01:00" testType="13cdc9d9-ddb5-4fa4-a97d-d965ccfc6d4b" outcome="Passed" testListId="8c84fa94-04c1-424b-9868-57a2d4851a1d" relativeResultsDirectory="4b101018-08d0-4be9-b5bc-0d2620d61ffc" dataRowInfo="1" resultType="DataDrivenDataRow" />
      </InnerResults>
    </UnitTestResult>
    <UnitTestResult executionId="67bd0be5-f3f1-46bc-b32e-6c8ae716045d" testId="dce6325b-8e96-5375-f604-18b7832e7def" testName="ToList_Passing_ValidEnumType_Returns_ValuesList" computerName="PC-SFERRARI" duration="00:00:00.0003033" startTime="2020-09-01T17:12:39.6142346+01:00" endTime="2020-09-01T17:12:39.6146193+01:00" testType="13cdc9d9-ddb5-4fa4-a97d-d965ccfc6d4b" outcome="Passed" testListId="8c84fa94-04c1-424b-9868-57a2d4851a1d" relativeResultsDirectory="67bd0be5-f3f1-46bc-b32e-6c8ae716045d" />
    <UnitTestResult executionId="2b02b34b-47c1-4b72-b48f-105d79660f7e" testId="88aac24a-e0c3-7b67-85fc-be2df52dba34" testName="ToDirectoryDeleteFiles_Passing_ValidValue_Returns_DirectoryNoExists" computerName="PC-SFERRARI" duration="00:00:00.0255837" startTime="2020-09-01T17:12:38.9868880+01:00" endTime="2020-09-01T17:12:39.0126701+01:00" testType="13cdc9d9-ddb5-4fa4-a97d-d965ccfc6d4b" outcome="Passed" testListId="8c84fa94-04c1-424b-9868-57a2d4851a1d" relativeResultsDirectory="2b02b34b-47c1-4b72-b48f-105d79660f7e" />
    <UnitTestResult executionId="60f461c9-bde6-461f-b062-de2fefe1a20a" testId="7b5f6188-c1ec-acc0-340c-cb378214370f" testName="IsRange_Passing_InvalidArguments_Returns_HasErrorsAndCount" computerName="PC-SFERRARI" duration="00:00:00.0007949" startTime="2020-09-01T17:12:39.5821740+01:00" endTime="2020-09-01T17:12:39.5830762+01:00" testType="13cdc9d9-ddb5-4fa4-a97d-d965ccfc6d4b" outcome="Passed" testListId="8c84fa94-04c1-424b-9868-57a2d4851a1d" relativeResultsDirectory="60f461c9-bde6-461f-b062-de2fefe1a20a" />
    <UnitTestResult executionId="687d67ec-e8fe-4248-b6bd-8ede904b1228" testId="bfc11cb1-55b2-1945-b4dd-7c88a853c5ed" testName="ToIsAuthenticated_Passing_Claims_Returns_False" computerName="PC-SFERRARI" duration="00:00:00.0005232" startTime="2020-09-01T17:12:37.6687720+01:00" endTime="2020-09-01T17:12:37.6693865+01:00" testType="13cdc9d9-ddb5-4fa4-a97d-d965ccfc6d4b" outcome="Passed" testListId="8c84fa94-04c1-424b-9868-57a2d4851a1d" relativeResultsDirectory="687d67ec-e8fe-4248-b6bd-8ede904b1228" />
    <UnitTestResult executionId="ffb90b00-089b-4967-86f3-671deb75c765" testId="407da10e-ba2f-7713-1cbc-17d8952390e5" testName="ToStartOfWeek_Passing_DateTime_Returns_Start_Of_Week_DateTime" computerName="PC-SFERRARI" duration="00:00:00.0002772" startTime="2020-09-01T17:12:38.2112017+01:00" endTime="2020-09-01T17:12:38.2116169+01:00" testType="13cdc9d9-ddb5-4fa4-a97d-d965ccfc6d4b" outcome="Passed" testListId="8c84fa94-04c1-424b-9868-57a2d4851a1d" relativeResultsDirectory="ffb90b00-089b-4967-86f3-671deb75c765" />
    <UnitTestResult executionId="9ce74cdf-df5f-4bf2-89d0-70c91ea9e1da" testId="88161b45-db86-cd57-93fd-5645f5143966" testName="ToTryContentType_Passing_HttpRequestWithContentType_Value_Returns_ContentType_String_Value" computerName="PC-SFERRARI" duration="00:00:00.0156274" startTime="2020-09-01T17:12:38.4685613+01:00" endTime="2020-09-01T17:12:38.4842854+01:00" testType="13cdc9d9-ddb5-4fa4-a97d-d965ccfc6d4b" outcome="Passed" testListId="8c84fa94-04c1-424b-9868-57a2d4851a1d" relativeResultsDirectory="9ce74cdf-df5f-4bf2-89d0-70c91ea9e1da" />
    <UnitTestResult executionId="155c99ec-64c5-4963-bb64-16c7d6d9598b" testId="3066f1db-7c80-5b09-c292-a297daae00f6" testName="ToDictionaryPropertyInfo_Passing_Object_IncludeNullOrEmptyProperty_Returns_Properties_NameAndValue_Dictionary" computerName="PC-SFERRARI" duration="00:00:00.0017601" startTime="2020-09-01T17:12:38.3713973+01:00" endTime="2020-09-01T17:12:38.3732507+01:00" testType="13cdc9d9-ddb5-4fa4-a97d-d965ccfc6d4b" outcome="Passed" testListId="8c84fa94-04c1-424b-9868-57a2d4851a1d" relativeResultsDirectory="155c99ec-64c5-4963-bb64-16c7d6d9598b" />
    <UnitTestResult executionId="1a12e58f-cd59-490e-8b9c-68ef0f19dba6" testId="9ccf9ae6-5796-4cd4-1252-88e5642d6b7c" testName="ToAuthenticationType_Passing_Claims_Returns_Null" computerName="PC-SFERRARI" duration="00:00:00.0005262" startTime="2020-09-01T17:12:37.5865052+01:00" endTime="2020-09-01T17:12:37.5871597+01:00" testType="13cdc9d9-ddb5-4fa4-a97d-d965ccfc6d4b" outcome="Passed" testListId="8c84fa94-04c1-424b-9868-57a2d4851a1d" relativeResultsDirectory="1a12e58f-cd59-490e-8b9c-68ef0f19dba6" />
    <UnitTestResult executionId="87ec2f48-67bb-44a7-9b7b-00bc7c874d9e" testId="207a9b71-34bd-0c51-2904-9b3fc5a13547" testName="ToService_Passing_Valid_Service_Returns_Service" computerName="PC-SFERRARI" duration="00:00:00.0004425" startTime="2020-09-01T17:12:38.0478852+01:00" endTime="2020-09-01T17:12:38.0484008+01:00" testType="13cdc9d9-ddb5-4fa4-a97d-d965ccfc6d4b" outcome="Passed" testListId="8c84fa94-04c1-424b-9868-57a2d4851a1d" relativeResultsDirectory="87ec2f48-67bb-44a7-9b7b-00bc7c874d9e" />
    <UnitTestResult executionId="3522ca4e-646a-4d44-950a-2bb41ed083b1" testId="8753b945-3021-c959-7cc0-4647f9a71041" testName="ToCompress_Passing_Value_Bytes_Returns_Value_Bytes" computerName="PC-SFERRARI" duration="00:00:00.0004379" startTime="2020-09-01T17:12:37.4181359+01:00" endTime="2020-09-01T17:12:37.4186992+01:00" testType="13cdc9d9-ddb5-4fa4-a97d-d965ccfc6d4b" outcome="Passed" testListId="8c84fa94-04c1-424b-9868-57a2d4851a1d" relativeResultsDirectory="3522ca4e-646a-4d44-950a-2bb41ed083b1" />
    <UnitTestResult executionId="23bedf80-4db5-40c2-9665-3c41364bab12" testId="eba1a61d-f982-44b3-3eb9-7f9cfe190c81" testName="ToTryGetHeader_Passing_HttpRequest_Header_Many_Values_Returns_Values" computerName="PC-SFERRARI" duration="00:00:00.0013601" startTime="2020-09-01T17:12:38.4843310+01:00" endTime="2020-09-01T17:12:38.4858170+01:00" testType="13cdc9d9-ddb5-4fa4-a97d-d965ccfc6d4b" outcome="Passed" testListId="8c84fa94-04c1-424b-9868-57a2d4851a1d" relativeResultsDirectory="23bedf80-4db5-40c2-9665-3c41364bab12" />
    <UnitTestResult executionId="65cad3d7-686e-427f-894a-f479ddc4323e" testId="141ac01c-053a-7013-209a-8893b345c18f" testName="CreateAndVerifySHA512_Passing_Valid_Arguments_Returns_True" computerName="PC-SFERRARI" duration="00:00:00.0009081" startTime="2020-09-01T17:12:40.7446410+01:00" endTime="2020-09-01T17:12:40.7459650+01:00" testType="13cdc9d9-ddb5-4fa4-a97d-d965ccfc6d4b" outcome="Passed" testListId="8c84fa94-04c1-424b-9868-57a2d4851a1d" relativeResultsDirectory="65cad3d7-686e-427f-894a-f479ddc4323e" resultType="DataDrivenTest">
      <InnerResults>
        <UnitTestResult executionId="e90aca50-8713-47be-bb7b-8cfa8f463d51" parentExecutionId="65cad3d7-686e-427f-894a-f479ddc4323e" testId="141ac01c-053a-7013-209a-8893b345c18f" testName="CreateAndVerifySHA512_Passing_Valid_Arguments_Returns_True (Password)" computerName="PC-SFERRARI" duration="00:00:00.0007420" startTime="2020-09-01T17:12:40.7446410+01:00" endTime="2020-09-01T17:12:40.7459650+01:00" testType="13cdc9d9-ddb5-4fa4-a97d-d965ccfc6d4b" outcome="Passed" testListId="8c84fa94-04c1-424b-9868-57a2d4851a1d" relativeResultsDirectory="e90aca50-8713-47be-bb7b-8cfa8f463d51" dataRowInfo="1" resultType="DataDrivenDataRow" />
        <UnitTestResult executionId="4e4d5bbf-e2f3-4bcb-b139-09b63a7114cf" parentExecutionId="65cad3d7-686e-427f-894a-f479ddc4323e" testId="141ac01c-053a-7013-209a-8893b345c18f" testName="CreateAndVerifySHA512_Passing_Valid_Arguments_Returns_True (HashTests)" computerName="PC-SFERRARI" duration="00:00:00.0000304" startTime="2020-09-01T17:12:40.7446410+01:00" endTime="2020-09-01T17:12:40.7459650+01:00" testType="13cdc9d9-ddb5-4fa4-a97d-d965ccfc6d4b" outcome="Passed" testListId="8c84fa94-04c1-424b-9868-57a2d4851a1d" relativeResultsDirectory="4e4d5bbf-e2f3-4bcb-b139-09b63a7114cf" dataRowInfo="2" resultType="DataDrivenDataRow" />
        <UnitTestResult executionId="0a7409bf-c7b0-4459-be19-8e37858f9bcf" parentExecutionId="65cad3d7-686e-427f-894a-f479ddc4323e" testId="141ac01c-053a-7013-209a-8893b345c18f" testName="CreateAndVerifySHA512_Passing_Valid_Arguments_Returns_True (sdlfkjldsfksdfñl·%$·&amp;$/U&amp;/)(&amp;()?=)¿?^P*^PÑL,.,.lñ´ñ+98098'098098)" computerName="PC-SFERRARI" duration="00:00:00.0000263" startTime="2020-09-01T17:12:40.7446410+01:00" endTime="2020-09-01T17:12:40.7459650+01:00" testType="13cdc9d9-ddb5-4fa4-a97d-d965ccfc6d4b" outcome="Passed" testListId="8c84fa94-04c1-424b-9868-57a2d4851a1d" relativeResultsDirectory="0a7409bf-c7b0-4459-be19-8e37858f9bcf" dataRowInfo="3" resultType="DataDrivenDataRow" />
      </InnerResults>
    </UnitTestResult>
    <UnitTestResult executionId="7c89cdea-e9f2-47aa-805d-4345ec1de562" testId="97ac32f0-aa09-7e98-7ba4-4fe5f68e1600" testName="CreateAndVerifySHA256_Passing_Valid_Arguments_Returns_True" computerName="PC-SFERRARI" duration="00:00:00.0060259" startTime="2020-09-01T17:12:40.7148797+01:00" endTime="2020-09-01T17:12:40.7219537+01:00" testType="13cdc9d9-ddb5-4fa4-a97d-d965ccfc6d4b" outcome="Passed" testListId="8c84fa94-04c1-424b-9868-57a2d4851a1d" relativeResultsDirectory="7c89cdea-e9f2-47aa-805d-4345ec1de562" resultType="DataDrivenTest">
      <InnerResults>
        <UnitTestResult executionId="bfc3ea71-c8da-48d5-a349-708764c0c384" parentExecutionId="7c89cdea-e9f2-47aa-805d-4345ec1de562" testId="97ac32f0-aa09-7e98-7ba4-4fe5f68e1600" testName="CreateAndVerifySHA256_Passing_Valid_Arguments_Returns_True (Password)" computerName="PC-SFERRARI" duration="00:00:00.0054259" startTime="2020-09-01T17:12:40.7148797+01:00" endTime="2020-09-01T17:12:40.7219537+01:00" testType="13cdc9d9-ddb5-4fa4-a97d-d965ccfc6d4b" outcome="Passed" testListId="8c84fa94-04c1-424b-9868-57a2d4851a1d" relativeResultsDirectory="bfc3ea71-c8da-48d5-a349-708764c0c384" dataRowInfo="1" resultType="DataDrivenDataRow" />
        <UnitTestResult executionId="a9b518ad-2e44-4639-95ad-81be235daea2" parentExecutionId="7c89cdea-e9f2-47aa-805d-4345ec1de562" testId="97ac32f0-aa09-7e98-7ba4-4fe5f68e1600" testName="CreateAndVerifySHA256_Passing_Valid_Arguments_Returns_True (HashTests)" computerName="PC-SFERRARI" duration="00:00:00.0000608" startTime="2020-09-01T17:12:40.7148797+01:00" endTime="2020-09-01T17:12:40.7219537+01:00" testType="13cdc9d9-ddb5-4fa4-a97d-d965ccfc6d4b" outcome="Passed" testListId="8c84fa94-04c1-424b-9868-57a2d4851a1d" relativeResultsDirectory="a9b518ad-2e44-4639-95ad-81be235daea2" dataRowInfo="2" resultType="DataDrivenDataRow" />
        <UnitTestResult executionId="04d8c4ba-4484-4dce-9a0c-1089cea4209b" parentExecutionId="7c89cdea-e9f2-47aa-805d-4345ec1de562" testId="97ac32f0-aa09-7e98-7ba4-4fe5f68e1600" testName="CreateAndVerifySHA256_Passing_Valid_Arguments_Returns_True (sdlfkjldsfksdfñl·%$·&amp;$/U&amp;/)(&amp;()?=)¿?^P*^PÑL,.,.lñ´ñ+98098'098098)" computerName="PC-SFERRARI" duration="00:00:00.0000380" startTime="2020-09-01T17:12:40.7148797+01:00" endTime="2020-09-01T17:12:40.7219537+01:00" testType="13cdc9d9-ddb5-4fa4-a97d-d965ccfc6d4b" outcome="Passed" testListId="8c84fa94-04c1-424b-9868-57a2d4851a1d" relativeResultsDirectory="04d8c4ba-4484-4dce-9a0c-1089cea4209b" dataRowInfo="3" resultType="DataDrivenDataRow" />
      </InnerResults>
    </UnitTestResult>
    <UnitTestResult executionId="17f90cc5-e192-401f-82a3-835367eda480" testId="f09ee564-ba6b-846c-7215-1776329b0ea4" testName="ToAttribute_Passing_Enumeration_Name_Returns_Atributte" computerName="PC-SFERRARI" duration="00:00:00.0019115" startTime="2020-09-01T17:12:38.2547625+01:00" endTime="2020-09-01T17:12:38.2569820+01:00" testType="13cdc9d9-ddb5-4fa4-a97d-d965ccfc6d4b" outcome="Passed" testListId="8c84fa94-04c1-424b-9868-57a2d4851a1d" relativeResultsDirectory="17f90cc5-e192-401f-82a3-835367eda480" />
    <UnitTestResult executionId="6dc78e32-dd6b-4d97-922c-60eea949004d" testId="af1744a8-849e-ce3d-974d-b0417a9e373e" testName="ToHasErrors_Passing_InvalidValue_Returns_ApplicationExceptionWithMessage" computerName="PC-SFERRARI" duration="00:00:00.0007837" startTime="2020-09-01T17:12:37.4187252+01:00" endTime="2020-09-01T17:12:37.4197747+01:00" testType="13cdc9d9-ddb5-4fa4-a97d-d965ccfc6d4b" outcome="Passed" testListId="8c84fa94-04c1-424b-9868-57a2d4851a1d" relativeResultsDirectory="6dc78e32-dd6b-4d97-922c-60eea949004d" />
    <UnitTestResult executionId="37cd0f59-7c00-4844-89d0-97ddf98ab13d" testId="a8b20943-7fa3-43d0-f786-2908f6ceedd0" testName="ToContentType_Passing_ValidValueString_Returns_ContentType" computerName="PC-SFERRARI" duration="00:00:00.0236633" startTime="2020-09-01T17:12:38.9328236+01:00" endTime="2020-09-01T17:12:38.9565944+01:00" testType="13cdc9d9-ddb5-4fa4-a97d-d965ccfc6d4b" outcome="Passed" testListId="8c84fa94-04c1-424b-9868-57a2d4851a1d" relativeResultsDirectory="37cd0f59-7c00-4844-89d0-97ddf98ab13d" resultType="DataDrivenTest">
      <InnerResults>
        <UnitTestResult executionId="777434c4-d480-4967-9589-7e8d627fb579" parentExecutionId="37cd0f59-7c00-4844-89d0-97ddf98ab13d" testId="a8b20943-7fa3-43d0-f786-2908f6ceedd0" testName="ToContentType_Passing_ValidValueString_Returns_ContentType (xxxx.pdf,application/pdf)" computerName="PC-SFERRARI" duration="00:00:00.0233451" startTime="2020-09-01T17:12:38.9328236+01:00" endTime="2020-09-01T17:12:38.9565944+01:00" testType="13cdc9d9-ddb5-4fa4-a97d-d965ccfc6d4b" outcome="Passed" testListId="8c84fa94-04c1-424b-9868-57a2d4851a1d" relativeResultsDirectory="777434c4-d480-4967-9589-7e8d627fb579" dataRowInfo="1" resultType="DataDrivenDataRow" />
        <UnitTestResult executionId="52689f2a-802a-45da-b514-dcbbe9bde4dc" parentExecutionId="37cd0f59-7c00-4844-89d0-97ddf98ab13d" testId="a8b20943-7fa3-43d0-f786-2908f6ceedd0" testName="ToContentType_Passing_ValidValueString_Returns_ContentType (xxxx.json,application/json)" computerName="PC-SFERRARI" duration="00:00:00.0000488" startTime="2020-09-01T17:12:38.9328236+01:00" endTime="2020-09-01T17:12:38.9565944+01:00" testType="13cdc9d9-ddb5-4fa4-a97d-d965ccfc6d4b" outcome="Passed" testListId="8c84fa94-04c1-424b-9868-57a2d4851a1d" relativeResultsDirectory="52689f2a-802a-45da-b514-dcbbe9bde4dc" dataRowInfo="2" resultType="DataDrivenDataRow" />
        <UnitTestResult executionId="aa89a2c7-e7c7-4c3e-894a-71d4b7718b09" parentExecutionId="37cd0f59-7c00-4844-89d0-97ddf98ab13d" testId="a8b20943-7fa3-43d0-f786-2908f6ceedd0" testName="ToContentType_Passing_ValidValueString_Returns_ContentType (xxxx.gif,image/gif)" computerName="PC-SFERRARI" duration="00:00:00.0000309" startTime="2020-09-01T17:12:38.9328236+01:00" endTime="2020-09-01T17:12:38.9565944+01:00" testType="13cdc9d9-ddb5-4fa4-a97d-d965ccfc6d4b" outcome="Passed" testListId="8c84fa94-04c1-424b-9868-57a2d4851a1d" relativeResultsDirectory="aa89a2c7-e7c7-4c3e-894a-71d4b7718b09" dataRowInfo="3" resultType="DataDrivenDataRow" />
        <UnitTestResult executionId="42afcc2e-baca-4a0c-8afb-0bd455474dc6" parentExecutionId="37cd0f59-7c00-4844-89d0-97ddf98ab13d" testId="a8b20943-7fa3-43d0-f786-2908f6ceedd0" testName="ToContentType_Passing_ValidValueString_Returns_ContentType (xxxx.jpeg,image/jpeg)" computerName="PC-SFERRARI" duration="00:00:00.0000287" startTime="2020-09-01T17:12:38.9328236+01:00" endTime="2020-09-01T17:12:38.9565944+01:00" testType="13cdc9d9-ddb5-4fa4-a97d-d965ccfc6d4b" outcome="Passed" testListId="8c84fa94-04c1-424b-9868-57a2d4851a1d" relativeResultsDirectory="42afcc2e-baca-4a0c-8afb-0bd455474dc6" dataRowInfo="4" resultType="DataDrivenDataRow" />
        <UnitTestResult executionId="4b56c220-6b52-49b0-9eee-212ced31fde2" parentExecutionId="37cd0f59-7c00-4844-89d0-97ddf98ab13d" testId="a8b20943-7fa3-43d0-f786-2908f6ceedd0" testName="ToContentType_Passing_ValidValueString_Returns_ContentType (xxxx.html,text/html)" computerName="PC-SFERRARI" duration="00:00:00.0000272" startTime="2020-09-01T17:12:38.9328236+01:00" endTime="2020-09-01T17:12:38.9565944+01:00" testType="13cdc9d9-ddb5-4fa4-a97d-d965ccfc6d4b" outcome="Passed" testListId="8c84fa94-04c1-424b-9868-57a2d4851a1d" relativeResultsDirectory="4b56c220-6b52-49b0-9eee-212ced31fde2" dataRowInfo="5" resultType="DataDrivenDataRow" />
        <UnitTestResult executionId="14fdcc69-7264-40e9-8e88-82277b8028f5" parentExecutionId="37cd0f59-7c00-4844-89d0-97ddf98ab13d" testId="a8b20943-7fa3-43d0-f786-2908f6ceedd0" testName="ToContentType_Passing_ValidValueString_Returns_ContentType (xxxx.txt,text/plain)" computerName="PC-SFERRARI" duration="00:00:00.0000333" startTime="2020-09-01T17:12:38.9328236+01:00" endTime="2020-09-01T17:12:38.9565944+01:00" testType="13cdc9d9-ddb5-4fa4-a97d-d965ccfc6d4b" outcome="Passed" testListId="8c84fa94-04c1-424b-9868-57a2d4851a1d" relativeResultsDirectory="14fdcc69-7264-40e9-8e88-82277b8028f5" dataRowInfo="6" resultType="DataDrivenDataRow" />
      </InnerResults>
    </UnitTestResult>
    <UnitTestResult executionId="3dff9053-f0aa-4413-b126-892b2281d63e" testId="bb1027b7-1469-c705-4b36-f77fd9229b00" testName="ToIsNullOrAny_Passing_InvalidValue_Returns_True" computerName="PC-SFERRARI" duration="00:00:00.0001274" startTime="2020-09-01T17:12:37.4694023+01:00" endTime="2020-09-01T17:12:37.4696290+01:00" testType="13cdc9d9-ddb5-4fa4-a97d-d965ccfc6d4b" outcome="Passed" testListId="8c84fa94-04c1-424b-9868-57a2d4851a1d" relativeResultsDirectory="3dff9053-f0aa-4413-b126-892b2281d63e" />
    <UnitTestResult executionId="fe0f12ab-1077-4827-935f-b0772614dd5d" testId="d295464f-a17a-f539-e79a-d6f523fcf49e" testName="ToEnvironment_Passing_Service_Not_Found_Returns_ApplicationException" computerName="PC-SFERRARI" duration="00:00:00.0121718" startTime="2020-09-01T17:12:37.3517520+01:00" endTime="2020-09-01T17:12:37.3640296+01:00" testType="13cdc9d9-ddb5-4fa4-a97d-d965ccfc6d4b" outcome="Passed" testListId="8c84fa94-04c1-424b-9868-57a2d4851a1d" relativeResultsDirectory="fe0f12ab-1077-4827-935f-b0772614dd5d" />
    <UnitTestResult executionId="fe8b376d-0bad-4b02-9caa-83c8fef47421" testId="e3ed184b-300f-cd12-85b3-8a7ebedc73d8" testName="ToDefaultValue_Passing_ValidGuid_Returns_DefaultValue" computerName="PC-SFERRARI" duration="00:00:00.0002302" startTime="2020-09-01T17:12:39.5197708+01:00" endTime="2020-09-01T17:12:39.5200787+01:00" testType="13cdc9d9-ddb5-4fa4-a97d-d965ccfc6d4b" outcome="Passed" testListId="8c84fa94-04c1-424b-9868-57a2d4851a1d" relativeResultsDirectory="fe8b376d-0bad-4b02-9caa-83c8fef47421" />
    <UnitTestResult executionId="abf94ce6-0c7e-4708-97a8-b61f0f88707a" testId="06745a62-4d4f-287d-d70e-4f06820646ba" testName="ToEnvironment_ServiceCollection_Passing_Development_Enviroment_Returns_Development_Name" computerName="PC-SFERRARI" duration="00:00:00.0003842" startTime="2020-09-01T17:12:37.9468280+01:00" endTime="2020-09-01T17:12:37.9473073+01:00" testType="13cdc9d9-ddb5-4fa4-a97d-d965ccfc6d4b" outcome="Passed" testListId="8c84fa94-04c1-424b-9868-57a2d4851a1d" relativeResultsDirectory="abf94ce6-0c7e-4708-97a8-b61f0f88707a" />
    <UnitTestResult executionId="a6968d73-ad2e-4e36-aa31-0005cff6f8b6" testId="e308cd25-9ef3-a742-3e97-3796cdac9d85" testName="ToAssembly_Passing_ValidValueAssemblyString_Returns_Assembly" computerName="PC-SFERRARI" duration="00:00:00.0003182" startTime="2020-09-01T17:12:38.9321206+01:00" endTime="2020-09-01T17:12:38.9327965+01:00" testType="13cdc9d9-ddb5-4fa4-a97d-d965ccfc6d4b" outcome="Passed" testListId="8c84fa94-04c1-424b-9868-57a2d4851a1d" relativeResultsDirectory="a6968d73-ad2e-4e36-aa31-0005cff6f8b6" />
    <UnitTestResult executionId="22ce8768-f5fd-4004-b8ac-1f776bb43c0e" testId="befca560-4acc-5d69-c04c-46c8bc6349d8" testName="ToGet_Passing_Claims_Returns_Claim_Value_Object" computerName="PC-SFERRARI" duration="00:00:00.0048342" startTime="2020-09-01T17:12:37.6629732+01:00" endTime="2020-09-01T17:12:37.6679267+01:00" testType="13cdc9d9-ddb5-4fa4-a97d-d965ccfc6d4b" outcome="Passed" testListId="8c84fa94-04c1-424b-9868-57a2d4851a1d" relativeResultsDirectory="22ce8768-f5fd-4004-b8ac-1f776bb43c0e" />
    <UnitTestResult executionId="1b431b57-5d08-4280-99c6-edb2bac56f93" testId="5722059a-0037-40d7-d2be-e88e08495feb" testName="ToDefaultValue_Passing_short_Returns_Cero" computerName="PC-SFERRARI" duration="00:00:00.0002541" startTime="2020-09-01T17:12:38.3166935+01:00" endTime="2020-09-01T17:12:38.3170181+01:00" testType="13cdc9d9-ddb5-4fa4-a97d-d965ccfc6d4b" outcome="Passed" testListId="8c84fa94-04c1-424b-9868-57a2d4851a1d" relativeResultsDirectory="1b431b57-5d08-4280-99c6-edb2bac56f93" resultType="DataDrivenTest">
      <InnerResults>
        <UnitTestResult executionId="997dd7bc-fa89-4317-98ae-df08b3ac9a0d" parentExecutionId="1b431b57-5d08-4280-99c6-edb2bac56f93" testId="5722059a-0037-40d7-d2be-e88e08495feb" testName="ToDefaultValue_Passing_short_Returns_Cero (32767)" computerName="PC-SFERRARI" duration="00:00:00.0002190" startTime="2020-09-01T17:12:38.3166935+01:00" endTime="2020-09-01T17:12:38.3170181+01:00" testType="13cdc9d9-ddb5-4fa4-a97d-d965ccfc6d4b" outcome="Passed" testListId="8c84fa94-04c1-424b-9868-57a2d4851a1d" relativeResultsDirectory="997dd7bc-fa89-4317-98ae-df08b3ac9a0d" dataRowInfo="1" resultType="DataDrivenDataRow" />
      </InnerResults>
    </UnitTestResult>
    <UnitTestResult executionId="0d541d0f-5a78-4b38-9452-4e48356f3fa8" testId="5624b5fc-a59a-fbea-ef3f-9dbc8ef0c3b4" testName="ToConfiguration_Passing_Valid_DirectoryPath_Invalid_JsonFileName_Not_Optional_Returns_ApplicationException" computerName="PC-SFERRARI" duration="00:00:00.0517719" startTime="2020-09-01T17:12:37.8186790+01:00" endTime="2020-09-01T17:12:37.8705739+01:00" testType="13cdc9d9-ddb5-4fa4-a97d-d965ccfc6d4b" outcome="Passed" testListId="8c84fa94-04c1-424b-9868-57a2d4851a1d" relativeResultsDirectory="0d541d0f-5a78-4b38-9452-4e48356f3fa8" />
    <UnitTestResult executionId="0301779d-8a80-4f24-afdf-c5f07d02d3aa" testId="f12b1480-1a2c-e6b2-a7d5-e18e3051e76a" testName="ToService_Passing_Valid_Service_Returns_Service" computerName="PC-SFERRARI" duration="00:00:00.0003842" startTime="2020-09-01T17:12:37.3666287+01:00" endTime="2020-09-01T17:12:37.3670880+01:00" testType="13cdc9d9-ddb5-4fa4-a97d-d965ccfc6d4b" outcome="Passed" testListId="8c84fa94-04c1-424b-9868-57a2d4851a1d" relativeResultsDirectory="0301779d-8a80-4f24-afdf-c5f07d02d3aa" />
    <UnitTestResult executionId="efc67ef3-cad4-47c5-84d0-4ca73497c840" testId="8b6ffba5-03c6-3d4c-b745-d27bcc21e317" testName="ToExists_Passing_NotFound_Service_Returns_False" computerName="PC-SFERRARI" duration="00:00:00.0002656" startTime="2020-09-01T17:12:37.9842989+01:00" endTime="2020-09-01T17:12:37.9846428+01:00" testType="13cdc9d9-ddb5-4fa4-a97d-d965ccfc6d4b" outcome="Passed" testListId="8c84fa94-04c1-424b-9868-57a2d4851a1d" relativeResultsDirectory="efc67ef3-cad4-47c5-84d0-4ca73497c840" />
    <UnitTestResult executionId="e0d216af-4e63-4e08-8a91-2277d83718c3" testId="9014a3d8-456c-66d3-12d5-6a69005e537e" testName="ToTomorrow_Passing_DateTime_Returns_Tomorrow_DateTime" computerName="PC-SFERRARI" duration="00:00:00.0002034" startTime="2020-09-01T17:12:38.2116411+01:00" endTime="2020-09-01T17:12:38.2119232+01:00" testType="13cdc9d9-ddb5-4fa4-a97d-d965ccfc6d4b" outcome="Passed" testListId="8c84fa94-04c1-424b-9868-57a2d4851a1d" relativeResultsDirectory="e0d216af-4e63-4e08-8a91-2277d83718c3" />
    <UnitTestResult executionId="cedaa546-21e7-41ff-ad5e-232cc198a9d0" testId="ea5a518c-fa8e-c8f1-0a76-3fa15e99e78a" testName="ToIsNameThrow_Passing_InvalidValue_Returns_ApplicationExceptionWithMessage" computerName="PC-SFERRARI" duration="00:00:00.0033092" startTime="2020-09-01T17:12:37.4639363+01:00" endTime="2020-09-01T17:12:37.4673395+01:00" testType="13cdc9d9-ddb5-4fa4-a97d-d965ccfc6d4b" outcome="Passed" testListId="8c84fa94-04c1-424b-9868-57a2d4851a1d" relativeResultsDirectory="cedaa546-21e7-41ff-ad5e-232cc198a9d0" />
    <UnitTestResult executionId="a617f3ba-dc77-4674-b00e-23638491e007" testId="01155794-50c3-cf3c-83bd-404dcbf5f477" testName="ToUserName_Passing_Null_ClaimsPrincipal_Returns_ApplicationException" computerName="PC-SFERRARI" duration="00:00:00.0006683" startTime="2020-09-01T17:12:37.6966982+01:00" endTime="2020-09-01T17:12:37.6975701+01:00" testType="13cdc9d9-ddb5-4fa4-a97d-d965ccfc6d4b" outcome="Passed" testListId="8c84fa94-04c1-424b-9868-57a2d4851a1d" relativeResultsDirectory="a617f3ba-dc77-4674-b00e-23638491e007" />
    <UnitTestResult executionId="40061430-cd22-4735-a106-30ee92a799c4" testId="d3abb81b-44db-2c54-599b-2e57ce24e39c" testName="ToEmailMask_Passing_ValidEmail_Returns_EmailWithMask" computerName="PC-SFERRARI" duration="00:00:00.0001653" startTime="2020-09-01T17:12:39.0709801+01:00" endTime="2020-09-01T17:12:39.0712186+01:00" testType="13cdc9d9-ddb5-4fa4-a97d-d965ccfc6d4b" outcome="Passed" testListId="8c84fa94-04c1-424b-9868-57a2d4851a1d" relativeResultsDirectory="40061430-cd22-4735-a106-30ee92a799c4" resultType="DataDrivenTest">
      <InnerResults>
        <UnitTestResult executionId="1764f870-d048-4cb7-b9e9-b3184402949c" parentExecutionId="40061430-cd22-4735-a106-30ee92a799c4" testId="d3abb81b-44db-2c54-599b-2e57ce24e39c" testName="ToEmailMask_Passing_ValidEmail_Returns_EmailWithMask (miemail@gmail.com,m-----l@g---l.c-m,(?&lt;=(?:^|@)[^.]*)\B.\B|(?&lt;=[\w]{1})[\w-\+%]*(?=[\w]{1}),-)" computerName="PC-SFERRARI" duration="00:00:00.0001276" startTime="2020-09-01T17:12:39.0709801+01:00" endTime="2020-09-01T17:12:39.0712186+01:00" testType="13cdc9d9-ddb5-4fa4-a97d-d965ccfc6d4b" outcome="Passed" testListId="8c84fa94-04c1-424b-9868-57a2d4851a1d" relativeResultsDirectory="1764f870-d048-4cb7-b9e9-b3184402949c" dataRowInfo="1" resultType="DataDrivenDataRow" />
      </InnerResults>
    </UnitTestResult>
    <UnitTestResult executionId="64f60140-37fb-434c-b25c-8cf839450dd9" testId="4a3460f0-8b98-b2f9-7c19-a411860512f6" testName="ToFullMessage_Passing_ExceptionWithMessageWithInnerException_Returns_Full_Message" computerName="PC-SFERRARI" duration="00:00:00.0034264" startTime="2020-09-01T17:12:38.2631168+01:00" endTime="2020-09-01T17:12:38.2667590+01:00" testType="13cdc9d9-ddb5-4fa4-a97d-d965ccfc6d4b" outcome="Passed" testListId="8c84fa94-04c1-424b-9868-57a2d4851a1d" relativeResultsDirectory="64f60140-37fb-434c-b25c-8cf839450dd9" />
    <UnitTestResult executionId="05d99dc8-d3c2-4f17-a95c-5568671a5c46" testId="5f6c6d5e-b117-02f2-917e-cc0a0bc5fd84" testName="ToService_Passing_Service_Not_Found_Returns_ApplicationException" computerName="PC-SFERRARI" duration="00:00:00.0004064" startTime="2020-09-01T17:12:37.3657647+01:00" endTime="2020-09-01T17:12:37.3662507+01:00" testType="13cdc9d9-ddb5-4fa4-a97d-d965ccfc6d4b" outcome="Passed" testListId="8c84fa94-04c1-424b-9868-57a2d4851a1d" relativeResultsDirectory="05d99dc8-d3c2-4f17-a95c-5568671a5c46" />
    <UnitTestResult executionId="03f24028-a362-44d8-ad6d-09199e7f7ad6" testId="f01f6290-de81-a8e8-03a0-3dc388640afd" testName="ToGetAll_Passing_Claims_Returns_Claim_Value_Object_List" computerName="PC-SFERRARI" duration="00:00:00.0301107" startTime="2020-09-01T17:12:37.6271949+01:00" endTime="2020-09-01T17:12:37.6575010+01:00" testType="13cdc9d9-ddb5-4fa4-a97d-d965ccfc6d4b" outcome="Passed" testListId="8c84fa94-04c1-424b-9868-57a2d4851a1d" relativeResultsDirectory="03f24028-a362-44d8-ad6d-09199e7f7ad6" />
    <UnitTestResult executionId="4b97f321-d086-4ee3-9931-76163ac8b426" testId="3389c38d-b655-9e80-9e11-d73eb899bc2f" testName="ToHashAlgorithmName_Passing_InvalidValueString_Returns_Null" computerName="PC-SFERRARI" duration="00:00:00.0001861" startTime="2020-09-01T17:12:39.1827144+01:00" endTime="2020-09-01T17:12:39.1829705+01:00" testType="13cdc9d9-ddb5-4fa4-a97d-d965ccfc6d4b" outcome="Passed" testListId="8c84fa94-04c1-424b-9868-57a2d4851a1d" relativeResultsDirectory="4b97f321-d086-4ee3-9931-76163ac8b426" resultType="DataDrivenTest">
      <InnerResults>
        <UnitTestResult executionId="addff50d-3e5a-4d5b-a772-91f795b2ccd4" parentExecutionId="4b97f321-d086-4ee3-9931-76163ac8b426" testId="3389c38d-b655-9e80-9e11-d73eb899bc2f" testName="ToHashAlgorithmName_Passing_InvalidValueString_Returns_Null (hhhhhh)" computerName="PC-SFERRARI" duration="00:00:00.0001538" startTime="2020-09-01T17:12:39.1827144+01:00" endTime="2020-09-01T17:12:39.1829705+01:00" testType="13cdc9d9-ddb5-4fa4-a97d-d965ccfc6d4b" outcome="Passed" testListId="8c84fa94-04c1-424b-9868-57a2d4851a1d" relativeResultsDirectory="addff50d-3e5a-4d5b-a772-91f795b2ccd4" dataRowInfo="1" resultType="DataDrivenDataRow" />
      </InnerResults>
    </UnitTestResult>
    <UnitTestResult executionId="97cca145-d78e-4baf-98fd-c23c93bb011b" testId="64acda9a-8a2e-d920-11bc-cbd6d2a0d1a1" testName="ToIsWeekend_Passing_Sunday_DateTime_Returns_True" computerName="PC-SFERRARI" duration="00:00:00.0001082" startTime="2020-09-01T17:12:38.1802245+01:00" endTime="2020-09-01T17:12:38.1804047+01:00" testType="13cdc9d9-ddb5-4fa4-a97d-d965ccfc6d4b" outcome="Passed" testListId="8c84fa94-04c1-424b-9868-57a2d4851a1d" relativeResultsDirectory="97cca145-d78e-4baf-98fd-c23c93bb011b" />
    <UnitTestResult executionId="af35d4d7-d54e-4028-8d2f-fa8df7eb002c" testId="3622b24e-5f92-7764-ede1-51eedecd15e2" testName="IsEqual_Passing_InvalidArguments_Returns_HasErrorsAndCount" computerName="PC-SFERRARI" duration="00:00:00.0006623" startTime="2020-09-01T17:12:39.5440811+01:00" endTime="2020-09-01T17:12:39.5449211+01:00" testType="13cdc9d9-ddb5-4fa4-a97d-d965ccfc6d4b" outcome="Passed" testListId="8c84fa94-04c1-424b-9868-57a2d4851a1d" relativeResultsDirectory="af35d4d7-d54e-4028-8d2f-fa8df7eb002c" />
    <UnitTestResult executionId="27afa693-1647-4817-bc56-5720b1f6c4c6" testId="6a38239d-855c-a5eb-59db-53dcbc789347" testName="IsDirectory_Passing_InvalidArguments_Returns_HasErrorsAndCount" computerName="PC-SFERRARI" duration="00:00:00.0006349" startTime="2020-09-01T17:12:39.5208111+01:00" endTime="2020-09-01T17:12:39.5216732+01:00" testType="13cdc9d9-ddb5-4fa4-a97d-d965ccfc6d4b" outcome="Passed" testListId="8c84fa94-04c1-424b-9868-57a2d4851a1d" relativeResultsDirectory="27afa693-1647-4817-bc56-5720b1f6c4c6" />
    <UnitTestResult executionId="32087e52-706e-471a-beef-ea30a95b3fe7" testId="0941f429-aa92-ce96-588f-e696162f5398" testName="IsEmail_Passing_InvalidArguments_Returns_HasErrorsAndCount" computerName="PC-SFERRARI" duration="00:00:00.0001540" startTime="2020-09-01T17:12:39.5223415+01:00" endTime="2020-09-01T17:12:39.5225785+01:00" testType="13cdc9d9-ddb5-4fa4-a97d-d965ccfc6d4b" outcome="Passed" testListId="8c84fa94-04c1-424b-9868-57a2d4851a1d" relativeResultsDirectory="32087e52-706e-471a-beef-ea30a95b3fe7" />
    <UnitTestResult executionId="74b6798d-70ea-4d0f-88d0-4431c37d9620" testId="6537dd0f-ffc8-fd2a-861a-624b21268978" testName="ToDisplay_Passing_Enumeration_Name_Returns_Display_Atributte" computerName="PC-SFERRARI" duration="00:00:00.0051413" startTime="2020-09-01T17:12:38.2570207+01:00" endTime="2020-09-01T17:12:38.2622758+01:00" testType="13cdc9d9-ddb5-4fa4-a97d-d965ccfc6d4b" outcome="Passed" testListId="8c84fa94-04c1-424b-9868-57a2d4851a1d" relativeResultsDirectory="74b6798d-70ea-4d0f-88d0-4431c37d9620" />
    <UnitTestResult executionId="64d29e3f-a37f-4b19-90b5-b7da9f9bf896" testId="ead0a11b-44ec-8973-fd99-c43158b18c14" testName="ToDefaultValue_Passing_decimal_Returns_Cero" computerName="PC-SFERRARI" duration="00:00:00.0002609" startTime="2020-09-01T17:12:38.2947329+01:00" endTime="2020-09-01T17:12:38.2950729+01:00" testType="13cdc9d9-ddb5-4fa4-a97d-d965ccfc6d4b" outcome="Passed" testListId="8c84fa94-04c1-424b-9868-57a2d4851a1d" relativeResultsDirectory="64d29e3f-a37f-4b19-90b5-b7da9f9bf896" />
    <UnitTestResult executionId="44650c6b-d33b-426b-8bf9-3aaaf1f51b2c" testId="8bddabe7-b6bf-e8a0-1bef-884ff3132d8d" testName="ToEnum_Passing_InvalidValueString_Returns_EnumCustomValue" computerName="PC-SFERRARI" duration="00:00:00.0008524" startTime="2020-09-01T17:12:39.0724093+01:00" endTime="2020-09-01T17:12:39.0733463+01:00" testType="13cdc9d9-ddb5-4fa4-a97d-d965ccfc6d4b" outcome="Passed" testListId="8c84fa94-04c1-424b-9868-57a2d4851a1d" relativeResultsDirectory="44650c6b-d33b-426b-8bf9-3aaaf1f51b2c" />
    <UnitTestResult executionId="627b160e-ef68-468f-bf51-dbd5d7a18d05" testId="46b6f1f8-c604-191d-d990-242ae535cd55" testName="ToEmailMaskUserNameAndDomain_Passing_ValidEmail_Returns_EmailWithMask" computerName="PC-SFERRARI" duration="00:00:00.0003783" startTime="2020-09-01T17:12:39.0699815+01:00" endTime="2020-09-01T17:12:39.0705514+01:00" testType="13cdc9d9-ddb5-4fa4-a97d-d965ccfc6d4b" outcome="Passed" testListId="8c84fa94-04c1-424b-9868-57a2d4851a1d" relativeResultsDirectory="627b160e-ef68-468f-bf51-dbd5d7a18d05" resultType="DataDrivenTest">
      <InnerResults>
        <UnitTestResult executionId="69d45e4b-7dc3-47bd-a6e7-5f152fde41f1" parentExecutionId="627b160e-ef68-468f-bf51-dbd5d7a18d05" testId="46b6f1f8-c604-191d-d990-242ae535cd55" testName="ToEmailMaskUserNameAndDomain_Passing_ValidEmail_Returns_EmailWithMask (miemail@gmail.com,m*****l@g***l.com)" computerName="PC-SFERRARI" duration="00:00:00.0003257" startTime="2020-09-01T17:12:39.0699815+01:00" endTime="2020-09-01T17:12:39.0705514+01:00" testType="13cdc9d9-ddb5-4fa4-a97d-d965ccfc6d4b" outcome="Passed" testListId="8c84fa94-04c1-424b-9868-57a2d4851a1d" relativeResultsDirectory="69d45e4b-7dc3-47bd-a6e7-5f152fde41f1" dataRowInfo="1" resultType="DataDrivenDataRow" />
      </InnerResults>
    </UnitTestResult>
    <UnitTestResult executionId="af15d7c5-b0f2-4b64-a95f-dd8508208ab1" testId="5932a8ff-7d37-10cf-2a21-a95288a4601c" testName="ToIsAuthenticated_Passing_Null_ClaimsPrincipal_Returns_ApplicationException" computerName="PC-SFERRARI" duration="00:00:00.0005253" startTime="2020-09-01T17:12:37.6700753+01:00" endTime="2020-09-01T17:12:37.6706867+01:00" testType="13cdc9d9-ddb5-4fa4-a97d-d965ccfc6d4b" outcome="Passed" testListId="8c84fa94-04c1-424b-9868-57a2d4851a1d" relativeResultsDirectory="af15d7c5-b0f2-4b64-a95f-dd8508208ab1" />
    <UnitTestResult executionId="fb04a792-57c4-4b57-890b-864988796826" testId="90a3b545-3125-61d3-6aa1-65dd478210f0" testName="IsName_Passing_InvalidArguments_Returns_HasErrorsAndCount" computerName="PC-SFERRARI" duration="00:00:00.0001740" startTime="2020-09-01T17:12:39.5532786+01:00" endTime="2020-09-01T17:12:39.5535433+01:00" testType="13cdc9d9-ddb5-4fa4-a97d-d965ccfc6d4b" outcome="Passed" testListId="8c84fa94-04c1-424b-9868-57a2d4851a1d" relativeResultsDirectory="fb04a792-57c4-4b57-890b-864988796826" />
    <UnitTestResult executionId="9d08ca54-6f61-49a8-a422-32db09376705" testId="2761ce79-4c5e-006c-8199-c0c2a39fb318" testName="ToFormat_Passing_ValidValueFormatWithArguments_Returns_ValueWithFormat" computerName="PC-SFERRARI" duration="00:00:00.0003082" startTime="2020-09-01T17:12:39.1009155+01:00" endTime="2020-09-01T17:12:39.1013047+01:00" testType="13cdc9d9-ddb5-4fa4-a97d-d965ccfc6d4b" outcome="Passed" testListId="8c84fa94-04c1-424b-9868-57a2d4851a1d" relativeResultsDirectory="9d08ca54-6f61-49a8-a422-32db09376705" />
    <UnitTestResult executionId="1972a384-41b4-468d-aaa2-964f4b710655" testId="f1a8a2f2-6717-d1d3-ebe1-01337466e71f" testName="ToPaged_Passing_Age_Ascending_Order_Returns_Filter_List" computerName="PC-SFERRARI" duration="00:00:00.0033894" startTime="2020-09-01T17:12:38.8773956+01:00" endTime="2020-09-01T17:12:38.8810566+01:00" testType="13cdc9d9-ddb5-4fa4-a97d-d965ccfc6d4b" outcome="Passed" testListId="8c84fa94-04c1-424b-9868-57a2d4851a1d" relativeResultsDirectory="1972a384-41b4-468d-aaa2-964f4b710655" />
    <UnitTestResult executionId="9291a0d5-1596-4590-930f-31c8e6e3b043" testId="e29c6ee3-d46d-461f-3a52-1555a4bbe037" testName="ToIsEmailThrow_Passing_InvalidValue_Returns_ApplicationExceptionWithMessage" computerName="PC-SFERRARI" duration="00:00:00.0083552" startTime="2020-09-01T17:12:37.4211162+01:00" endTime="2020-09-01T17:12:37.4303819+01:00" testType="13cdc9d9-ddb5-4fa4-a97d-d965ccfc6d4b" outcome="Passed" testListId="8c84fa94-04c1-424b-9868-57a2d4851a1d" relativeResultsDirectory="9291a0d5-1596-4590-930f-31c8e6e3b043" resultType="DataDrivenTest">
      <InnerResults>
        <UnitTestResult executionId="cc984da1-1e1f-40e0-86b9-9ade9b94a11f" parentExecutionId="9291a0d5-1596-4590-930f-31c8e6e3b043" testId="e29c6ee3-d46d-461f-3a52-1555a4bbe037" testName="ToIsEmailThrow_Passing_InvalidValue_Returns_ApplicationExceptionWithMessage (dasdasd@dsasd.._ff)" computerName="PC-SFERRARI" duration="00:00:00.0058388" startTime="2020-09-01T17:12:37.4211162+01:00" endTime="2020-09-01T17:12:37.4303819+01:00" testType="13cdc9d9-ddb5-4fa4-a97d-d965ccfc6d4b" outcome="Passed" testListId="8c84fa94-04c1-424b-9868-57a2d4851a1d" relativeResultsDirectory="cc984da1-1e1f-40e0-86b9-9ade9b94a11f" dataRowInfo="1" resultType="DataDrivenDataRow" />
        <UnitTestResult executionId="101d5372-69cf-429b-9d18-ea668dc54493" parentExecutionId="9291a0d5-1596-4590-930f-31c8e6e3b043" testId="e29c6ee3-d46d-461f-3a52-1555a4bbe037" testName="ToIsEmailThrow_Passing_InvalidValue_Returns_ApplicationExceptionWithMessage (34fsds@@sdd.f)" computerName="PC-SFERRARI" duration="00:00:00.0000688" startTime="2020-09-01T17:12:37.4211162+01:00" endTime="2020-09-01T17:12:37.4303819+01:00" testType="13cdc9d9-ddb5-4fa4-a97d-d965ccfc6d4b" outcome="Passed" testListId="8c84fa94-04c1-424b-9868-57a2d4851a1d" relativeResultsDirectory="101d5372-69cf-429b-9d18-ea668dc54493" dataRowInfo="2" resultType="DataDrivenDataRow" />
        <UnitTestResult executionId="43ba1b9d-062b-4c06-99af-cc99cae75f75" parentExecutionId="9291a0d5-1596-4590-930f-31c8e6e3b043" testId="e29c6ee3-d46d-461f-3a52-1555a4bbe037" testName="ToIsEmailThrow_Passing_InvalidValue_Returns_ApplicationExceptionWithMessage ()" computerName="PC-SFERRARI" duration="00:00:00.0000379" startTime="2020-09-01T17:12:37.4211162+01:00" endTime="2020-09-01T17:12:37.4303819+01:00" testType="13cdc9d9-ddb5-4fa4-a97d-d965ccfc6d4b" outcome="Passed" testListId="8c84fa94-04c1-424b-9868-57a2d4851a1d" relativeResultsDirectory="43ba1b9d-062b-4c06-99af-cc99cae75f75" dataRowInfo="3" resultType="DataDrivenDataRow" />
        <UnitTestResult executionId="ab4bb4bc-1253-4285-92e8-8681bb226f96" parentExecutionId="9291a0d5-1596-4590-930f-31c8e6e3b043" testId="e29c6ee3-d46d-461f-3a52-1555a4bbe037" testName="ToIsEmailThrow_Passing_InvalidValue_Returns_ApplicationExceptionWithMessage ()" computerName="PC-SFERRARI" duration="00:00:00.0000303" startTime="2020-09-01T17:12:37.4211162+01:00" endTime="2020-09-01T17:12:37.4303819+01:00" testType="13cdc9d9-ddb5-4fa4-a97d-d965ccfc6d4b" outcome="Passed" testListId="8c84fa94-04c1-424b-9868-57a2d4851a1d" relativeResultsDirectory="ab4bb4bc-1253-4285-92e8-8681bb226f96" dataRowInfo="4" resultType="DataDrivenDataRow" />
        <UnitTestResult executionId="b29ef4ce-1a44-4e40-9a05-31ce50b66a69" parentExecutionId="9291a0d5-1596-4590-930f-31c8e6e3b043" testId="e29c6ee3-d46d-461f-3a52-1555a4bbe037" testName="ToIsEmailThrow_Passing_InvalidValue_Returns_ApplicationExceptionWithMessage (34?fsds@sdd.yy)" computerName="PC-SFERRARI" duration="00:00:00.0000383" startTime="2020-09-01T17:12:37.4211162+01:00" endTime="2020-09-01T17:12:37.4303819+01:00" testType="13cdc9d9-ddb5-4fa4-a97d-d965ccfc6d4b" outcome="Passed" testListId="8c84fa94-04c1-424b-9868-57a2d4851a1d" relativeResultsDirectory="b29ef4ce-1a44-4e40-9a05-31ce50b66a69" dataRowInfo="5" resultType="DataDrivenDataRow" />
      </InnerResults>
    </UnitTestResult>
    <UnitTestResult executionId="3c5dfbc2-f76c-42e8-933b-49d1365d3079" testId="ab09828e-76b4-f849-312f-3e5de8fe1910" testName="ToHashAlgorithmName_Passing_ValidValueString_Returns_HashAlgorithmName" computerName="PC-SFERRARI" duration="00:00:00.0001786" startTime="2020-09-01T17:12:39.1829948+01:00" endTime="2020-09-01T17:12:39.1832408+01:00" testType="13cdc9d9-ddb5-4fa4-a97d-d965ccfc6d4b" outcome="Passed" testListId="8c84fa94-04c1-424b-9868-57a2d4851a1d" relativeResultsDirectory="3c5dfbc2-f76c-42e8-933b-49d1365d3079" resultType="DataDrivenTest">
      <InnerResults>
        <UnitTestResult executionId="d156e430-ed0d-4750-9b6e-9e8feaa14e67" parentExecutionId="3c5dfbc2-f76c-42e8-933b-49d1365d3079" testId="ab09828e-76b4-f849-312f-3e5de8fe1910" testName="ToHashAlgorithmName_Passing_ValidValueString_Returns_HashAlgorithmName (MD5)" computerName="PC-SFERRARI" duration="00:00:00.0001465" startTime="2020-09-01T17:12:39.1829948+01:00" endTime="2020-09-01T17:12:39.1832408+01:00" testType="13cdc9d9-ddb5-4fa4-a97d-d965ccfc6d4b" outcome="Passed" testListId="8c84fa94-04c1-424b-9868-57a2d4851a1d" relativeResultsDirectory="d156e430-ed0d-4750-9b6e-9e8feaa14e67" dataRowInfo="1" resultType="DataDrivenDataRow" />
      </InnerResults>
    </UnitTestResult>
    <UnitTestResult executionId="91b590ad-e1b0-4aea-a47c-d904b9d7e894" testId="b4229bc5-5fde-fcc2-17b7-755e30616eb2" testName="ToEnum_Passing_InvalidValueInt_Returns_EnumDefaultValue" computerName="PC-SFERRARI" duration="00:00:00.0001122" startTime="2020-09-01T17:12:39.0721851+01:00" endTime="2020-09-01T17:12:39.0723878+01:00" testType="13cdc9d9-ddb5-4fa4-a97d-d965ccfc6d4b" outcome="Passed" testListId="8c84fa94-04c1-424b-9868-57a2d4851a1d" relativeResultsDirectory="91b590ad-e1b0-4aea-a47c-d904b9d7e894" />
    <UnitTestResult executionId="d3195f2f-f170-44c0-9223-59d4321d9849" testId="c3009aa1-8370-91cf-8fdd-98e893aa7661" testName="ToConfiguration_Passing_Invalid_DirectoryPath_Returns_ApplicationException" computerName="PC-SFERRARI" duration="00:00:00.0005792" startTime="2020-09-01T17:12:37.7933880+01:00" endTime="2020-09-01T17:12:37.7940908+01:00" testType="13cdc9d9-ddb5-4fa4-a97d-d965ccfc6d4b" outcome="Passed" testListId="8c84fa94-04c1-424b-9868-57a2d4851a1d" relativeResultsDirectory="d3195f2f-f170-44c0-9223-59d4321d9849" />
    <UnitTestResult executionId="bc934fc6-1dd9-4481-ade6-476334c745f2" testId="a9475552-19d3-b426-f4bb-8921ee8f5b83" testName="ToHashAlgorithmName_Passing_InvalidValueLowerCaseStringWithDefaultValue_Returns_DefaultValue" computerName="PC-SFERRARI" duration="00:00:00.0018139" startTime="2020-09-01T17:12:39.1013273+01:00" endTime="2020-09-01T17:12:39.1032228+01:00" testType="13cdc9d9-ddb5-4fa4-a97d-d965ccfc6d4b" outcome="Passed" testListId="8c84fa94-04c1-424b-9868-57a2d4851a1d" relativeResultsDirectory="bc934fc6-1dd9-4481-ade6-476334c745f2" resultType="DataDrivenTest">
      <InnerResults>
        <UnitTestResult executionId="46532e5d-cec5-4a4c-a9d5-7d29040a4f62" parentExecutionId="bc934fc6-1dd9-4481-ade6-476334c745f2" testId="a9475552-19d3-b426-f4bb-8921ee8f5b83" testName="ToHashAlgorithmName_Passing_InvalidValueLowerCaseStringWithDefaultValue_Returns_DefaultValue (md5)" computerName="PC-SFERRARI" duration="00:00:00.0017664" startTime="2020-09-01T17:12:39.1013273+01:00" endTime="2020-09-01T17:12:39.1032228+01:00" testType="13cdc9d9-ddb5-4fa4-a97d-d965ccfc6d4b" outcome="Passed" testListId="8c84fa94-04c1-424b-9868-57a2d4851a1d" relativeResultsDirectory="46532e5d-cec5-4a4c-a9d5-7d29040a4f62" dataRowInfo="1" resultType="DataDrivenDataRow" />
      </InnerResults>
    </UnitTestResult>
    <UnitTestResult executionId="c83a99c4-7bdb-4827-b934-a4fe550b1cef" testId="d2b536b6-91b7-3a37-81e1-52a8ffae44ff" testName="ToGetAll_Passing_Claims_Returns_Claim_Value_String_List" computerName="PC-SFERRARI" duration="00:00:00.0030846" startTime="2020-09-01T17:12:37.6575388+01:00" endTime="2020-09-01T17:12:37.6607545+01:00" testType="13cdc9d9-ddb5-4fa4-a97d-d965ccfc6d4b" outcome="Passed" testListId="8c84fa94-04c1-424b-9868-57a2d4851a1d" relativeResultsDirectory="c83a99c4-7bdb-4827-b934-a4fe550b1cef" />
    <UnitTestResult executionId="3ca38850-e1f5-4b48-bb6e-6c2f43d3e48f" testId="14185e7c-324a-518a-7989-87f2ea285719" testName="ToServiceMatchingInterface_Passing_Empties_Assemblies_Returns_ApplicationException" computerName="PC-SFERRARI" duration="00:00:00.0262062" startTime="2020-09-01T17:12:37.9851024+01:00" endTime="2020-09-01T17:12:38.0114000+01:00" testType="13cdc9d9-ddb5-4fa4-a97d-d965ccfc6d4b" outcome="Passed" testListId="8c84fa94-04c1-424b-9868-57a2d4851a1d" relativeResultsDirectory="3ca38850-e1f5-4b48-bb6e-6c2f43d3e48f" />
    <UnitTestResult executionId="353dac17-fba8-447c-8f8b-ad50b67ab5ac" testId="9cc81af3-a804-7f80-c1ad-5fdf5e5384a7" testName="ToConfiguration_Passing_Valid_DirectoryPath_Valid_JsonFileName_Returns_Ok" computerName="PC-SFERRARI" duration="00:00:00.0752702" startTime="2020-09-01T17:12:37.8706220+01:00" endTime="2020-09-01T17:12:37.9460524+01:00" testType="13cdc9d9-ddb5-4fa4-a97d-d965ccfc6d4b" outcome="Passed" testListId="8c84fa94-04c1-424b-9868-57a2d4851a1d" relativeResultsDirectory="353dac17-fba8-447c-8f8b-ad50b67ab5ac" />
    <UnitTestResult executionId="0078bccc-44d9-4a09-b82c-ce643779c4e7" testId="072d4713-e5d8-44fc-5b77-95317f0d417b" testName="ToUri_Passing_InvalidValueString_Returns_DefaultValue" computerName="PC-SFERRARI" duration="00:00:00.0013056" startTime="2020-09-01T17:12:39.3046931+01:00" endTime="2020-09-01T17:12:39.3061786+01:00" testType="13cdc9d9-ddb5-4fa4-a97d-d965ccfc6d4b" outcome="Passed" testListId="8c84fa94-04c1-424b-9868-57a2d4851a1d" relativeResultsDirectory="0078bccc-44d9-4a09-b82c-ce643779c4e7" resultType="DataDrivenTest">
      <InnerResults>
        <UnitTestResult executionId="4dd78303-6c00-4561-9826-75ba20648c09" parentExecutionId="0078bccc-44d9-4a09-b82c-ce643779c4e7" testId="072d4713-e5d8-44fc-5b77-95317f0d417b" testName="ToUri_Passing_InvalidValueString_Returns_DefaultValue (http://?)" computerName="PC-SFERRARI" duration="00:00:00.0010616" startTime="2020-09-01T17:12:39.3046931+01:00" endTime="2020-09-01T17:12:39.3061786+01:00" testType="13cdc9d9-ddb5-4fa4-a97d-d965ccfc6d4b" outcome="Passed" testListId="8c84fa94-04c1-424b-9868-57a2d4851a1d" relativeResultsDirectory="4dd78303-6c00-4561-9826-75ba20648c09" dataRowInfo="1" resultType="DataDrivenDataRow" />
        <UnitTestResult executionId="e9aab5c1-e955-4b10-9a16-f1626646f9a8" parentExecutionId="0078bccc-44d9-4a09-b82c-ce643779c4e7" testId="072d4713-e5d8-44fc-5b77-95317f0d417b" testName="ToUri_Passing_InvalidValueString_Returns_DefaultValue (http://)" computerName="PC-SFERRARI" duration="00:00:00.0000104" startTime="2020-09-01T17:12:39.3046931+01:00" endTime="2020-09-01T17:12:39.3061786+01:00" testType="13cdc9d9-ddb5-4fa4-a97d-d965ccfc6d4b" outcome="Passed" testListId="8c84fa94-04c1-424b-9868-57a2d4851a1d" relativeResultsDirectory="e9aab5c1-e955-4b10-9a16-f1626646f9a8" dataRowInfo="2" resultType="DataDrivenDataRow" />
        <UnitTestResult executionId="38845429-39e1-4fff-a021-b8c4df28319c" parentExecutionId="0078bccc-44d9-4a09-b82c-ce643779c4e7" testId="072d4713-e5d8-44fc-5b77-95317f0d417b" testName="ToUri_Passing_InvalidValueString_Returns_DefaultValue (http://.)" computerName="PC-SFERRARI" duration="00:00:00.0000343" startTime="2020-09-01T17:12:39.3046931+01:00" endTime="2020-09-01T17:12:39.3061786+01:00" testType="13cdc9d9-ddb5-4fa4-a97d-d965ccfc6d4b" outcome="Passed" testListId="8c84fa94-04c1-424b-9868-57a2d4851a1d" relativeResultsDirectory="38845429-39e1-4fff-a021-b8c4df28319c" dataRowInfo="3" resultType="DataDrivenDataRow" />
        <UnitTestResult executionId="9a60e90c-35e9-4ec0-9497-3369bf38c880" parentExecutionId="0078bccc-44d9-4a09-b82c-ce643779c4e7" testId="072d4713-e5d8-44fc-5b77-95317f0d417b" testName="ToUri_Passing_InvalidValueString_Returns_DefaultValue (http://..)" computerName="PC-SFERRARI" duration="00:00:00.0000053" startTime="2020-09-01T17:12:39.3046931+01:00" endTime="2020-09-01T17:12:39.3061786+01:00" testType="13cdc9d9-ddb5-4fa4-a97d-d965ccfc6d4b" outcome="Passed" testListId="8c84fa94-04c1-424b-9868-57a2d4851a1d" relativeResultsDirectory="9a60e90c-35e9-4ec0-9497-3369bf38c880" dataRowInfo="4" resultType="DataDrivenDataRow" />
        <UnitTestResult executionId="6017d634-39ca-4630-acfb-dde33689f0c1" parentExecutionId="0078bccc-44d9-4a09-b82c-ce643779c4e7" testId="072d4713-e5d8-44fc-5b77-95317f0d417b" testName="ToUri_Passing_InvalidValueString_Returns_DefaultValue (http://../)" computerName="PC-SFERRARI" duration="00:00:00.0000035" startTime="2020-09-01T17:12:39.3046931+01:00" endTime="2020-09-01T17:12:39.3061786+01:00" testType="13cdc9d9-ddb5-4fa4-a97d-d965ccfc6d4b" outcome="Passed" testListId="8c84fa94-04c1-424b-9868-57a2d4851a1d" relativeResultsDirectory="6017d634-39ca-4630-acfb-dde33689f0c1" dataRowInfo="5" resultType="DataDrivenDataRow" />
        <UnitTestResult executionId="6c321695-9c49-400a-9a05-2d4fc9c126ff" parentExecutionId="0078bccc-44d9-4a09-b82c-ce643779c4e7" testId="072d4713-e5d8-44fc-5b77-95317f0d417b" testName="ToUri_Passing_InvalidValueString_Returns_DefaultValue (http://?)" computerName="PC-SFERRARI" duration="00:00:00.0000033" startTime="2020-09-01T17:12:39.3046931+01:00" endTime="2020-09-01T17:12:39.3061786+01:00" testType="13cdc9d9-ddb5-4fa4-a97d-d965ccfc6d4b" outcome="Passed" testListId="8c84fa94-04c1-424b-9868-57a2d4851a1d" relativeResultsDirectory="6c321695-9c49-400a-9a05-2d4fc9c126ff" dataRowInfo="6" resultType="DataDrivenDataRow" />
        <UnitTestResult executionId="56e345d4-9763-4238-9712-59da5c979cab" parentExecutionId="0078bccc-44d9-4a09-b82c-ce643779c4e7" testId="072d4713-e5d8-44fc-5b77-95317f0d417b" testName="ToUri_Passing_InvalidValueString_Returns_DefaultValue (http://??)" computerName="PC-SFERRARI" duration="00:00:00.0000032" startTime="2020-09-01T17:12:39.3046931+01:00" endTime="2020-09-01T17:12:39.3061786+01:00" testType="13cdc9d9-ddb5-4fa4-a97d-d965ccfc6d4b" outcome="Passed" testListId="8c84fa94-04c1-424b-9868-57a2d4851a1d" relativeResultsDirectory="56e345d4-9763-4238-9712-59da5c979cab" dataRowInfo="7" resultType="DataDrivenDataRow" />
        <UnitTestResult executionId="92c72be6-0549-40d7-ae29-f2439dfce198" parentExecutionId="0078bccc-44d9-4a09-b82c-ce643779c4e7" testId="072d4713-e5d8-44fc-5b77-95317f0d417b" testName="ToUri_Passing_InvalidValueString_Returns_DefaultValue (http://??/)" computerName="PC-SFERRARI" duration="00:00:00.0000031" startTime="2020-09-01T17:12:39.3046931+01:00" endTime="2020-09-01T17:12:39.3061786+01:00" testType="13cdc9d9-ddb5-4fa4-a97d-d965ccfc6d4b" outcome="Passed" testListId="8c84fa94-04c1-424b-9868-57a2d4851a1d" relativeResultsDirectory="92c72be6-0549-40d7-ae29-f2439dfce198" dataRowInfo="8" resultType="DataDrivenDataRow" />
        <UnitTestResult executionId="22b8d7e5-efa8-4311-b6b5-7e0a7ce9480c" parentExecutionId="0078bccc-44d9-4a09-b82c-ce643779c4e7" testId="072d4713-e5d8-44fc-5b77-95317f0d417b" testName="ToUri_Passing_InvalidValueString_Returns_DefaultValue (http://#)" computerName="PC-SFERRARI" duration="00:00:00.0000033" startTime="2020-09-01T17:12:39.3046931+01:00" endTime="2020-09-01T17:12:39.3061786+01:00" testType="13cdc9d9-ddb5-4fa4-a97d-d965ccfc6d4b" outcome="Passed" testListId="8c84fa94-04c1-424b-9868-57a2d4851a1d" relativeResultsDirectory="22b8d7e5-efa8-4311-b6b5-7e0a7ce9480c" dataRowInfo="9" resultType="DataDrivenDataRow" />
        <UnitTestResult executionId="f8a382b4-4f9f-4405-960d-41f8b842d064" parentExecutionId="0078bccc-44d9-4a09-b82c-ce643779c4e7" testId="072d4713-e5d8-44fc-5b77-95317f0d417b" testName="ToUri_Passing_InvalidValueString_Returns_DefaultValue (http://##)" computerName="PC-SFERRARI" duration="00:00:00.0000032" startTime="2020-09-01T17:12:39.3046931+01:00" endTime="2020-09-01T17:12:39.3061786+01:00" testType="13cdc9d9-ddb5-4fa4-a97d-d965ccfc6d4b" outcome="Passed" testListId="8c84fa94-04c1-424b-9868-57a2d4851a1d" relativeResultsDirectory="f8a382b4-4f9f-4405-960d-41f8b842d064" dataRowInfo="10" resultType="DataDrivenDataRow" />
        <UnitTestResult executionId="7ab42460-8039-4f8f-aee5-b1ecfa4ed27e" parentExecutionId="0078bccc-44d9-4a09-b82c-ce643779c4e7" testId="072d4713-e5d8-44fc-5b77-95317f0d417b" testName="ToUri_Passing_InvalidValueString_Returns_DefaultValue (http://##/)" computerName="PC-SFERRARI" duration="00:00:00.0000033" startTime="2020-09-01T17:12:39.3046931+01:00" endTime="2020-09-01T17:12:39.3061786+01:00" testType="13cdc9d9-ddb5-4fa4-a97d-d965ccfc6d4b" outcome="Passed" testListId="8c84fa94-04c1-424b-9868-57a2d4851a1d" relativeResultsDirectory="7ab42460-8039-4f8f-aee5-b1ecfa4ed27e" dataRowInfo="11" resultType="DataDrivenDataRow" />
      </InnerResults>
    </UnitTestResult>
    <UnitTestResult executionId="095301ef-3a94-4618-a7f1-d7f3081a2c96" testId="246e1592-d2e4-058a-cf8f-cb38ff319272" testName="ToSubdomain_Passing_HttpRequest_Host_Returns_Subdomain" computerName="PC-SFERRARI" duration="00:00:00.0011218" startTime="2020-09-01T17:12:38.4673204+01:00" endTime="2020-09-01T17:12:38.4685365+01:00" testType="13cdc9d9-ddb5-4fa4-a97d-d965ccfc6d4b" outcome="Passed" testListId="8c84fa94-04c1-424b-9868-57a2d4851a1d" relativeResultsDirectory="095301ef-3a94-4618-a7f1-d7f3081a2c96" />
    <UnitTestResult executionId="42bbab07-1410-44cb-8697-ffc532300ad2" testId="5b4e0ac0-70e5-7eaa-3490-17d565af10b8" testName="ToRemove_Passing_ValidValue_Returns_ValueWithoutRemovedChars" computerName="PC-SFERRARI" duration="00:00:00.0007075" startTime="2020-09-01T17:12:39.2289275+01:00" endTime="2020-09-01T17:12:39.2297658+01:00" testType="13cdc9d9-ddb5-4fa4-a97d-d965ccfc6d4b" outcome="Passed" testListId="8c84fa94-04c1-424b-9868-57a2d4851a1d" relativeResultsDirectory="42bbab07-1410-44cb-8697-ffc532300ad2" resultType="DataDrivenTest">
      <InnerResults>
        <UnitTestResult executionId="6d7660b2-0280-4f40-9028-87a321b95c5c" parentExecutionId="42bbab07-1410-44cb-8697-ffc532300ad2" testId="5b4e0ac0-70e5-7eaa-3490-17d565af10b8" testName="ToRemove_Passing_ValidValue_Returns_ValueWithoutRemovedChars ( *, ,*)" computerName="PC-SFERRARI" duration="00:00:00.0004702" startTime="2020-09-01T17:12:39.2289275+01:00" endTime="2020-09-01T17:12:39.2297658+01:00" testType="13cdc9d9-ddb5-4fa4-a97d-d965ccfc6d4b" outcome="Passed" testListId="8c84fa94-04c1-424b-9868-57a2d4851a1d" relativeResultsDirectory="6d7660b2-0280-4f40-9028-87a321b95c5c" dataRowInfo="1" resultType="DataDrivenDataRow" />
        <UnitTestResult executionId="d308729b-d36e-4821-8d21-dbd788f7d850" parentExecutionId="42bbab07-1410-44cb-8697-ffc532300ad2" testId="5b4e0ac0-70e5-7eaa-3490-17d565af10b8" testName="ToRemove_Passing_ValidValue_Returns_ValueWithoutRemovedChars (* , ,*)" computerName="PC-SFERRARI" duration="00:00:00.0000064" startTime="2020-09-01T17:12:39.2289275+01:00" endTime="2020-09-01T17:12:39.2297658+01:00" testType="13cdc9d9-ddb5-4fa4-a97d-d965ccfc6d4b" outcome="Passed" testListId="8c84fa94-04c1-424b-9868-57a2d4851a1d" relativeResultsDirectory="d308729b-d36e-4821-8d21-dbd788f7d850" dataRowInfo="2" resultType="DataDrivenDataRow" />
[...]
    <TestEntry testId="46b6f1f8-c604-191d-d990-242ae535cd55" executionId="627b160e-ef68-468f-bf51-dbd5d7a18d05" testListId="8c84fa94-04c1-424b-9868-57a2d4851a1d" />
    <TestEntry testId="5932a8ff-7d37-10cf-2a21-a95288a4601c" executionId="af15d7c5-b0f2-4b64-a95f-dd8508208ab1" testListId="8c84fa94-04c1-424b-9868-57a2d4851a1d" />
    <TestEntry testId="90a3b545-3125-61d3-6aa1-65dd478210f0" executionId="fb04a792-57c4-4b57-890b-864988796826" testListId="8c84fa94-04c1-424b-9868-57a2d4851a1d" />
    <TestEntry testId="2761ce79-4c5e-006c-8199-c0c2a39fb318" executionId="9d08ca54-6f61-49a8-a422-32db09376705" testListId="8c84fa94-04c1-424b-9868-57a2d4851a1d" />
    <TestEntry testId="f1a8a2f2-6717-d1d3-ebe1-01337466e71f" executionId="1972a384-41b4-468d-aaa2-964f4b710655" testListId="8c84fa94-04c1-424b-9868-57a2d4851a1d" />
    <TestEntry testId="e29c6ee3-d46d-461f-3a52-1555a4bbe037" executionId="9291a0d5-1596-4590-930f-31c8e6e3b043" testListId="8c84fa94-04c1-424b-9868-57a2d4851a1d" />
    <TestEntry testId="ab09828e-76b4-f849-312f-3e5de8fe1910" executionId="3c5dfbc2-f76c-42e8-933b-49d1365d3079" testListId="8c84fa94-04c1-424b-9868-57a2d4851a1d" />
    <TestEntry testId="b4229bc5-5fde-fcc2-17b7-755e30616eb2" executionId="91b590ad-e1b0-4aea-a47c-d904b9d7e894" testListId="8c84fa94-04c1-424b-9868-57a2d4851a1d" />
    <TestEntry testId="c3009aa1-8370-91cf-8fdd-98e893aa7661" executionId="d3195f2f-f170-44c0-9223-59d4321d9849" testListId="8c84fa94-04c1-424b-9868-57a2d4851a1d" />
    <TestEntry testId="a9475552-19d3-b426-f4bb-8921ee8f5b83" executionId="bc934fc6-1dd9-4481-ade6-476334c745f2" testListId="8c84fa94-04c1-424b-9868-57a2d4851a1d" />
    <TestEntry testId="d2b536b6-91b7-3a37-81e1-52a8ffae44ff" executionId="c83a99c4-7bdb-4827-b934-a4fe550b1cef" testListId="8c84fa94-04c1-424b-9868-57a2d4851a1d" />
    <TestEntry testId="14185e7c-324a-518a-7989-87f2ea285719" executionId="3ca38850-e1f5-4b48-bb6e-6c2f43d3e48f" testListId="8c84fa94-04c1-424b-9868-57a2d4851a1d" />
    <TestEntry testId="9cc81af3-a804-7f80-c1ad-5fdf5e5384a7" executionId="353dac17-fba8-447c-8f8b-ad50b67ab5ac" testListId="8c84fa94-04c1-424b-9868-57a2d4851a1d" />
    <TestEntry testId="072d4713-e5d8-44fc-5b77-95317f0d417b" executionId="0078bccc-44d9-4a09-b82c-ce643779c4e7" testListId="8c84fa94-04c1-424b-9868-57a2d4851a1d" />
    <TestEntry testId="246e1592-d2e4-058a-cf8f-cb38ff319272" executionId="095301ef-3a94-4618-a7f1-d7f3081a2c96" testListId="8c84fa94-04c1-424b-9868-57a2d4851a1d" />
    <TestEntry testId="5b4e0ac0-70e5-7eaa-3490-17d565af10b8" executionId="42bbab07-1410-44cb-8697-ffc532300ad2" testListId="8c84fa94-04c1-424b-9868-57a2d4851a1d" />
    <TestEntry testId="ef938d1e-37d5-ccaf-d580-7454d807ec1e" executionId="044b6700-6123-4d0d-ae23-ee5d044dc1e3" testListId="8c84fa94-04c1-424b-9868-57a2d4851a1d" />
    <TestEntry testId="d7113cd0-9d09-92b7-da7c-4bb38fcd80fa" executionId="c84c6c08-2c3f-4dfa-8586-9a30e58b1975" testListId="8c84fa94-04c1-424b-9868-57a2d4851a1d" />
    <TestEntry testId="4bf0f413-f9ef-c999-4803-90670b733630" executionId="00f80014-4db4-4b36-bec1-f6c656b87bee" testListId="8c84fa94-04c1-424b-9868-57a2d4851a1d" />
    <TestEntry testId="d3667b30-e61c-9dbb-f1a9-264e82d98be5" executionId="16d6ae1b-cdc4-4cf3-84e9-9bf939e66b28" testListId="8c84fa94-04c1-424b-9868-57a2d4851a1d" />
    <TestEntry testId="5be67f2a-15dc-2afb-87d4-6fb56af3309e" executionId="717ebec2-fef0-4100-872f-c874e419234f" testListId="8c84fa94-04c1-424b-9868-57a2d4851a1d" />
    <TestEntry testId="b59b01dd-125a-5c10-1264-3a87adcb7c38" executionId="6e949fc8-9f46-4c06-bc02-ff389c5751f0" testListId="8c84fa94-04c1-424b-9868-57a2d4851a1d" />
    <TestEntry testId="f78feac2-4f99-e8a9-7ee3-7d94b24ea471" executionId="4f282dbc-4ace-45ab-b8bf-afc363be4066" testListId="8c84fa94-04c1-424b-9868-57a2d4851a1d" />
    <TestEntry testId="a479c80b-2fac-1e97-0804-34800f2ff63b" executionId="5c19140d-abf2-4c85-9ab1-5f82b0fd3ee1" testListId="8c84fa94-04c1-424b-9868-57a2d4851a1d" />
    <TestEntry testId="cc5867c1-3959-a3e7-d05d-9d901dd30f40" executionId="ec626997-732f-4aa1-9bed-1af6b6a097e6" testListId="8c84fa94-04c1-424b-9868-57a2d4851a1d" />
    <TestEntry testId="e28390c1-a8c4-3164-efb3-40e889682e52" executionId="5a82bfcd-157a-4304-bcab-8137563e236d" testListId="8c84fa94-04c1-424b-9868-57a2d4851a1d" />
    <TestEntry testId="ad9599a7-8a8a-1754-e39e-f6d8510e730b" executionId="18a3d8f3-8652-4fbc-9e64-e9ce7fede8a4" testListId="8c84fa94-04c1-424b-9868-57a2d4851a1d" />
    <TestEntry testId="33811680-09f9-e531-f020-f06f0bd4e10d" executionId="18a2c4d1-febc-4a05-9742-b7efb8415c7b" testListId="8c84fa94-04c1-424b-9868-57a2d4851a1d" />
    <TestEntry testId="8cc5b57c-083c-3f3a-832a-0ea05928fc17" executionId="ac2842d0-f108-4df4-9950-5f8e7d501083" testListId="8c84fa94-04c1-424b-9868-57a2d4851a1d" />
    <TestEntry testId="7be74c7c-15d5-4d25-d1df-86e5d5a625b7" executionId="21991d9f-674a-4711-91b3-883759b59acc" testListId="8c84fa94-04c1-424b-9868-57a2d4851a1d" />
    <TestEntry testId="a3844f97-b72a-2fb2-6c61-6f430a6058b8" executionId="5c23da48-a554-42f2-86c4-a3d91a222313" testListId="8c84fa94-04c1-424b-9868-57a2d4851a1d" />
    <TestEntry testId="d3221bd3-12e9-52c3-4c80-e3c9d166ae47" executionId="b62d2c98-8f46-43f3-a438-2a8b91ffc685" testListId="8c84fa94-04c1-424b-9868-57a2d4851a1d" />
    <TestEntry testId="05a9b880-6e83-9959-2d02-9b7d97277dfa" executionId="147086fc-f8c4-4d6f-b10f-66fdfcfb7854" testListId="8c84fa94-04c1-424b-9868-57a2d4851a1d" />
    <TestEntry testId="5a027d11-b396-742a-ead3-65fd697de61d" executionId="d1849564-628e-4b2a-9266-de836541458d" testListId="8c84fa94-04c1-424b-9868-57a2d4851a1d" />
    <TestEntry testId="c7c0b8c0-af82-c2af-9366-cca72ceef0f8" executionId="823e78c6-6743-4081-bf16-8deb68fcbdb6" testListId="8c84fa94-04c1-424b-9868-57a2d4851a1d" />
    <TestEntry testId="6248e67f-03fa-b522-e842-7dfbd2fa65df" executionId="cc81b8f2-416b-4a0e-87e9-999b1e8e4cf1" testListId="8c84fa94-04c1-424b-9868-57a2d4851a1d" />
    <TestEntry testId="a69c7595-f0db-0ba4-1afc-11aca5272a96" executionId="35848e05-1d8a-4b84-bcd6-39f3b4c1ae25" testListId="8c84fa94-04c1-424b-9868-57a2d4851a1d" />
    <TestEntry testId="66126afc-69ba-08e2-3b9f-64ff9f45fc60" executionId="55990d02-202b-4d85-ac59-84a7a52fe585" testListId="8c84fa94-04c1-424b-9868-57a2d4851a1d" />
    <TestEntry testId="0e35d8c6-f00e-a9ce-bf8e-f278617977a1" executionId="283d2942-a8b9-46e5-8da2-5af6db49d34a" testListId="8c84fa94-04c1-424b-9868-57a2d4851a1d" />
    <TestEntry testId="3972c6a7-1365-8e74-c83d-f2ced3761cc5" executionId="0f85d707-b8c9-448e-9af5-4dafe54ad825" testListId="8c84fa94-04c1-424b-9868-57a2d4851a1d" />
    <TestEntry testId="176f4350-0b3b-4432-fa24-18f29e2c3458" executionId="e345c748-f8e1-498b-8313-8953aa9700da" testListId="8c84fa94-04c1-424b-9868-57a2d4851a1d" />
    <TestEntry testId="4eeb46d7-0fd7-2ce7-9820-7550d17b2498" executionId="422363fa-bba7-4f28-b0f4-809757e84b93" testListId="8c84fa94-04c1-424b-9868-57a2d4851a1d" />
    <TestEntry testId="f6bac370-e1b2-a2d3-04a7-3cad393e0988" executionId="75038d73-306b-41ba-b221-b5fe6899abc4" testListId="8c84fa94-04c1-424b-9868-57a2d4851a1d" />
    <TestEntry testId="b9f84f47-79ca-0306-391d-c23274e874c8" executionId="c79e5230-4319-4724-8b2a-595cd8a85fb0" testListId="8c84fa94-04c1-424b-9868-57a2d4851a1d" />
    <TestEntry testId="2ad70f05-a281-0b8f-6682-75bcc3076f19" executionId="8b6a5d5d-2c83-4a16-a9f7-d65c4b1e5f27" testListId="8c84fa94-04c1-424b-9868-57a2d4851a1d" />
    <TestEntry testId="5048c570-de27-b3d3-28a2-690633623350" executionId="d06f759a-c8a0-4ae3-8b81-39c9f7ad9455" testListId="8c84fa94-04c1-424b-9868-57a2d4851a1d" />
    <TestEntry testId="096e7216-9196-b38d-e84a-d9b01f2eb4c5" executionId="ea63f008-7f15-4b16-abc5-f97da9bcc8d1" testListId="8c84fa94-04c1-424b-9868-57a2d4851a1d" />
    <TestEntry testId="4ae6b7cd-9dd5-3ec7-39db-6ff6393cadf3" executionId="e20315c2-de1b-4cf2-ba64-661479dcb900" testListId="8c84fa94-04c1-424b-9868-57a2d4851a1d" />
    <TestEntry testId="fc968ae4-d425-64ad-d830-219a8a189235" executionId="43ccea7a-d091-4999-9049-aae3893b7c50" testListId="8c84fa94-04c1-424b-9868-57a2d4851a1d" />
    <TestEntry testId="5279ca9d-27ca-d833-5750-af1b70834e63" executionId="d7ed4f2b-4a7f-4f2c-9744-12194798b2c0" testListId="8c84fa94-04c1-424b-9868-57a2d4851a1d" />
    <TestEntry testId="aa1736a0-c9fc-f2ce-4753-abcb10bb4b53" executionId="8c16a21b-2ca8-434b-a1c7-3271e02bac57" testListId="8c84fa94-04c1-424b-9868-57a2d4851a1d" />
    <TestEntry testId="b909c08c-eb87-b106-dd22-e1f2f16755b3" executionId="6ce88b6d-3f61-4529-81fc-34e287302698" testListId="8c84fa94-04c1-424b-9868-57a2d4851a1d" />
    <TestEntry testId="8302c17e-3ba6-2327-c5ad-8f91fdf4cf8c" executionId="09b8da3f-1bad-402f-914d-0e7eb53f761b" testListId="8c84fa94-04c1-424b-9868-57a2d4851a1d" />
    <TestEntry testId="a78cbf3b-f752-709b-b7ce-b6cdfcd7841f" executionId="4695e4e5-22a0-4a66-b168-5ccebb6aa652" testListId="8c84fa94-04c1-424b-9868-57a2d4851a1d" />
    <TestEntry testId="5fd22787-51f8-3e76-47d6-968dc7621c8f" executionId="bdd1e7b5-a2f7-49c2-b45e-51d9abff4658" testListId="8c84fa94-04c1-424b-9868-57a2d4851a1d" />
    <TestEntry testId="a5fc11be-830a-b331-0258-88a3d7a01f69" executionId="5fbbcf69-9c3f-47fe-b210-982032c84ddb" testListId="8c84fa94-04c1-424b-9868-57a2d4851a1d" />
    <TestEntry testId="b64abef8-48df-9c3e-78ff-361585d1867e" executionId="5bb6b537-4251-4b81-838e-95f8a42049db" testListId="8c84fa94-04c1-424b-9868-57a2d4851a1d" />
    <TestEntry testId="f2b4c5e1-9602-b565-3f4b-0274fe8a1908" executionId="bd190f60-7adb-49f2-a8be-4b57b4e64af6" testListId="8c84fa94-04c1-424b-9868-57a2d4851a1d" />
    <TestEntry testId="79d819f4-0ce5-96bd-2613-403442eb4d74" executionId="5bc54056-447e-402c-8f87-c7c25150a558" testListId="8c84fa94-04c1-424b-9868-57a2d4851a1d" />
    <TestEntry testId="aea57a92-faf1-67a4-5a43-3a7b423d7927" executionId="28e28414-fa3f-4842-b1e0-eba27015c35f" testListId="8c84fa94-04c1-424b-9868-57a2d4851a1d" />
    <TestEntry testId="ebfd06e0-faa7-9cbe-fa00-6405596f250f" executionId="00b69e9d-1107-4113-b8fd-e8d412449dcb" testListId="8c84fa94-04c1-424b-9868-57a2d4851a1d" />
    <TestEntry testId="f11c94aa-a17f-70b0-337d-4e87988eaaa9" executionId="55a132c8-909b-40e8-8d94-3b8ea1820989" testListId="8c84fa94-04c1-424b-9868-57a2d4851a1d" />
    <TestEntry testId="eae1f61b-b06a-0f91-1dd4-e916caad0d14" executionId="55ae9b53-be08-4bec-bb1e-f56b4bf1b586" testListId="8c84fa94-04c1-424b-9868-57a2d4851a1d" />
    <TestEntry testId="94f16998-db16-c9fb-bd7f-eaea1e16045e" executionId="164dbaf7-bd94-40fd-977d-cf8184b6489a" testListId="8c84fa94-04c1-424b-9868-57a2d4851a1d" />
    <TestEntry testId="af3d8df7-f17a-d1c0-d18e-19b304f044e1" executionId="d16dee8e-30d2-484c-b6f3-e9ecbba9a200" testListId="8c84fa94-04c1-424b-9868-57a2d4851a1d" />
    <TestEntry testId="27b96ec3-5681-5842-c623-6a591e60fa20" executionId="fd34bf6c-c8f2-47e5-ac33-6318c8823417" testListId="8c84fa94-04c1-424b-9868-57a2d4851a1d" />
    <TestEntry testId="fe87c87e-477f-2fc4-df79-eea7b52d186b" executionId="5f74ff56-d747-4b99-bb7f-39b748c7c1b9" testListId="8c84fa94-04c1-424b-9868-57a2d4851a1d" />
    <TestEntry testId="b63cac77-e37b-80e5-702f-d228747e42f7" executionId="035f4189-b1c3-40b7-a4a4-a57f8366ad46" testListId="8c84fa94-04c1-424b-9868-57a2d4851a1d" />
    <TestEntry testId="75454745-d8ee-9a85-64f5-1a730d7c60c8" executionId="94df6ef6-741c-44e4-839e-78dea2105ee4" testListId="8c84fa94-04c1-424b-9868-57a2d4851a1d" />
    <TestEntry testId="43808ac4-1e31-8564-6757-f02eaaca4929" executionId="f8903940-0421-4517-a2d3-96809b7f7907" testListId="8c84fa94-04c1-424b-9868-57a2d4851a1d" />
    <TestEntry testId="4a38c3cf-0cae-05a0-9e46-68686a986425" executionId="3dc3f245-3588-44ad-a094-d6c5c497a21c" testListId="8c84fa94-04c1-424b-9868-57a2d4851a1d" />
    <TestEntry testId="8041f467-4985-86e2-e530-ff004545ed9e" executionId="c83f9439-4c00-4e7e-9fe1-85e08a5d9831" testListId="8c84fa94-04c1-424b-9868-57a2d4851a1d" />
    <TestEntry testId="d26b6b6c-0539-f6d5-0b6e-1d021e9cd63c" executionId="0cf18dde-f41c-4f38-8585-b5119d3b0169" testListId="8c84fa94-04c1-424b-9868-57a2d4851a1d" />
    <TestEntry testId="233fc265-70af-fd55-4eb2-8e50073ad7f8" executionId="dffc8463-0c3a-41e2-807a-14a54a9226c3" testListId="8c84fa94-04c1-424b-9868-57a2d4851a1d" />
    <TestEntry testId="5affd6a5-020f-febd-97ee-87fff4d513ff" executionId="1a0444e2-3ac8-4d64-b947-4cb3b2f65b06" testListId="8c84fa94-04c1-424b-9868-57a2d4851a1d" />
    <TestEntry testId="74c01674-5cd8-fcd3-f2dd-13452334a752" executionId="318a1390-a0fe-47df-8f49-6fc7f0950f40" testListId="8c84fa94-04c1-424b-9868-57a2d4851a1d" />
    <TestEntry testId="c436eaa1-ee14-28b4-e568-d1bcd81758ca" executionId="f3ed4ec6-f458-4a0a-9d2a-88ee19400cb9" testListId="8c84fa94-04c1-424b-9868-57a2d4851a1d" />
    <TestEntry testId="0e0fac8d-b2fe-0646-de77-c7bb31221ebd" executionId="0cd5d127-eff3-467b-9817-d32b8e1ea6c8" testListId="8c84fa94-04c1-424b-9868-57a2d4851a1d" />
    <TestEntry testId="75fe5d93-cc99-b98f-be96-6e7e811605d8" executionId="3950cdda-1206-4691-a608-ab5f1e50ee3f" testListId="8c84fa94-04c1-424b-9868-57a2d4851a1d" />
    <TestEntry testId="70edf42e-61af-db20-c5ba-b6396a6eca62" executionId="ded5e927-c1af-485f-b20e-bda088976ff4" testListId="8c84fa94-04c1-424b-9868-57a2d4851a1d" />
    <TestEntry testId="d231d236-8b99-8ce7-c48d-92f39c5c2904" executionId="c4ecf815-eea2-4fcb-bc59-b8b440ae758f" testListId="8c84fa94-04c1-424b-9868-57a2d4851a1d" />
    <TestEntry testId="59bb5814-5d01-6d07-4fe2-b044a2101887" executionId="91334477-9e3f-48e5-b15d-63305ceb5ffd" testListId="8c84fa94-04c1-424b-9868-57a2d4851a1d" />
    <TestEntry testId="ba13b0bd-c428-c41e-c91d-be83d7a60582" executionId="31b35575-fd28-41da-976d-c2e96d3dfc01" testListId="8c84fa94-04c1-424b-9868-57a2d4851a1d" />
    <TestEntry testId="443ca7db-0f3b-fcae-6a2e-98e583e48cd9" executionId="a2135dad-f27c-47b3-8738-0a31146f4c0e" testListId="8c84fa94-04c1-424b-9868-57a2d4851a1d" />
    <TestEntry testId="e4352bb5-404b-635a-e45b-b71369fd281e" executionId="71123eaa-a081-45e6-b558-c9b07b0ad1c0" testListId="8c84fa94-04c1-424b-9868-57a2d4851a1d" />
    <TestEntry testId="0d50ac65-fe21-25e2-755d-cf669c4b11b7" executionId="d9c9feed-6635-419d-b721-a1273612d96e" testListId="8c84fa94-04c1-424b-9868-57a2d4851a1d" />
    <TestEntry testId="3dd1d7af-d98a-cc8e-c202-2578f95922fc" executionId="b04e268a-21f6-4bd6-a8af-9d032f91093e" testListId="8c84fa94-04c1-424b-9868-57a2d4851a1d" />
    <TestEntry testId="597475cf-af86-f68b-64ca-996ee4fce335" executionId="a2f1601d-c7d3-45a2-b302-7869573038ac" testListId="8c84fa94-04c1-424b-9868-57a2d4851a1d" />
    <TestEntry testId="fa1415b0-01fe-4c29-f648-98ef295dec1f" executionId="801b8bb7-fab9-4fde-ba2d-560fea233b80" testListId="8c84fa94-04c1-424b-9868-57a2d4851a1d" />
    <TestEntry testId="de1c2b64-dcd4-eabe-6a9b-0e14bb2434e3" executionId="d461d51a-c5e7-4218-83e0-531fc40c6e94" testListId="8c84fa94-04c1-424b-9868-57a2d4851a1d" />
    <TestEntry testId="2d241e2f-55e8-e31f-9820-142e3d5becdf" executionId="df94dd0a-8c78-4c61-b58b-52348c0e4dfe" testListId="8c84fa94-04c1-424b-9868-57a2d4851a1d" />
    <TestEntry testId="44434c12-1418-e87f-c461-58aef56a1acf" executionId="23de1328-d08d-43d0-bc92-aaa583e170a2" testListId="8c84fa94-04c1-424b-9868-57a2d4851a1d" />
    <TestEntry testId="d93604ef-7ed3-0fce-8526-ca6ec4546d8a" executionId="ac914187-5df2-41e5-bc66-f8fc3902d34b" testListId="8c84fa94-04c1-424b-9868-57a2d4851a1d" />
    <TestEntry testId="cfded076-dfc3-9576-e5d3-4a9fd4d54a97" executionId="098435df-189e-45bb-81f9-3f4df3b6609d" testListId="8c84fa94-04c1-424b-9868-57a2d4851a1d" />
    <TestEntry testId="a5dec80b-87ef-2067-7969-8d0cded994a9" executionId="1e18874f-8d8e-488f-9f53-d900ffe94a22" testListId="8c84fa94-04c1-424b-9868-57a2d4851a1d" />
    <TestEntry testId="6a3215c0-a3d0-3567-141f-99b4d6b44c7b" executionId="a7ceafd6-ba4c-40d4-a816-8025ed682ca1" testListId="8c84fa94-04c1-424b-9868-57a2d4851a1d" />
    <TestEntry testId="0ae7fb38-1179-d103-cf50-23ea40b835de" executionId="5a6d7a3b-7f84-4d4a-9f03-01aa917d53ce" testListId="8c84fa94-04c1-424b-9868-57a2d4851a1d" />
    <TestEntry testId="71da8626-9685-042d-5f97-2191d17c7e4f" executionId="ff550fa3-c2dc-4cdc-afbd-38760fdc9a7d" testListId="8c84fa94-04c1-424b-9868-57a2d4851a1d" />
    <TestEntry testId="3c2e7403-ec73-4e6b-a215-dbda78d61173" executionId="af7bb32a-b4d4-4e19-b9d8-1bc8c44f354f" testListId="8c84fa94-04c1-424b-9868-57a2d4851a1d" />
    <TestEntry testId="d45f7960-8c15-bec8-0e6d-a081de52a211" executionId="c459ff11-cbd2-4f13-acc7-a21ebc919576" testListId="8c84fa94-04c1-424b-9868-57a2d4851a1d" />
    <TestEntry testId="7626eb80-c5b1-5215-755a-1b8895fae863" executionId="2d9acacc-8b6f-4c0b-a483-520f6a928483" testListId="8c84fa94-04c1-424b-9868-57a2d4851a1d" />
    <TestEntry testId="09722d0d-50eb-c66c-46d9-dfe1db4400ef" executionId="2587c299-9cc7-42b8-a9e3-2c349a6aa7c5" testListId="8c84fa94-04c1-424b-9868-57a2d4851a1d" />
    <TestEntry testId="bb0e34b2-8f1e-f1b3-c8b8-34849b6a2f1a" executionId="32d86cef-19e2-476b-b9ad-7234b9217ef4" testListId="8c84fa94-04c1-424b-9868-57a2d4851a1d" />
    <TestEntry testId="53029e90-dd26-a812-129d-02ec74005492" executionId="c7036e2f-826a-4ff2-bae0-c62decd85b41" testListId="8c84fa94-04c1-424b-9868-57a2d4851a1d" />
    <TestEntry testId="b7c48b0c-de00-9836-92e0-dac42d1bcc61" executionId="4e7d1af6-4848-4260-a23c-29d048470134" testListId="8c84fa94-04c1-424b-9868-57a2d4851a1d" />
    <TestEntry testId="94245856-9b78-14bb-2905-2035e994d0d9" executionId="2b8043c8-4834-4251-997c-17ec96a87d58" testListId="8c84fa94-04c1-424b-9868-57a2d4851a1d" />
    <TestEntry testId="f95774c2-c6e8-8303-22f0-76ce5690e20c" executionId="92a7985a-f425-48f5-bd95-71681fbb9b6b" testListId="8c84fa94-04c1-424b-9868-57a2d4851a1d" />
    <TestEntry testId="a88db4a6-85db-1794-57ad-207378bd09fc" executionId="73b063ff-8d84-494e-b3a2-b43b982f49de" testListId="8c84fa94-04c1-424b-9868-57a2d4851a1d" />
    <TestEntry testId="99f591e7-92cc-d964-68b8-f9ee7c1e1567" executionId="1b887637-9255-42b7-801b-057d6e6219c6" testListId="8c84fa94-04c1-424b-9868-57a2d4851a1d" />
    <TestEntry testId="7e1ddf95-9ce7-0ebb-c0f6-6188bd74a6ad" executionId="3e890b3a-30ab-445e-afcf-e7ef1bed4a31" testListId="8c84fa94-04c1-424b-9868-57a2d4851a1d" />
    <TestEntry testId="86fd91be-db2c-5b9a-ddce-dbbd44a65707" executionId="bbdead4c-6f94-4a49-9432-d4fc1e2752bd" testListId="8c84fa94-04c1-424b-9868-57a2d4851a1d" />
    <TestEntry testId="269dcfc6-6017-0dd2-3e73-6a351617c33f" executionId="af962e25-b4ac-48f3-a72c-18169770766f" testListId="8c84fa94-04c1-424b-9868-57a2d4851a1d" />
    <TestEntry testId="92312cf3-17da-4b8f-f34f-d78b352ab434" executionId="dcea3ab0-b120-4ac0-937d-e43194f471a6" testListId="8c84fa94-04c1-424b-9868-57a2d4851a1d" />
    <TestEntry testId="469546fd-9999-6f48-8f07-6eaa77c54e42" executionId="da2dcc7a-f107-4948-b61f-f1a2f15f8006" testListId="8c84fa94-04c1-424b-9868-57a2d4851a1d" />
    <TestEntry testId="b364b6e1-95a1-b398-9d67-82ff351b0e55" executionId="cc9f3dd7-45dd-4814-ba7c-e84b9627071e" testListId="8c84fa94-04c1-424b-9868-57a2d4851a1d" />
    <TestEntry testId="bb0673b5-0302-138b-4a20-28e82cf38ea7" executionId="96c109e9-3210-4f47-aa12-7647cf665bbb" testListId="8c84fa94-04c1-424b-9868-57a2d4851a1d" />
    <TestEntry testId="50be68ce-9309-5804-7670-7e8e044ad78b" executionId="089551c2-ebea-4316-b428-5c975bfe38a9" testListId="8c84fa94-04c1-424b-9868-57a2d4851a1d" />
  </TestEntries>
  <TestLists>
    <TestList name="Resultados sin formato de lista" id="8c84fa94-04c1-424b-9868-57a2d4851a1d" />
    <TestList name="Todos los resultados cargados" id="19431567-8539-422a-85d7-44ee4e166bda" />
  </TestLists>
  <ResultSummary outcome="Completed">
    <Counters total="371" executed="371" passed="371" failed="0" error="0" timeout="0" aborted="0" inconclusive="0" passedButRunAborted="0" notRunnable="0" notExecuted="0" disconnected="0" warning="0" completed="0" inProgress="0" pending="0" />
  </ResultSummary>
</TestRun>